<!DOCTYPE html PUBLIC "-//W3C//DTD XHTML 1.1//EN" "https://www.w3.org/TR/xhtml11/DTD/xhtml11.dtd">
<html xmlns="https://www.w3.org/1999/xhtml">
<head>
<meta http-equiv="content-type" content="text/html; charset=UTF-8"/>
<title>TestNG Report</title>
<style type="text/css">table {margin-bottom:10px;border-collapse:collapse;empty-cells:show}th,td {border:1px solid #009;padding:.25em .5em}th {vertical-align:bottom}td {vertical-align:top}table a {font-weight:bold}.stripe td {background-color: #E6EBF9}.num {text-align:right}.passedodd td {background-color: #3F3}.passedeven td {background-color: #0A0}.skippedodd td {background-color: #DDD}.skippedeven td {background-color: #CCC}.failedodd td,.attn {background-color: #F33}.failedeven td,.stripe .attn {background-color: #D00}.stacktrace {white-space:pre;font-family:monospace}.totop {font-size:85%;text-align:center;border-bottom:2px solid #000}.invisible {display:none}</style>
</head>
<body>
<table>
<tr><th>Test</th><th># Passed</th><th># Skipped</th><th># Retried</th><th># Failed</th><th>Time (ms)</th><th>Included Groups</th><th>Excluded Groups</th></tr>
<tr><th colspan="8">FROST UI Automation Suite</th></tr>
<tr><td><a href="#t0">UI Test Cases</a></td><td class="num">37</td><td class="num attn">3</td><td class="num attn">21</td><td class="num attn">18</td><td class="num">9,705,809</td><td></td><td></td></tr>
</table>
<table id='summary'><thead><tr><th>Class</th><th>Method</th><th>Start</th><th>Time (ms)</th></tr></thead><tbody><tr><th colspan="4">FROST UI Automation Suite</th></tr></tbody><tbody id="t0"><tr><th colspan="4">UI Test Cases &#8212; failed (configuration methods)</th></tr><tr class="failedeven"><td rowspan="1">com.qa.testcases.AdministrationPageTest</td><td><a href="#m0">navigateToAdminPage</a></td><td rowspan="1">1754410901797</td><td rowspan="1">81513</td></tr><tr class="failedodd"><td rowspan="1">com.qa.testcases.CourseEditorPageTest</td><td><a href="#m1">navigateToCourseEditorPage</a></td><td rowspan="1">1754410986556</td><td rowspan="1">81847</td></tr><tr class="failedeven"><td rowspan="1">com.qa.testcases.GlossaryPageTest</td><td><a href="#m2">navigateToGlossaryPage</a></td><td rowspan="1">1754407237516</td><td rowspan="1">24592</td></tr><tr><th colspan="4">UI Test Cases &#8212; failed</th></tr><tr class="failedeven"><td rowspan="1">com.qa.testcases.AssessmentQuestionDetailsPageTest</td><td><a href="#m3">verifyUUIDandVTWID</a></td><td rowspan="1">1754408430894</td><td rowspan="1">103227</td></tr><tr class="failedodd"><td rowspan="2">com.qa.testcases.BuildingBlocksPageTest</td><td><a href="#m4">createGlobalEDUPUBpattern</a></td><td rowspan="1">1754405746927</td><td rowspan="1">44141</td></tr><tr class="failedodd"><td><a href="#m5">createGlobalTemplate</a></td><td rowspan="1">1754410875893</td><td rowspan="1">22551</td></tr><tr class="failedeven"><td rowspan="3">com.qa.testcases.CourseEditorPageTest</td><td><a href="#m6">addEditDeleteExpositoryImage</a></td><td rowspan="1">1754411314887</td><td rowspan="1">214200</td></tr><tr class="failedeven"><td><a href="#m7">addEditPreviewHotSpot</a></td><td rowspan="1">1754411720372</td><td rowspan="1">105139</td></tr><tr class="failedeven"><td><a href="#m8">verifyContentScreenVersioning</a></td><td rowspan="1">1754412006023</td><td rowspan="1">152346</td></tr><tr class="failedodd"><td rowspan="4">com.qa.testcases.EditTOCPageTest</td><td><a href="#m9">createAndUpdateNodes</a></td><td rowspan="1">1754402787218</td><td rowspan="1">390809</td></tr><tr class="failedodd"><td><a href="#m10">uploadAssetandCreateResourceNode</a></td><td rowspan="1">1754403364226</td><td rowspan="1">220862</td></tr><tr class="failedodd"><td><a href="#m11">verifyAlertsForAssessments</a></td><td rowspan="1">1754405314990</td><td rowspan="1">254939</td></tr><tr class="failedodd"><td><a href="#m12">verifyAlertsForContentScreens</a></td><td rowspan="1">1754404542343</td><td rowspan="1">431310</td></tr><tr class="failedeven"><td rowspan="1">com.qa.testcases.ExportPageTest</td><td><a href="#m13">verifyExportListing</a></td><td rowspan="1">1754410731467</td><td rowspan="1">71409</td></tr><tr class="failedodd"><td rowspan="1">com.qa.testcases.GlossaryPageTest</td><td><a href="#m14">glossaryManagement</a></td><td rowspan="1">1754406961579</td><td rowspan="1">153360</td></tr><tr class="failedeven"><td rowspan="3">com.qa.testcases.MetaDataPageTest</td><td><a href="#m15">createLinkDeleteKeyValuePair</a></td><td rowspan="1">1754406104493</td><td rowspan="1">59433</td></tr><tr class="failedeven"><td><a href="#m16">createLinkDeleteTag</a></td><td rowspan="1">1754406024050</td><td rowspan="1">58631</td></tr><tr class="failedeven"><td><a href="#m17">createLinkDeleteTaxonomy</a></td><td rowspan="1">1754405912437</td><td rowspan="1">8038</td></tr><tr class="failedodd"><td rowspan="3">com.qa.testcases.ProjectUsageDashboardPageTest</td><td><a href="#m18">commentFilterAndListing</a></td><td rowspan="1">1754410415387</td><td rowspan="1">144820</td></tr><tr class="failedodd"><td><a href="#m19">taskFilterAndListing</a></td><td rowspan="1">1754409976712</td><td rowspan="1">149492</td></tr><tr class="failedodd"><td><a href="#m20">verifyUsersWidgetListing</a></td><td rowspan="1">1754409133971</td><td rowspan="1">207870</td></tr><tr><th colspan="4">UI Test Cases &#8212; skipped</th></tr><tr class="skippedeven"><td rowspan="1">com.qa.testcases.AdministrationPageTest</td><td><a href="#m21">assignModuleToUser</a></td><td rowspan="1">1754410983310</td><td rowspan="1">0</td></tr><tr class="skippedodd"><td rowspan="1">com.qa.testcases.CourseEditorPageTest</td><td><a href="#m22">updateNodeTitle</a></td><td rowspan="1">1754411068403</td><td rowspan="1">0</td></tr><tr class="skippedeven"><td rowspan="1">com.qa.testcases.GlossaryPageTest</td><td><a href="#m23">createViewDeleteLinkedTerm</a></td><td rowspan="1">1754407262109</td><td rowspan="1">0</td></tr><tr><th colspan="4">UI Test Cases &#8212; retried</th></tr><tr class="retriedeven"><td rowspan="1">com.qa.testcases.AssessmentQuestionDetailsPageTest</td><td><a href="#m24">verifyUUIDandVTWID</a></td><td rowspan="1">1754408255905</td><td rowspan="1">161543</td></tr><tr class="retriedodd"><td rowspan="2">com.qa.testcases.BuildingBlocksPageTest</td><td><a href="#m25">createGlobalEDUPUBpattern</a></td><td rowspan="1">1754405690798</td><td rowspan="1">43532</td></tr><tr class="retriedodd"><td><a href="#m26">createGlobalTemplate</a></td><td rowspan="1">1754410841356</td><td rowspan="1">22559</td></tr><tr class="retriedeven"><td rowspan="3">com.qa.testcases.CourseEditorPageTest</td><td><a href="#m27">addEditDeleteExpositoryImage</a></td><td rowspan="1">1754411083966</td><td rowspan="1">213596</td></tr><tr class="retriedeven"><td><a href="#m28">addEditPreviewHotSpot</a></td><td rowspan="1">1754411546073</td><td rowspan="1">158340</td></tr><tr class="retriedeven"><td><a href="#m29">verifyContentScreenVersioning</a></td><td rowspan="1">1754411839992</td><td rowspan="1">150581</td></tr><tr class="retriedodd"><td rowspan="4">com.qa.testcases.EditTOCPageTest</td><td><a href="#m30">createAndUpdateNodes</a></td><td rowspan="1">1754402502617</td><td rowspan="1">271626</td></tr><tr class="retriedodd"><td><a href="#m31">uploadAssetandCreateResourceNode</a></td><td rowspan="1">1754403191060</td><td rowspan="1">159969</td></tr><tr class="retriedodd"><td><a href="#m32">verifyAlertsForAssessments</a></td><td rowspan="1">1754404989690</td><td rowspan="1">312329</td></tr><tr class="retriedodd"><td><a href="#m33">verifyAlertsForContentScreens</a></td><td rowspan="1">1754404099690</td><td rowspan="1">430344</td></tr><tr class="retriedeven"><td rowspan="1">com.qa.testcases.ExportPageTest</td><td><a href="#m34">verifyExportListing</a></td><td rowspan="1">1754410611929</td><td rowspan="1">71382</td></tr><tr class="retriedodd"><td rowspan="1">com.qa.testcases.GlossaryPageTest</td><td><a href="#m35">glossaryManagement</a></td><td rowspan="1">1754406789624</td><td rowspan="1">153631</td></tr><tr class="retriedeven"><td rowspan="3">com.qa.testcases.MetaDataPageTest</td><td><a href="#m36">createLinkDeleteKeyValuePair</a></td><td rowspan="1">1754406091140</td><td rowspan="1">5051</td></tr><tr class="retriedeven"><td><a href="#m37">createLinkDeleteTag</a></td><td rowspan="1">1754405928723</td><td rowspan="1">86074</td></tr><tr class="retriedeven"><td><a href="#m38">createLinkDeleteTaxonomy</a></td><td rowspan="1">1754405848286</td><td rowspan="1">55996</td></tr><tr class="retriedodd"><td rowspan="6">com.qa.testcases.ProjectUsageDashboardPageTest</td><td><a href="#m39">commentFilterAndListing</a></td><td rowspan="1">1754410137241</td><td rowspan="1">265995</td></tr><tr class="retriedodd"><td><a href="#m40">taskFilterAndListing</a></td><td rowspan="1">1754409831569</td><td rowspan="1">133569</td></tr><tr class="retriedodd"><td><a href="#m41">verifyAssessmentWidgetListingAndMappedAssessmentCount</a></td><td rowspan="1">1754408548967</td><td rowspan="1">80579</td></tr><tr class="retriedodd"><td><a href="#m42">verifyAssetsListing</a></td><td rowspan="1">1754409354583</td><td rowspan="1">192338</td></tr><tr class="retriedodd"><td><a href="#m43">verifyTocNodeCounts</a></td><td rowspan="1">1754408769300</td><td rowspan="1">96401</td></tr><tr class="retriedodd"><td><a href="#m44">verifyUsersWidgetListing</a></td><td rowspan="1">1754408990210</td><td rowspan="1">131609</td></tr><tr><th colspan="4">UI Test Cases &#8212; passed</th></tr><tr class="passedeven"><td rowspan="3">com.qa.testcases.AdministrationPageTest</td><td><a href="#m45">organizationManagementTest</a></td><td rowspan="1">1754407277391</td><td rowspan="1">291815</td></tr><tr class="passedeven"><td><a href="#m46">userCreationEmailNotificationTest</a></td><td rowspan="1">1754408042711</td><td rowspan="1">107699</td></tr><tr class="passedeven"><td><a href="#m47">userManagementTest</a></td><td rowspan="1">1754407578490</td><td rowspan="1">445503</td></tr><tr class="passedodd"><td rowspan="1">com.qa.testcases.AssessmentQuestionDetailsPageTest</td><td><a href="#m48">verifyAssessmentQuestionDetailsPageTasksAndComments</a></td><td rowspan="1">1754408166082</td><td rowspan="1">76479</td></tr><tr class="passedeven"><td rowspan="2">com.qa.testcases.BuildingBlocksPageTest</td><td><a href="#m49">createGlobalOnlineCoursePattern</a></td><td rowspan="1">1754405803423</td><td rowspan="1">22066</td></tr><tr class="passedeven"><td><a href="#m50">searchWidget</a></td><td rowspan="1">1754405837640</td><td rowspan="1">2813</td></tr><tr class="passedodd"><td rowspan="6">com.qa.testcases.CreateProjectPageTest</td><td><a href="#m51">createAdaptiveLearningProject</a></td><td rowspan="1">1754405626594</td><td rowspan="1">8224</td></tr><tr class="passedodd"><td><a href="#m52">createBookOrganizedProject</a></td><td rowspan="1">1754405609699</td><td rowspan="1">8760</td></tr><tr class="passedodd"><td><a href="#m53">createEDUPUBProject</a></td><td rowspan="1">1754405578287</td><td rowspan="1">8606</td></tr><tr class="passedodd"><td><a href="#m54">createEvolveResourcesProject</a></td><td rowspan="1">1754405642774</td><td rowspan="1">8858</td></tr><tr class="passedodd"><td><a href="#m55">createObjectiveOrganizedProject</a></td><td rowspan="1">1754405594159</td><td rowspan="1">8685</td></tr><tr class="passedodd"><td><a href="#m56">editProject</a></td><td rowspan="1">1754405659047</td><td rowspan="1">19883</td></tr><tr class="passedeven"><td rowspan="9">com.qa.testcases.DashboardPageTest</td><td><a href="#m57">AdminSettingsRedirection</a></td><td rowspan="1">1754406739280</td><td rowspan="1">1818</td></tr><tr class="passedeven"><td><a href="#m58">AdministrationRedirection</a></td><td rowspan="1">1754406747338</td><td rowspan="1">11755</td></tr><tr class="passedeven"><td><a href="#m59">BuildingBlocksRedirection</a></td><td rowspan="1">1754406764945</td><td rowspan="1">5769</td></tr><tr class="passedeven"><td><a href="#m60">LORRedirection</a></td><td rowspan="1">1754406729909</td><td rowspan="1">2585</td></tr><tr class="passedeven"><td><a href="#m61">createNewProjectRedirectionTest</a></td><td rowspan="1">1754406170110</td><td rowspan="1">1229</td></tr><tr class="passedeven"><td><a href="#m62">projectTypeFilterListing</a></td><td rowspan="4">1754406580766</td><td rowspan="4">143139</td></tr><tr class="passedeven"><td><a href="#m63">projectTypeFilterListing</a></td></tr><tr class="passedeven"><td><a href="#m64">projectTypeFilterListing</a></td></tr><tr class="passedeven"><td><a href="#m65">projectTypeFilterListing</a></td></tr><tr class="passedodd"><td rowspan="5">com.qa.testcases.EditTOCPageTest</td><td><a href="#m66">LORPublish</a></td><td rowspan="1">1754403598955</td><td rowspan="1">18581</td></tr><tr class="passedodd"><td><a href="#m67">contentScreenTestView</a></td><td rowspan="1">1754403657235</td><td rowspan="1">160462</td></tr><tr class="passedodd"><td><a href="#m68">importTocPackage</a></td><td rowspan="1">1754404002428</td><td rowspan="1">84602</td></tr><tr class="passedodd"><td><a href="#m69">projectExportTOCSummary</a></td><td rowspan="1">1754403629744</td><td rowspan="1">14917</td></tr><tr class="passedodd"><td><a href="#m70">projectPreview</a></td><td rowspan="1">1754403830220</td><td rowspan="1">159522</td></tr><tr class="passedeven"><td rowspan="1">com.qa.testcases.GlossaryPageTest</td><td><a href="#m71">linkTextWithGlossaryTerm</a></td><td rowspan="1">1754407133545</td><td rowspan="1">100521</td></tr><tr class="passedodd"><td rowspan="1">com.qa.testcases.LORpageTest</td><td><a href="#m72">verifyThumbnails</a></td><td rowspan="1">1754410811901</td><td rowspan="1">17054</td></tr><tr class="passedeven"><td rowspan="5">com.qa.testcases.LoginPageTest</td><td><a href="#m73">InvalidLoginErrorTest</a></td><td rowspan="1">1754402465467</td><td rowspan="1">1539</td></tr><tr class="passedeven"><td><a href="#m74">LogOutTest</a></td><td rowspan="1">1754402486062</td><td rowspan="1">3600</td></tr><tr class="passedeven"><td><a href="#m75">LoginWithoutCredentialsErrorTest</a></td><td rowspan="1">1754402470783</td><td rowspan="1">223</td></tr><tr class="passedeven"><td><a href="#m76">NeedHelpRedirectTest</a></td><td rowspan="1">1754402474379</td><td rowspan="1">738</td></tr><tr class="passedeven"><td><a href="#m77">ValidLoginTest</a></td><td rowspan="1">1754402478458</td><td rowspan="1">4273</td></tr><tr class="passedodd"><td rowspan="4">com.qa.testcases.ProjectUsageDashboardPageTest</td><td><a href="#m78">verifyAssessmentWidgetListingAndMappedAssessmentCount</a></td><td rowspan="1">1754408646692</td><td rowspan="1">103325</td></tr><tr class="passedodd"><td><a href="#m79">verifyAssetsListing</a></td><td rowspan="1">1754409559680</td><td rowspan="1">144515</td></tr><tr class="passedodd"><td><a href="#m80">verifyTocNodeCounts</a></td><td rowspan="1">1754408887334</td><td rowspan="1">90281</td></tr><tr class="passedodd"><td><a href="#m81">verifyWidgetListing</a></td><td rowspan="1">1754409717614</td><td rowspan="1">99285</td></tr></tbody>
</table>
<h2>UI Test Cases</h2><h3 id="m0">com.qa.testcases.AdministrationPageTest#navigateToAdminPage</h3><table class="result"><tr class="param"><th>Parameter #1</th></tr><tr class="param stripe"><td>public void com.qa.testcases.AdministrationPageTest.assignModuleToUser() throws java.lang.Exception</td></tr><tr><th>Exception</th></tr><tr><td><div class="stacktrace">java.lang.Exception: Element Proxy element for: DefaultElementLocator &apos;By.xpath: //button[@id=&apos;profileDropdownMenu&apos;]&apos; is not clickable because: java.lang.Exception: Not able to find element &apos; Proxy element for: DefaultElementLocator &apos;By.xpath: //button[@id=&apos;profileDropdownMenu&apos;]&apos; &apos;. Reason: org.openqa.selenium.NoSuchElementException: Unable to locate element: //button[@id=&apos;profileDropdownMenu&apos;]
For documentation on this error, please visit: https://www.selenium.dev/documentation/webdriver/troubleshooting/errors#no-such-element-exception
Build info: version: &apos;4.25.0&apos;, revision: &apos;8a8aea2337&apos;
System info: os.name: &apos;Linux&apos;, os.arch: &apos;amd64&apos;, os.version: &apos;6.11.0-1018-azure&apos;, java.version: &apos;11.0.27&apos;
Driver info: org.openqa.selenium.firefox.FirefoxDriver
Command: [7b3b1598-6012-45ef-9368-319ad0c19323, findElement {using=xpath, value=//button[@id=&apos;profileDropdownMenu&apos;]}]
Capabilities {acceptInsecureCerts: true, browserName: firefox, browserVersion: 141.0, moz:accessibilityChecks: false, moz:buildID: 20250717180000, moz:geckodriverVersion: 0.36.0, moz:headless: true, moz:platformVersion: 6.11.0-1018-azure, moz:processID: 27329, moz:profile: /tmp/rust_mozprofile9PG9bp, moz:shutdownTimeout: 60000, moz:webdriverClick: false, moz:windowless: false, pageLoadStrategy: normal, platformName: linux, proxy: Proxy(), setWindowRect: true, strictFileInteractability: false, timeouts: {implicit: 0, pageLoad: 300000, script: 30000}, unhandledPromptBehavior: dismiss and notify, userAgent: Mozilla/5.0 (X11; Linux x86...}
Session ID: 7b3b1598-6012-45ef-9368-319ad0c19323
	at com.qa.util.DriverActions.click(DriverActions.java:105)
	at com.qa.pages.common.CommonPage.clickOnGoToAdministration(CommonPage.java:118)
	at com.qa.testcases.AdministrationPageTest.navigateToAdminPage(AdministrationPageTest.java:53)
	at java.base/java.util.concurrent.ThreadPoolExecutor.runWorker(ThreadPoolExecutor.java:1128)
	at java.base/java.util.concurrent.ThreadPoolExecutor$Worker.run(ThreadPoolExecutor.java:628)
	at java.base/java.lang.Thread.run(Thread.java:829)
... Removed 16 stack frames</div></td></tr></table><p class="totop"><a href="#summary">back to summary</a></p>
<h3 id="m1">com.qa.testcases.CourseEditorPageTest#navigateToCourseEditorPage</h3><table class="result"><tr class="param"><th>Parameter #1</th></tr><tr class="param stripe"><td>public void com.qa.testcases.CourseEditorPageTest.updateNodeTitle() throws java.lang.Exception</td></tr><tr><th>Exception</th></tr><tr><td><div class="stacktrace">java.lang.Exception: Element Proxy element for: DefaultElementLocator &apos;By.xpath: //button[contains(@ng-click,&apos;createProject&apos;)]&apos; is not clickable because: java.lang.Exception: Not able to find element &apos; Proxy element for: DefaultElementLocator &apos;By.xpath: //button[contains(@ng-click,&apos;createProject&apos;)]&apos; &apos;. Reason: org.openqa.selenium.NoSuchElementException: Unable to locate element: //button[contains(@ng-click,&apos;createProject&apos;)]
For documentation on this error, please visit: https://www.selenium.dev/documentation/webdriver/troubleshooting/errors#no-such-element-exception
Build info: version: &apos;4.25.0&apos;, revision: &apos;8a8aea2337&apos;
System info: os.name: &apos;Linux&apos;, os.arch: &apos;amd64&apos;, os.version: &apos;6.11.0-1018-azure&apos;, java.version: &apos;11.0.27&apos;
Driver info: org.openqa.selenium.firefox.FirefoxDriver
Command: [21e72baa-ccab-4f5e-8d2e-778951503f3f, findElement {using=xpath, value=//button[contains(@ng-click,&apos;createProject&apos;)]}]
Capabilities {acceptInsecureCerts: true, browserName: firefox, browserVersion: 141.0, moz:accessibilityChecks: false, moz:buildID: 20250717180000, moz:geckodriverVersion: 0.36.0, moz:headless: true, moz:platformVersion: 6.11.0-1018-azure, moz:processID: 27640, moz:profile: /tmp/rust_mozprofileExfwyN, moz:shutdownTimeout: 60000, moz:webdriverClick: false, moz:windowless: false, pageLoadStrategy: normal, platformName: linux, proxy: Proxy(), setWindowRect: true, strictFileInteractability: false, timeouts: {implicit: 0, pageLoad: 300000, script: 30000}, unhandledPromptBehavior: dismiss and notify, userAgent: Mozilla/5.0 (X11; Linux x86...}
Session ID: 21e72baa-ccab-4f5e-8d2e-778951503f3f
	at com.qa.util.DriverActions.click(DriverActions.java:105)
	at com.qa.pages.DashboardPage.clickOnCreateNewProject(DashboardPage.java:136)
	at com.qa.testcases.CourseEditorPageTest.navigateToCourseEditorPage(CourseEditorPageTest.java:58)
	at java.base/java.util.concurrent.ThreadPoolExecutor.runWorker(ThreadPoolExecutor.java:1128)
	at java.base/java.util.concurrent.ThreadPoolExecutor$Worker.run(ThreadPoolExecutor.java:628)
	at java.base/java.lang.Thread.run(Thread.java:829)
... Removed 16 stack frames</div></td></tr></table><p class="totop"><a href="#summary">back to summary</a></p>
<h3 id="m2">com.qa.testcases.GlossaryPageTest#navigateToGlossaryPage</h3><table class="result"><tr class="param"><th>Parameter #1</th></tr><tr class="param stripe"><td>public void com.qa.testcases.GlossaryPageTest.createViewDeleteLinkedTerm() throws java.lang.Exception</td></tr><tr><th>Exception</th></tr><tr><td><div class="stacktrace">java.lang.Exception: Element Proxy element for: DefaultElementLocator &apos;By.xpath: //div[contains(@class,&apos;theme-block&apos;)]&apos; is not clickable because: java.lang.Exception: Not able to find element &apos; Proxy element for: DefaultElementLocator &apos;By.xpath: //div[contains(@class,&apos;theme-block&apos;)]&apos; &apos;. Reason: org.openqa.selenium.NoSuchElementException: Unable to locate element: //div[contains(@class,&apos;theme-block&apos;)]
For documentation on this error, please visit: https://www.selenium.dev/documentation/webdriver/troubleshooting/errors#no-such-element-exception
Build info: version: &apos;4.25.0&apos;, revision: &apos;8a8aea2337&apos;
System info: os.name: &apos;Linux&apos;, os.arch: &apos;amd64&apos;, os.version: &apos;6.11.0-1018-azure&apos;, java.version: &apos;11.0.27&apos;
Driver info: org.openqa.selenium.firefox.FirefoxDriver
Command: [11a33db5-8916-4f59-ae1a-91e6d753b3b5, findElement {using=xpath, value=//div[contains(@class,&apos;theme-block&apos;)]}]
Capabilities {acceptInsecureCerts: true, browserName: firefox, browserVersion: 141.0, moz:accessibilityChecks: false, moz:buildID: 20250717180000, moz:geckodriverVersion: 0.36.0, moz:headless: true, moz:platformVersion: 6.11.0-1018-azure, moz:processID: 17980, moz:profile: /tmp/rust_mozprofile1dMoIN, moz:shutdownTimeout: 60000, moz:webdriverClick: false, moz:windowless: false, pageLoadStrategy: normal, platformName: linux, proxy: Proxy(), setWindowRect: true, strictFileInteractability: false, timeouts: {implicit: 0, pageLoad: 300000, script: 30000}, unhandledPromptBehavior: dismiss and notify, userAgent: Mozilla/5.0 (X11; Linux x86...}
Session ID: 11a33db5-8916-4f59-ae1a-91e6d753b3b5
	at com.qa.util.DriverActions.click(DriverActions.java:105)
	at com.qa.pages.CreateProjectPage.setThemeCard(CreateProjectPage.java:186)
	at com.qa.pages.CreateProjectPage.createProject(CreateProjectPage.java:128)
	at com.qa.testcases.GlossaryPageTest.navigateToGlossaryPage(GlossaryPageTest.java:39)
	at java.base/java.util.concurrent.ThreadPoolExecutor.runWorker(ThreadPoolExecutor.java:1128)
	at java.base/java.util.concurrent.ThreadPoolExecutor$Worker.run(ThreadPoolExecutor.java:628)
	at java.base/java.lang.Thread.run(Thread.java:829)
... Removed 16 stack frames</div></td></tr></table><p class="totop"><a href="#summary">back to summary</a></p>
<h3 id="m3">com.qa.testcases.AssessmentQuestionDetailsPageTest#verifyUUIDandVTWID</h3><table class="result"><tr><th>Exception</th></tr><tr><td><div class="stacktrace">java.lang.Exception: Element Proxy element for: DefaultElementLocator &apos;By.xpath: //button[normalize-space()=&apos;OK&apos;]&apos; is not clickable because: java.lang.Exception: Not able to find element &apos; Proxy element for: DefaultElementLocator &apos;By.xpath: //button[normalize-space()=&apos;OK&apos;]&apos; &apos;. Reason: org.openqa.selenium.NoSuchElementException: Unable to locate element: //button[normalize-space()=&apos;OK&apos;]
For documentation on this error, please visit: https://www.selenium.dev/documentation/webdriver/troubleshooting/errors#no-such-element-exception
Build info: version: &apos;4.25.0&apos;, revision: &apos;8a8aea2337&apos;
System info: os.name: &apos;Linux&apos;, os.arch: &apos;amd64&apos;, os.version: &apos;6.11.0-1018-azure&apos;, java.version: &apos;11.0.27&apos;
Driver info: org.openqa.selenium.firefox.FirefoxDriver
Command: [4edc944b-6679-4b11-a996-5d6c9f4dcffa, findElement {using=xpath, value=//button[normalize-space()=&apos;OK&apos;]}]
Capabilities {acceptInsecureCerts: true, browserName: firefox, browserVersion: 141.0, moz:accessibilityChecks: false, moz:buildID: 20250717180000, moz:geckodriverVersion: 0.36.0, moz:headless: true, moz:platformVersion: 6.11.0-1018-azure, moz:processID: 20289, moz:profile: /tmp/rust_mozprofileCJ0HAv, moz:shutdownTimeout: 60000, moz:webdriverClick: false, moz:windowless: false, pageLoadStrategy: normal, platformName: linux, proxy: Proxy(), setWindowRect: true, strictFileInteractability: false, timeouts: {implicit: 0, pageLoad: 300000, script: 30000}, unhandledPromptBehavior: dismiss and notify, userAgent: Mozilla/5.0 (X11; Linux x86...}
Session ID: 4edc944b-6679-4b11-a996-5d6c9f4dcffa
	at com.qa.util.DriverActions.click(DriverActions.java:105)
	at com.qa.pages.AssessmentQuestionsDetailsPage.clickOk(AssessmentQuestionsDetailsPage.java:552)
	at com.qa.testcases.AssessmentQuestionDetailsPageTest.verifyUUIDandVTWID(AssessmentQuestionDetailsPageTest.java:116)
	at java.base/java.util.concurrent.ThreadPoolExecutor.runWorker(ThreadPoolExecutor.java:1128)
	at java.base/java.util.concurrent.ThreadPoolExecutor$Worker.run(ThreadPoolExecutor.java:628)
	at java.base/java.lang.Thread.run(Thread.java:829)
... Removed 12 stack frames</div></td></tr></table><p class="totop"><a href="#summary">back to summary</a></p>
<h3 id="m4">com.qa.testcases.BuildingBlocksPageTest#createGlobalEDUPUBpattern</h3><table class="result"><tr><th>Exception</th></tr><tr><td><div class="stacktrace">java.lang.Exception: java.lang.Exception: Not able to find element &apos; Proxy element for: DefaultElementLocator &apos;By.name: search_text&apos; &apos;. Reason: org.openqa.selenium.NoSuchElementException: Unable to locate element: *[name=&apos;search_text&apos;]
For documentation on this error, please visit: https://www.selenium.dev/documentation/webdriver/troubleshooting/errors#no-such-element-exception
Build info: version: &apos;4.25.0&apos;, revision: &apos;8a8aea2337&apos;
System info: os.name: &apos;Linux&apos;, os.arch: &apos;amd64&apos;, os.version: &apos;6.11.0-1018-azure&apos;, java.version: &apos;11.0.27&apos;
Driver info: org.openqa.selenium.firefox.FirefoxDriver
Command: [d8e916ee-c3a8-41a8-9f63-29704c74458e, findElement {using=name, value=search_text}]
Capabilities {acceptInsecureCerts: true, browserName: firefox, browserVersion: 141.0, moz:accessibilityChecks: false, moz:buildID: 20250717180000, moz:geckodriverVersion: 0.36.0, moz:headless: true, moz:platformVersion: 6.11.0-1018-azure, moz:processID: 11234, moz:profile: /tmp/rust_mozprofileivrdNM, moz:shutdownTimeout: 60000, moz:webdriverClick: false, moz:windowless: false, pageLoadStrategy: normal, platformName: linux, proxy: Proxy(), setWindowRect: true, strictFileInteractability: false, timeouts: {implicit: 0, pageLoad: 300000, script: 30000}, unhandledPromptBehavior: dismiss and notify, userAgent: Mozilla/5.0 (X11; Linux x86...}
Session ID: d8e916ee-c3a8-41a8-9f63-29704c74458e
	at com.qa.util.DriverActions.clear(DriverActions.java:118)
	at com.qa.pages.BuildingBlocksPage.searchPattern(BuildingBlocksPage.java:146)
	at com.qa.pages.BuildingBlocksPage.deletePattern(BuildingBlocksPage.java:169)
	at com.qa.testcases.BuildingBlocksPageTest.createGlobalEDUPUBpattern(BuildingBlocksPageTest.java:62)
	at java.base/java.util.concurrent.ThreadPoolExecutor.runWorker(ThreadPoolExecutor.java:1128)
	at java.base/java.util.concurrent.ThreadPoolExecutor$Worker.run(ThreadPoolExecutor.java:628)
	at java.base/java.lang.Thread.run(Thread.java:829)
Caused by: java.lang.Exception: Not able to find element &apos; Proxy element for: DefaultElementLocator &apos;By.name: search_text&apos; &apos;. Reason: org.openqa.selenium.NoSuchElementException: Unable to locate element: *[name=&apos;search_text&apos;]
For documentation on this error, please visit: https://www.selenium.dev/documentation/webdriver/troubleshooting/errors#no-such-element-exception
Build info: version: &apos;4.25.0&apos;, revision: &apos;8a8aea2337&apos;
System info: os.name: &apos;Linux&apos;, os.arch: &apos;amd64&apos;, os.version: &apos;6.11.0-1018-azure&apos;, java.version: &apos;11.0.27&apos;
Driver info: org.openqa.selenium.firefox.FirefoxDriver
Command: [d8e916ee-c3a8-41a8-9f63-29704c74458e, findElement {using=name, value=search_text}]
Capabilities {acceptInsecureCerts: true, browserName: firefox, browserVersion: 141.0, moz:accessibilityChecks: false, moz:buildID: 20250717180000, moz:geckodriverVersion: 0.36.0, moz:headless: true, moz:platformVersion: 6.11.0-1018-azure, moz:processID: 11234, moz:profile: /tmp/rust_mozprofileivrdNM, moz:shutdownTimeout: 60000, moz:webdriverClick: false, moz:windowless: false, pageLoadStrategy: normal, platformName: linux, proxy: Proxy(), setWindowRect: true, strictFileInteractability: false, timeouts: {implicit: 0, pageLoad: 300000, script: 30000}, unhandledPromptBehavior: dismiss and notify, userAgent: Mozilla/5.0 (X11; Linux x86...}
Session ID: d8e916ee-c3a8-41a8-9f63-29704c74458e
	at com.qa.util.DriverActions.explicitlyWait(DriverActions.java:92)
	at com.qa.util.DriverActions.clear(DriverActions.java:113)
	... 18 more
... Removed 12 stack frames</div></td></tr></table><p class="totop"><a href="#summary">back to summary</a></p>
<h3 id="m5">com.qa.testcases.BuildingBlocksPageTest#createGlobalTemplate</h3><table class="result"><tr><th>Exception</th></tr><tr><td><div class="stacktrace">org.openqa.selenium.NoSuchElementException: Pattern with name &apos;X5R33GT3FG2MLAHS9&apos; not found in any page.
For documentation on this error, please visit: https://www.selenium.dev/documentation/webdriver/troubleshooting/errors#no-such-element-exception
Build info: version: &apos;4.25.0&apos;, revision: &apos;8a8aea2337&apos;
System info: os.name: &apos;Linux&apos;, os.arch: &apos;amd64&apos;, os.version: &apos;6.11.0-1018-azure&apos;, java.version: &apos;11.0.27&apos;
Driver info: driver.version: unknown
	at com.qa.pages.CourseEditorPage.AddPatternToEditor(CourseEditorPage.java:624)
	at com.qa.testcases.BuildingBlocksPageTest.createGlobalTemplate(BuildingBlocksPageTest.java:110)
	at java.base/java.util.concurrent.ThreadPoolExecutor.runWorker(ThreadPoolExecutor.java:1128)
	at java.base/java.util.concurrent.ThreadPoolExecutor$Worker.run(ThreadPoolExecutor.java:628)
	at java.base/java.lang.Thread.run(Thread.java:829)
... Removed 12 stack frames</div></td></tr></table><p class="totop"><a href="#summary">back to summary</a></p>
<h3 id="m6">com.qa.testcases.CourseEditorPageTest#addEditDeleteExpositoryImage</h3><table class="result"><tr><th>Exception</th></tr><tr><td><div class="stacktrace">org.openqa.selenium.TimeoutException: Expected condition failed: waiting for text (&apos;1 Record&apos;) to be present in element [[FirefoxDriver: firefox on linux (9a329ca6-a54e-401f-ac79-401797b7aede)] -&gt; xpath: //div[contains(@class,&apos;selectmedia-text&apos;)]/descendant::h2] (tried for 60 second(s) with 500 milliseconds interval)
Build info: version: &apos;4.25.0&apos;, revision: &apos;8a8aea2337&apos;
System info: os.name: &apos;Linux&apos;, os.arch: &apos;amd64&apos;, os.version: &apos;6.11.0-1018-azure&apos;, java.version: &apos;11.0.27&apos;
Driver info: org.openqa.selenium.firefox.FirefoxDriver
Capabilities {acceptInsecureCerts: true, browserName: firefox, browserVersion: 141.0, moz:accessibilityChecks: false, moz:buildID: 20250717180000, moz:geckodriverVersion: 0.36.0, moz:headless: true, moz:platformVersion: 6.11.0-1018-azure, moz:processID: 28301, moz:profile: /tmp/rust_mozprofileZfQJ4t, moz:shutdownTimeout: 60000, moz:webdriverClick: false, moz:windowless: false, pageLoadStrategy: normal, platformName: linux, proxy: Proxy(), setWindowRect: true, strictFileInteractability: false, timeouts: {implicit: 0, pageLoad: 300000, script: 30000}, unhandledPromptBehavior: dismiss and notify, userAgent: Mozilla/5.0 (X11; Linux x86...}
Session ID: 9a329ca6-a54e-401f-ac79-401797b7aede
	at org.openqa.selenium.support.ui.WebDriverWait.timeoutException(WebDriverWait.java:84)
	at org.openqa.selenium.support.ui.FluentWait.until(FluentWait.java:228)
	at com.qa.pages.CourseEditorPage.selectExpositoryImages(CourseEditorPage.java:1083)
	at com.qa.pages.CourseEditorPage.select1stExpositoryImage(CourseEditorPage.java:1093)
	at com.qa.testcases.CourseEditorPageTest.addEditDeleteExpositoryImage(CourseEditorPageTest.java:193)
	at java.base/java.util.concurrent.ThreadPoolExecutor.runWorker(ThreadPoolExecutor.java:1128)
	at java.base/java.util.concurrent.ThreadPoolExecutor$Worker.run(ThreadPoolExecutor.java:628)
	at java.base/java.lang.Thread.run(Thread.java:829)
... Removed 12 stack frames</div></td></tr></table><p class="totop"><a href="#summary">back to summary</a></p>
<h3 id="m7">com.qa.testcases.CourseEditorPageTest#addEditPreviewHotSpot</h3><table class="result"><tr><th>Exception</th></tr><tr><td><div class="stacktrace">org.openqa.selenium.UnhandledAlertException: Unexpected alert dialog detected. Performed handler &quot;dismiss&quot;. Dialog text: Error occured..Retry: Error occured..Retry
Build info: version: &apos;4.25.0&apos;, revision: &apos;8a8aea2337&apos;
System info: os.name: &apos;Linux&apos;, os.arch: &apos;amd64&apos;, os.version: &apos;6.11.0-1018-azure&apos;, java.version: &apos;11.0.27&apos;
Driver info: org.openqa.selenium.firefox.FirefoxDriver
Command: [2bf8ac82-0dc8-4242-88ee-0ada7e51f60b, findElement {using=id, value=exwidgetModal}]
Capabilities {acceptInsecureCerts: true, browserName: firefox, browserVersion: 141.0, moz:accessibilityChecks: false, moz:buildID: 20250717180000, moz:geckodriverVersion: 0.36.0, moz:headless: true, moz:platformVersion: 6.11.0-1018-azure, moz:processID: 29010, moz:profile: /tmp/rust_mozprofileAkbYwT, moz:shutdownTimeout: 60000, moz:webdriverClick: false, moz:windowless: false, pageLoadStrategy: normal, platformName: linux, proxy: Proxy(), setWindowRect: true, strictFileInteractability: false, timeouts: {implicit: 0, pageLoad: 300000, script: 30000}, unhandledPromptBehavior: dismiss and notify, userAgent: Mozilla/5.0 (X11; Linux x86...}
Session ID: 2bf8ac82-0dc8-4242-88ee-0ada7e51f60b
	at org.openqa.selenium.remote.codec.w3c.W3CHttpResponseCodec.decode(W3CHttpResponseCodec.java:136)
	at org.openqa.selenium.remote.codec.w3c.W3CHttpResponseCodec.decode(W3CHttpResponseCodec.java:50)
	at org.openqa.selenium.remote.HttpCommandExecutor.execute(HttpCommandExecutor.java:190)
	at org.openqa.selenium.remote.service.DriverCommandExecutor.invokeExecute(DriverCommandExecutor.java:216)
	at org.openqa.selenium.remote.service.DriverCommandExecutor.execute(DriverCommandExecutor.java:174)
	at org.openqa.selenium.remote.RemoteWebDriver.execute(RemoteWebDriver.java:545)
	at org.openqa.selenium.remote.ElementLocation$ElementFinder$2.findElement(ElementLocation.java:165)
	at org.openqa.selenium.remote.ElementLocation.findElement(ElementLocation.java:59)
	at org.openqa.selenium.remote.RemoteWebDriver.findElement(RemoteWebDriver.java:368)
	at org.openqa.selenium.remote.RemoteWebDriver.findElement(RemoteWebDriver.java:362)
	at org.openqa.selenium.support.pagefactory.DefaultElementLocator.findElement(DefaultElementLocator.java:68)
	at org.openqa.selenium.support.pagefactory.internal.LocatingElementHandler.invoke(LocatingElementHandler.java:38)
	at com.sun.proxy.$Proxy22.isDisplayed(Unknown Source)
	at org.openqa.selenium.support.ui.ExpectedConditions.isInvisible(ExpectedConditions.java:1374)
	at org.openqa.selenium.support.ui.ExpectedConditions$48.apply(ExpectedConditions.java:1362)
	at org.openqa.selenium.support.ui.ExpectedConditions$48.apply(ExpectedConditions.java:1358)
	at org.openqa.selenium.support.ui.FluentWait.until(FluentWait.java:203)
	at com.qa.pages.CourseEditorPage.saveHotSpotWidget(CourseEditorPage.java:1258)
	at com.qa.testcases.CourseEditorPageTest.addEditPreviewHotSpot(CourseEditorPageTest.java:259)
	at java.base/java.util.concurrent.ThreadPoolExecutor.runWorker(ThreadPoolExecutor.java:1128)
	at java.base/java.util.concurrent.ThreadPoolExecutor$Worker.run(ThreadPoolExecutor.java:628)
	at java.base/java.lang.Thread.run(Thread.java:829)
... Removed 12 stack frames</div></td></tr></table><p class="totop"><a href="#summary">back to summary</a></p>
<h3 id="m8">com.qa.testcases.CourseEditorPageTest#verifyContentScreenVersioning</h3><table class="result"><tr><th>Exception</th></tr><tr><td><div class="stacktrace">java.lang.AssertionError: The following asserts failed:
	Version 4 Note does not match!! expected [Donatello] but found [],
	Version 5 notes list mismatch!!: Lists differ at element [0]: undeLucyalpaca !=  expected [undeLucyalpaca] but found []
	at com.qa.testcases.CourseEditorPageTest.verifyContentScreenVersioning(CourseEditorPageTest.java:376)
	at java.base/java.util.concurrent.ThreadPoolExecutor.runWorker(ThreadPoolExecutor.java:1128)
	at java.base/java.util.concurrent.ThreadPoolExecutor$Worker.run(ThreadPoolExecutor.java:628)
	at java.base/java.lang.Thread.run(Thread.java:829)
... Removed 14 stack frames</div></td></tr></table><p class="totop"><a href="#summary">back to summary</a></p>
<h3 id="m9">com.qa.testcases.EditTOCPageTest#createAndUpdateNodes</h3><table class="result"><tr><th>Exception</th></tr><tr><td><div class="stacktrace">java.lang.Exception: java.lang.Exception: Not able to find element &apos; Proxy element for: DefaultElementLocator &apos;By.name: search_text&apos; &apos;. Reason: org.openqa.selenium.NoSuchElementException: Unable to locate element: *[name=&apos;search_text&apos;]
For documentation on this error, please visit: https://www.selenium.dev/documentation/webdriver/troubleshooting/errors#no-such-element-exception
Build info: version: &apos;4.25.0&apos;, revision: &apos;8a8aea2337&apos;
System info: os.name: &apos;Linux&apos;, os.arch: &apos;amd64&apos;, os.version: &apos;6.11.0-1018-azure&apos;, java.version: &apos;11.0.27&apos;
Driver info: org.openqa.selenium.firefox.FirefoxDriver
Command: [43e08d9f-8f27-469a-8d40-a07e8627cc14, findElement {using=name, value=search_text}]
Capabilities {acceptInsecureCerts: true, browserName: firefox, browserVersion: 141.0, moz:accessibilityChecks: false, moz:buildID: 20250717180000, moz:geckodriverVersion: 0.36.0, moz:headless: true, moz:platformVersion: 6.11.0-1018-azure, moz:processID: 4626, moz:profile: /tmp/rust_mozprofilevrbD7U, moz:shutdownTimeout: 60000, moz:webdriverClick: false, moz:windowless: false, pageLoadStrategy: normal, platformName: linux, proxy: Proxy(), setWindowRect: true, strictFileInteractability: false, timeouts: {implicit: 0, pageLoad: 300000, script: 30000}, unhandledPromptBehavior: dismiss and notify, userAgent: Mozilla/5.0 (X11; Linux x86...}
Session ID: 43e08d9f-8f27-469a-8d40-a07e8627cc14
	at com.qa.util.DriverActions.sendKeys(DriverActions.java:150)
	at com.qa.pages.AssessmentPage.searchAssessment(AssessmentPage.java:112)
	at com.qa.pages.AssessmentPage.openAssessment(AssessmentPage.java:105)
	at com.qa.testcases.EditTOCPageTest.createAndUpdateNodes(EditTOCPageTest.java:118)
	at java.base/java.util.concurrent.ThreadPoolExecutor.runWorker(ThreadPoolExecutor.java:1128)
	at java.base/java.util.concurrent.ThreadPoolExecutor$Worker.run(ThreadPoolExecutor.java:628)
	at java.base/java.lang.Thread.run(Thread.java:829)
Caused by: java.lang.Exception: Not able to find element &apos; Proxy element for: DefaultElementLocator &apos;By.name: search_text&apos; &apos;. Reason: org.openqa.selenium.NoSuchElementException: Unable to locate element: *[name=&apos;search_text&apos;]
For documentation on this error, please visit: https://www.selenium.dev/documentation/webdriver/troubleshooting/errors#no-such-element-exception
Build info: version: &apos;4.25.0&apos;, revision: &apos;8a8aea2337&apos;
System info: os.name: &apos;Linux&apos;, os.arch: &apos;amd64&apos;, os.version: &apos;6.11.0-1018-azure&apos;, java.version: &apos;11.0.27&apos;
Driver info: org.openqa.selenium.firefox.FirefoxDriver
Command: [43e08d9f-8f27-469a-8d40-a07e8627cc14, findElement {using=name, value=search_text}]
Capabilities {acceptInsecureCerts: true, browserName: firefox, browserVersion: 141.0, moz:accessibilityChecks: false, moz:buildID: 20250717180000, moz:geckodriverVersion: 0.36.0, moz:headless: true, moz:platformVersion: 6.11.0-1018-azure, moz:processID: 4626, moz:profile: /tmp/rust_mozprofilevrbD7U, moz:shutdownTimeout: 60000, moz:webdriverClick: false, moz:windowless: false, pageLoadStrategy: normal, platformName: linux, proxy: Proxy(), setWindowRect: true, strictFileInteractability: false, timeouts: {implicit: 0, pageLoad: 300000, script: 30000}, unhandledPromptBehavior: dismiss and notify, userAgent: Mozilla/5.0 (X11; Linux x86...}
Session ID: 43e08d9f-8f27-469a-8d40-a07e8627cc14
	at com.qa.util.DriverActions.explicitlyWait(DriverActions.java:92)
	at com.qa.util.DriverActions.sendKeys(DriverActions.java:139)
	... 18 more
... Removed 12 stack frames</div></td></tr></table><p class="totop"><a href="#summary">back to summary</a></p>
<h3 id="m10">com.qa.testcases.EditTOCPageTest#uploadAssetandCreateResourceNode</h3><table class="result"><tr><th>Exception</th></tr><tr><td><div class="stacktrace">java.lang.Exception: Element Proxy element for: DefaultElementLocator &apos;By.xpath: //div[@class=&apos;box-theme&apos;]/child::div[@class=&apos;images-select lor-design&apos;]&apos; is not clickable because: java.lang.Exception: Not able to find element &apos; Proxy element for: DefaultElementLocator &apos;By.xpath: //div[@class=&apos;box-theme&apos;]/child::div[@class=&apos;images-select lor-design&apos;]&apos; &apos;. Reason: org.openqa.selenium.NoSuchElementException: Unable to locate element: //div[@class=&apos;box-theme&apos;]/child::div[@class=&apos;images-select lor-design&apos;]
For documentation on this error, please visit: https://www.selenium.dev/documentation/webdriver/troubleshooting/errors#no-such-element-exception
Build info: version: &apos;4.25.0&apos;, revision: &apos;8a8aea2337&apos;
System info: os.name: &apos;Linux&apos;, os.arch: &apos;amd64&apos;, os.version: &apos;6.11.0-1018-azure&apos;, java.version: &apos;11.0.27&apos;
Driver info: org.openqa.selenium.firefox.FirefoxDriver
Command: [52c8608e-b3ae-4578-afe2-fd20187e933a, findElement {using=xpath, value=//div[@class=&apos;box-theme&apos;]/child::div[@class=&apos;images-select lor-design&apos;]}]
Capabilities {acceptInsecureCerts: true, browserName: firefox, browserVersion: 141.0, moz:accessibilityChecks: false, moz:buildID: 20250717180000, moz:geckodriverVersion: 0.36.0, moz:headless: true, moz:platformVersion: 6.11.0-1018-azure, moz:processID: 5441, moz:profile: /tmp/rust_mozprofilerfoSVR, moz:shutdownTimeout: 60000, moz:webdriverClick: false, moz:windowless: false, pageLoadStrategy: normal, platformName: linux, proxy: Proxy(), setWindowRect: true, strictFileInteractability: false, timeouts: {implicit: 0, pageLoad: 300000, script: 30000}, unhandledPromptBehavior: dismiss and notify, userAgent: Mozilla/5.0 (X11; Linux x86...}
Session ID: 52c8608e-b3ae-4578-afe2-fd20187e933a
	at com.qa.util.DriverActions.click(DriverActions.java:105)
	at com.qa.pages.EbookManagementPage.createNewEbook(EbookManagementPage.java:90)
	at com.qa.testcases.EditTOCPageTest.uploadAssetandCreateResourceNode(EditTOCPageTest.java:272)
	at java.base/java.util.concurrent.ThreadPoolExecutor.runWorker(ThreadPoolExecutor.java:1128)
	at java.base/java.util.concurrent.ThreadPoolExecutor$Worker.run(ThreadPoolExecutor.java:628)
	at java.base/java.lang.Thread.run(Thread.java:829)
... Removed 12 stack frames</div></td></tr></table><p class="totop"><a href="#summary">back to summary</a></p>
<h3 id="m11">com.qa.testcases.EditTOCPageTest#verifyAlertsForAssessments</h3><table class="result"><tr><th>Exception</th></tr><tr><td><div class="stacktrace">java.lang.Exception: Element Proxy element for: DefaultElementLocator &apos;By.id: collapse&apos; is not clickable because: java.lang.Exception: Not able to find element &apos; Proxy element for: DefaultElementLocator &apos;By.id: collapse&apos; &apos;. Reason: org.openqa.selenium.NoSuchElementException: Unable to locate element: #collapse
For documentation on this error, please visit: https://www.selenium.dev/documentation/webdriver/troubleshooting/errors#no-such-element-exception
Build info: version: &apos;4.25.0&apos;, revision: &apos;8a8aea2337&apos;
System info: os.name: &apos;Linux&apos;, os.arch: &apos;amd64&apos;, os.version: &apos;6.11.0-1018-azure&apos;, java.version: &apos;11.0.27&apos;
Driver info: org.openqa.selenium.firefox.FirefoxDriver
Command: [e1df268e-3e11-4674-ba15-fd0c244f9c62, findElement {using=id, value=collapse}]
Capabilities {acceptInsecureCerts: true, browserName: firefox, browserVersion: 141.0, moz:accessibilityChecks: false, moz:buildID: 20250717180000, moz:geckodriverVersion: 0.36.0, moz:headless: true, moz:platformVersion: 6.11.0-1018-azure, moz:processID: 8705, moz:profile: /tmp/rust_mozprofileUZ8j2G, moz:shutdownTimeout: 60000, moz:webdriverClick: false, moz:windowless: false, pageLoadStrategy: normal, platformName: linux, proxy: Proxy(), setWindowRect: true, strictFileInteractability: false, timeouts: {implicit: 0, pageLoad: 300000, script: 30000}, unhandledPromptBehavior: dismiss and notify, userAgent: Mozilla/5.0 (X11; Linux x86...}
Session ID: e1df268e-3e11-4674-ba15-fd0c244f9c62
	at com.qa.util.DriverActions.click(DriverActions.java:105)
	at com.qa.pages.EditTOCPage.expandTOCnodes(EditTOCPage.java:331)
	at com.qa.testcases.EditTOCPageTest.verifyAlertsForAssessments(EditTOCPageTest.java:417)
	at java.base/java.util.concurrent.ThreadPoolExecutor.runWorker(ThreadPoolExecutor.java:1128)
	at java.base/java.util.concurrent.ThreadPoolExecutor$Worker.run(ThreadPoolExecutor.java:628)
	at java.base/java.lang.Thread.run(Thread.java:829)
... Removed 12 stack frames</div></td></tr></table><p class="totop"><a href="#summary">back to summary</a></p>
<h3 id="m12">com.qa.testcases.EditTOCPageTest#verifyAlertsForContentScreens</h3><table class="result"><tr><th>Exception</th></tr><tr><td><div class="stacktrace">org.openqa.selenium.TimeoutException: Expected condition failed: waiting for visibility of Proxy element for: DefaultElementLocator &apos;By.className: tooltip-inner&apos; (tried for 60 second(s) with 500 milliseconds interval)
	at org.openqa.selenium.support.ui.WebDriverWait.timeoutException(WebDriverWait.java:84)
	at org.openqa.selenium.support.ui.FluentWait.until(FluentWait.java:228)
	at com.qa.pages.EditTOCPage.getAlertStatus(EditTOCPage.java:649)
	at com.qa.testcases.EditTOCPageTest.verifyAlertsForContentScreens(EditTOCPageTest.java:371)
	at java.base/java.util.concurrent.ThreadPoolExecutor.runWorker(ThreadPoolExecutor.java:1128)
	at java.base/java.util.concurrent.ThreadPoolExecutor$Worker.run(ThreadPoolExecutor.java:628)
	at java.base/java.lang.Thread.run(Thread.java:829)
Caused by: org.openqa.selenium.NoSuchElementException: Unable to locate element: .tooltip\-inner
For documentation on this error, please visit: https://www.selenium.dev/documentation/webdriver/troubleshooting/errors#no-such-element-exception
Build info: version: &apos;4.25.0&apos;, revision: &apos;8a8aea2337&apos;
System info: os.name: &apos;Linux&apos;, os.arch: &apos;amd64&apos;, os.version: &apos;6.11.0-1018-azure&apos;, java.version: &apos;11.0.27&apos;
Driver info: org.openqa.selenium.firefox.FirefoxDriver
Command: [21a919ed-9f70-4f8a-b656-3e870361a3f3, findElement {using=class name, value=tooltip-inner}]
Capabilities {acceptInsecureCerts: true, browserName: firefox, browserVersion: 141.0, moz:accessibilityChecks: false, moz:buildID: 20250717180000, moz:geckodriverVersion: 0.36.0, moz:headless: true, moz:platformVersion: 6.11.0-1018-azure, moz:processID: 7873, moz:profile: /tmp/rust_mozprofile1ig2VL, moz:shutdownTimeout: 60000, moz:webdriverClick: false, moz:windowless: false, pageLoadStrategy: normal, platformName: linux, proxy: Proxy(), setWindowRect: true, strictFileInteractability: false, timeouts: {implicit: 0, pageLoad: 300000, script: 30000}, unhandledPromptBehavior: dismiss and notify, userAgent: Mozilla/5.0 (X11; Linux x86...}
Session ID: 21a919ed-9f70-4f8a-b656-3e870361a3f3
	at org.openqa.selenium.remote.ErrorCodec.decode(ErrorCodec.java:167)
	at org.openqa.selenium.remote.codec.w3c.W3CHttpResponseCodec.decode(W3CHttpResponseCodec.java:138)
	at org.openqa.selenium.remote.codec.w3c.W3CHttpResponseCodec.decode(W3CHttpResponseCodec.java:50)
	at org.openqa.selenium.remote.HttpCommandExecutor.execute(HttpCommandExecutor.java:190)
	at org.openqa.selenium.remote.service.DriverCommandExecutor.invokeExecute(DriverCommandExecutor.java:216)
	at org.openqa.selenium.remote.service.DriverCommandExecutor.execute(DriverCommandExecutor.java:174)
	at org.openqa.selenium.remote.RemoteWebDriver.execute(RemoteWebDriver.java:545)
	at org.openqa.selenium.remote.ElementLocation$ElementFinder$2.findElement(ElementLocation.java:165)
	at org.openqa.selenium.remote.ElementLocation.findElement(ElementLocation.java:59)
	at org.openqa.selenium.remote.RemoteWebDriver.findElement(RemoteWebDriver.java:368)
	at org.openqa.selenium.remote.RemoteWebDriver.findElement(RemoteWebDriver.java:362)
	at org.openqa.selenium.support.pagefactory.DefaultElementLocator.findElement(DefaultElementLocator.java:68)
	at org.openqa.selenium.support.pagefactory.internal.LocatingElementHandler.invoke(LocatingElementHandler.java:38)
	at com.sun.proxy.$Proxy22.isDisplayed(Unknown Source)
	at org.openqa.selenium.support.ui.ExpectedConditions.elementIfVisible(ExpectedConditions.java:304)
	at org.openqa.selenium.support.ui.ExpectedConditions$10.apply(ExpectedConditions.java:290)
	at org.openqa.selenium.support.ui.ExpectedConditions$10.apply(ExpectedConditions.java:287)
	at org.openqa.selenium.support.ui.FluentWait.until(FluentWait.java:203)
	... 17 more
... Removed 15 stack frames</div></td></tr></table><p class="totop"><a href="#summary">back to summary</a></p>
<h3 id="m13">com.qa.testcases.ExportPageTest#verifyExportListing</h3><table class="result"><tr><th>Exception</th></tr><tr><td><div class="stacktrace">org.openqa.selenium.TimeoutException: Expected condition failed: waiting for element to be clickable: Proxy element for: DefaultElementLocator &apos;By.xpath: //button[normalize-space()=&apos;Select All&apos;]&apos; (tried for 60 second(s) with 500 milliseconds interval)
	at org.openqa.selenium.support.ui.WebDriverWait.timeoutException(WebDriverWait.java:84)
	at org.openqa.selenium.support.ui.FluentWait.until(FluentWait.java:228)
	at com.qa.pages.EditTOCPage.exportCourse(EditTOCPage.java:594)
	at com.qa.testcases.ExportPageTest.verifyExportListing(ExportPageTest.java:88)
	at java.base/java.util.concurrent.ThreadPoolExecutor.runWorker(ThreadPoolExecutor.java:1128)
	at java.base/java.util.concurrent.ThreadPoolExecutor$Worker.run(ThreadPoolExecutor.java:628)
	at java.base/java.lang.Thread.run(Thread.java:829)
Caused by: org.openqa.selenium.NoSuchElementException: Unable to locate element: //button[normalize-space()=&apos;Select All&apos;]
For documentation on this error, please visit: https://www.selenium.dev/documentation/webdriver/troubleshooting/errors#no-such-element-exception
Build info: version: &apos;4.25.0&apos;, revision: &apos;8a8aea2337&apos;
System info: os.name: &apos;Linux&apos;, os.arch: &apos;amd64&apos;, os.version: &apos;6.11.0-1018-azure&apos;, java.version: &apos;11.0.27&apos;
Driver info: org.openqa.selenium.firefox.FirefoxDriver
Command: [08dea5f4-a5da-43aa-abb3-415652d3282b, findElement {using=xpath, value=//button[normalize-space()=&apos;Select All&apos;]}]
Capabilities {acceptInsecureCerts: true, browserName: firefox, browserVersion: 141.0, moz:accessibilityChecks: false, moz:buildID: 20250717180000, moz:geckodriverVersion: 0.36.0, moz:headless: true, moz:platformVersion: 6.11.0-1018-azure, moz:processID: 26055, moz:profile: /tmp/rust_mozprofileTyOKyQ, moz:shutdownTimeout: 60000, moz:webdriverClick: false, moz:windowless: false, pageLoadStrategy: normal, platformName: linux, proxy: Proxy(), setWindowRect: true, strictFileInteractability: false, timeouts: {implicit: 0, pageLoad: 300000, script: 30000}, unhandledPromptBehavior: dismiss and notify, userAgent: Mozilla/5.0 (X11; Linux x86...}
Session ID: 08dea5f4-a5da-43aa-abb3-415652d3282b
	at org.openqa.selenium.remote.ErrorCodec.decode(ErrorCodec.java:167)
	at org.openqa.selenium.remote.codec.w3c.W3CHttpResponseCodec.decode(W3CHttpResponseCodec.java:138)
	at org.openqa.selenium.remote.codec.w3c.W3CHttpResponseCodec.decode(W3CHttpResponseCodec.java:50)
	at org.openqa.selenium.remote.HttpCommandExecutor.execute(HttpCommandExecutor.java:190)
	at org.openqa.selenium.remote.service.DriverCommandExecutor.invokeExecute(DriverCommandExecutor.java:216)
	at org.openqa.selenium.remote.service.DriverCommandExecutor.execute(DriverCommandExecutor.java:174)
	at org.openqa.selenium.remote.RemoteWebDriver.execute(RemoteWebDriver.java:545)
	at org.openqa.selenium.remote.ElementLocation$ElementFinder$2.findElement(ElementLocation.java:165)
	at org.openqa.selenium.remote.ElementLocation.findElement(ElementLocation.java:59)
	at org.openqa.selenium.remote.RemoteWebDriver.findElement(RemoteWebDriver.java:368)
	at org.openqa.selenium.remote.RemoteWebDriver.findElement(RemoteWebDriver.java:362)
	at org.openqa.selenium.support.pagefactory.DefaultElementLocator.findElement(DefaultElementLocator.java:68)
	at org.openqa.selenium.support.pagefactory.internal.LocatingElementHandler.invoke(LocatingElementHandler.java:38)
	at com.sun.proxy.$Proxy22.isDisplayed(Unknown Source)
	at org.openqa.selenium.support.ui.ExpectedConditions.elementIfVisible(ExpectedConditions.java:304)
	at org.openqa.selenium.support.ui.ExpectedConditions$10.apply(ExpectedConditions.java:290)
	at org.openqa.selenium.support.ui.ExpectedConditions$10.apply(ExpectedConditions.java:287)
	at org.openqa.selenium.support.ui.ExpectedConditions$23.apply(ExpectedConditions.java:656)
	at org.openqa.selenium.support.ui.ExpectedConditions$23.apply(ExpectedConditions.java:652)
	at org.openqa.selenium.support.ui.FluentWait.until(FluentWait.java:203)
	... 17 more
... Removed 15 stack frames</div></td></tr></table><p class="totop"><a href="#summary">back to summary</a></p>
<h3 id="m14">com.qa.testcases.GlossaryPageTest#glossaryManagement</h3><table class="result"><tr><th>Exception</th></tr><tr><td><div class="stacktrace">java.lang.IllegalStateException: Error occurred while deleting the project: java.lang.Exception: Not able to find element &apos; Proxy element for: DefaultElementLocator &apos;By.xpath: //input[@aria-label=&apos;Search Box&apos;]&apos; &apos;. Reason: org.openqa.selenium.NoSuchElementException: Unable to locate element: //input[@aria-label=&apos;Search Box&apos;]
For documentation on this error, please visit: https://www.selenium.dev/documentation/webdriver/troubleshooting/errors#no-such-element-exception
Build info: version: &apos;4.25.0&apos;, revision: &apos;8a8aea2337&apos;
System info: os.name: &apos;Linux&apos;, os.arch: &apos;amd64&apos;, os.version: &apos;6.11.0-1018-azure&apos;, java.version: &apos;11.0.27&apos;
Driver info: org.openqa.selenium.firefox.FirefoxDriver
Command: [9fb97567-a40a-40a3-a2ac-68657e31427a, findElement {using=xpath, value=//input[@aria-label=&apos;Search Box&apos;]}]
Capabilities {acceptInsecureCerts: true, browserName: firefox, browserVersion: 141.0, moz:accessibilityChecks: false, moz:buildID: 20250717180000, moz:geckodriverVersion: 0.36.0, moz:headless: true, moz:platformVersion: 6.11.0-1018-azure, moz:processID: 17298, moz:profile: /tmp/rust_mozprofilekG3ftm, moz:shutdownTimeout: 60000, moz:webdriverClick: false, moz:windowless: false, pageLoadStrategy: normal, platformName: linux, proxy: Proxy(), setWindowRect: true, strictFileInteractability: false, timeouts: {implicit: 0, pageLoad: 300000, script: 30000}, unhandledPromptBehavior: dismiss and notify, userAgent: Mozilla/5.0 (X11; Linux x86...}
Session ID: 9fb97567-a40a-40a3-a2ac-68657e31427a
	at com.qa.pages.DashboardPage.deleteProject(DashboardPage.java:180)
	at com.qa.testcases.GlossaryPageTest.glossaryManagement(GlossaryPageTest.java:74)
	at java.base/java.util.concurrent.ThreadPoolExecutor.runWorker(ThreadPoolExecutor.java:1128)
	at java.base/java.util.concurrent.ThreadPoolExecutor$Worker.run(ThreadPoolExecutor.java:628)
	at java.base/java.lang.Thread.run(Thread.java:829)
Caused by: java.lang.Exception: java.lang.Exception: Not able to find element &apos; Proxy element for: DefaultElementLocator &apos;By.xpath: //input[@aria-label=&apos;Search Box&apos;]&apos; &apos;. Reason: org.openqa.selenium.NoSuchElementException: Unable to locate element: //input[@aria-label=&apos;Search Box&apos;]
For documentation on this error, please visit: https://www.selenium.dev/documentation/webdriver/troubleshooting/errors#no-such-element-exception
Build info: version: &apos;4.25.0&apos;, revision: &apos;8a8aea2337&apos;
System info: os.name: &apos;Linux&apos;, os.arch: &apos;amd64&apos;, os.version: &apos;6.11.0-1018-azure&apos;, java.version: &apos;11.0.27&apos;
Driver info: org.openqa.selenium.firefox.FirefoxDriver
Command: [9fb97567-a40a-40a3-a2ac-68657e31427a, findElement {using=xpath, value=//input[@aria-label=&apos;Search Box&apos;]}]
Capabilities {acceptInsecureCerts: true, browserName: firefox, browserVersion: 141.0, moz:accessibilityChecks: false, moz:buildID: 20250717180000, moz:geckodriverVersion: 0.36.0, moz:headless: true, moz:platformVersion: 6.11.0-1018-azure, moz:processID: 17298, moz:profile: /tmp/rust_mozprofilekG3ftm, moz:shutdownTimeout: 60000, moz:webdriverClick: false, moz:windowless: false, pageLoadStrategy: normal, platformName: linux, proxy: Proxy(), setWindowRect: true, strictFileInteractability: false, timeouts: {implicit: 0, pageLoad: 300000, script: 30000}, unhandledPromptBehavior: dismiss and notify, userAgent: Mozilla/5.0 (X11; Linux x86...}
Session ID: 9fb97567-a40a-40a3-a2ac-68657e31427a
	at com.qa.util.DriverActions.sendKeys(DriverActions.java:150)
	at com.qa.pages.DashboardPage.searchProject(DashboardPage.java:152)
	at com.qa.pages.DashboardPage.deleteProject(DashboardPage.java:166)
	... 16 more
Caused by: java.lang.Exception: Not able to find element &apos; Proxy element for: DefaultElementLocator &apos;By.xpath: //input[@aria-label=&apos;Search Box&apos;]&apos; &apos;. Reason: org.openqa.selenium.NoSuchElementException: Unable to locate element: //input[@aria-label=&apos;Search Box&apos;]
For documentation on this error, please visit: https://www.selenium.dev/documentation/webdriver/troubleshooting/errors#no-such-element-exception
Build info: version: &apos;4.25.0&apos;, revision: &apos;8a8aea2337&apos;
System info: os.name: &apos;Linux&apos;, os.arch: &apos;amd64&apos;, os.version: &apos;6.11.0-1018-azure&apos;, java.version: &apos;11.0.27&apos;
Driver info: org.openqa.selenium.firefox.FirefoxDriver
Command: [9fb97567-a40a-40a3-a2ac-68657e31427a, findElement {using=xpath, value=//input[@aria-label=&apos;Search Box&apos;]}]
Capabilities {acceptInsecureCerts: true, browserName: firefox, browserVersion: 141.0, moz:accessibilityChecks: false, moz:buildID: 20250717180000, moz:geckodriverVersion: 0.36.0, moz:headless: true, moz:platformVersion: 6.11.0-1018-azure, moz:processID: 17298, moz:profile: /tmp/rust_mozprofilekG3ftm, moz:shutdownTimeout: 60000, moz:webdriverClick: false, moz:windowless: false, pageLoadStrategy: normal, platformName: linux, proxy: Proxy(), setWindowRect: true, strictFileInteractability: false, timeouts: {implicit: 0, pageLoad: 300000, script: 30000}, unhandledPromptBehavior: dismiss and notify, userAgent: Mozilla/5.0 (X11; Linux x86...}
Session ID: 9fb97567-a40a-40a3-a2ac-68657e31427a
	at com.qa.util.DriverActions.explicitlyWait(DriverActions.java:92)
	at com.qa.util.DriverActions.sendKeys(DriverActions.java:139)
	... 18 more
... Removed 12 stack frames</div></td></tr></table><p class="totop"><a href="#summary">back to summary</a></p>
<h3 id="m15">com.qa.testcases.MetaDataPageTest#createLinkDeleteKeyValuePair</h3><table class="result"><tr><th>Exception</th></tr><tr><td><div class="stacktrace">java.lang.Exception: Element Proxy element for: DefaultElementLocator &apos;By.xpath: //a[text()=&apos;Key Value&apos;]/parent::li&apos; is not clickable because: java.lang.Exception: Not able to find element &apos; Proxy element for: DefaultElementLocator &apos;By.xpath: //a[text()=&apos;Key Value&apos;]/parent::li&apos; &apos;. Reason: org.openqa.selenium.NoSuchElementException: Unable to locate element: //a[text()=&apos;Key Value&apos;]/parent::li
For documentation on this error, please visit: https://www.selenium.dev/documentation/webdriver/troubleshooting/errors#no-such-element-exception
Build info: version: &apos;4.25.0&apos;, revision: &apos;8a8aea2337&apos;
System info: os.name: &apos;Linux&apos;, os.arch: &apos;amd64&apos;, os.version: &apos;6.11.0-1018-azure&apos;, java.version: &apos;11.0.27&apos;
Driver info: org.openqa.selenium.firefox.FirefoxDriver
Command: [43e4cd38-1157-4456-aee8-5882a034d8ff, findElement {using=xpath, value=//a[text()=&apos;Key Value&apos;]/parent::li}]
Capabilities {acceptInsecureCerts: true, browserName: firefox, browserVersion: 141.0, moz:accessibilityChecks: false, moz:buildID: 20250717180000, moz:geckodriverVersion: 0.36.0, moz:headless: true, moz:platformVersion: 6.11.0-1018-azure, moz:processID: 13823, moz:profile: /tmp/rust_mozprofile8K3kIl, moz:shutdownTimeout: 60000, moz:webdriverClick: false, moz:windowless: false, pageLoadStrategy: normal, platformName: linux, proxy: Proxy(), setWindowRect: true, strictFileInteractability: false, timeouts: {implicit: 0, pageLoad: 300000, script: 30000}, unhandledPromptBehavior: dismiss and notify, userAgent: Mozilla/5.0 (X11; Linux x86...}
Session ID: 43e4cd38-1157-4456-aee8-5882a034d8ff
	at com.qa.util.DriverActions.click(DriverActions.java:105)
	at com.qa.pages.MetaDataPage.openKeyValueTab(MetaDataPage.java:215)
	at com.qa.testcases.MetaDataPageTest.createLinkDeleteKeyValuePair(MetaDataPageTest.java:158)
	at java.base/java.util.concurrent.ThreadPoolExecutor.runWorker(ThreadPoolExecutor.java:1128)
	at java.base/java.util.concurrent.ThreadPoolExecutor$Worker.run(ThreadPoolExecutor.java:628)
	at java.base/java.lang.Thread.run(Thread.java:829)
... Removed 12 stack frames</div></td></tr></table><p class="totop"><a href="#summary">back to summary</a></p>
<h3 id="m16">com.qa.testcases.MetaDataPageTest#createLinkDeleteTag</h3><table class="result"><tr><th>Exception</th></tr><tr><td><div class="stacktrace">java.lang.Exception: Element Proxy element for: DefaultElementLocator &apos;By.xpath: //a[text()=&apos;Tag&apos;]/parent::li&apos; is not clickable because: java.lang.Exception: Not able to find element &apos; Proxy element for: DefaultElementLocator &apos;By.xpath: //a[text()=&apos;Tag&apos;]/parent::li&apos; &apos;. Reason: org.openqa.selenium.NoSuchElementException: Unable to locate element: //a[text()=&apos;Tag&apos;]/parent::li
For documentation on this error, please visit: https://www.selenium.dev/documentation/webdriver/troubleshooting/errors#no-such-element-exception
Build info: version: &apos;4.25.0&apos;, revision: &apos;8a8aea2337&apos;
System info: os.name: &apos;Linux&apos;, os.arch: &apos;amd64&apos;, os.version: &apos;6.11.0-1018-azure&apos;, java.version: &apos;11.0.27&apos;
Driver info: org.openqa.selenium.firefox.FirefoxDriver
Command: [50cafc26-2d94-4939-bcf8-68652f96dac5, findElement {using=xpath, value=//a[text()=&apos;Tag&apos;]/parent::li}]
Capabilities {acceptInsecureCerts: true, browserName: firefox, browserVersion: 141.0, moz:accessibilityChecks: false, moz:buildID: 20250717180000, moz:geckodriverVersion: 0.36.0, moz:headless: true, moz:platformVersion: 6.11.0-1018-azure, moz:processID: 13173, moz:profile: /tmp/rust_mozprofilenDmrrU, moz:shutdownTimeout: 60000, moz:webdriverClick: false, moz:windowless: false, pageLoadStrategy: normal, platformName: linux, proxy: Proxy(), setWindowRect: true, strictFileInteractability: false, timeouts: {implicit: 0, pageLoad: 300000, script: 30000}, unhandledPromptBehavior: dismiss and notify, userAgent: Mozilla/5.0 (X11; Linux x86...}
Session ID: 50cafc26-2d94-4939-bcf8-68652f96dac5
	at com.qa.util.DriverActions.click(DriverActions.java:105)
	at com.qa.pages.MetaDataPage.openTagTab(MetaDataPage.java:210)
	at com.qa.testcases.MetaDataPageTest.createLinkDeleteTag(MetaDataPageTest.java:120)
	at java.base/java.util.concurrent.ThreadPoolExecutor.runWorker(ThreadPoolExecutor.java:1128)
	at java.base/java.util.concurrent.ThreadPoolExecutor$Worker.run(ThreadPoolExecutor.java:628)
	at java.base/java.lang.Thread.run(Thread.java:829)
... Removed 12 stack frames</div></td></tr></table><p class="totop"><a href="#summary">back to summary</a></p>
<h3 id="m17">com.qa.testcases.MetaDataPageTest#createLinkDeleteTaxonomy</h3><table class="result"><tr><th>Exception</th></tr><tr><td><div class="stacktrace">java.lang.NullPointerException
	at com.qa.util.DriverActions.elementStringifier(DriverActions.java:749)
	at com.qa.util.DriverActions.isDisplayed(DriverActions.java:407)
	at com.qa.pages.MetaDataPage.isTaxonomyPresent(MetaDataPage.java:236)
	at com.qa.testcases.MetaDataPageTest.createLinkDeleteTaxonomy(MetaDataPageTest.java:50)
	at java.base/java.util.concurrent.ThreadPoolExecutor.runWorker(ThreadPoolExecutor.java:1128)
	at java.base/java.util.concurrent.ThreadPoolExecutor$Worker.run(ThreadPoolExecutor.java:628)
	at java.base/java.lang.Thread.run(Thread.java:829)
... Removed 12 stack frames</div></td></tr></table><p class="totop"><a href="#summary">back to summary</a></p>
<h3 id="m18">com.qa.testcases.ProjectUsageDashboardPageTest#commentFilterAndListing</h3><table class="result"><tr><th>Exception</th></tr><tr><td><div class="stacktrace">java.lang.Exception: Element [[FirefoxDriver: firefox on linux (cd4ae9d9-97e9-4ee0-978b-5b1960c5a678)] -&gt; xpath: //button[normalize-space()=&apos;CONFIRM&apos;]] is not clickable because: org.openqa.selenium.InvalidElementStateException: Element is not enabled
Build info: version: &apos;4.25.0&apos;, revision: &apos;8a8aea2337&apos;
System info: os.name: &apos;Linux&apos;, os.arch: &apos;amd64&apos;, os.version: &apos;6.11.0-1018-azure&apos;, java.version: &apos;11.0.27&apos;
Driver info: org.openqa.selenium.firefox.FirefoxDriver
Command: [cd4ae9d9-97e9-4ee0-978b-5b1960c5a678, clickElement {id=b66babc2-f4a3-4588-9b47-4d9a2eb819f2}]
Capabilities {acceptInsecureCerts: true, browserName: firefox, browserVersion: 141.0, moz:accessibilityChecks: false, moz:buildID: 20250717180000, moz:geckodriverVersion: 0.36.0, moz:headless: true, moz:platformVersion: 6.11.0-1018-azure, moz:processID: 25265, moz:profile: /tmp/rust_mozprofilePBGNC7, moz:shutdownTimeout: 60000, moz:webdriverClick: false, moz:windowless: false, pageLoadStrategy: normal, platformName: linux, proxy: Proxy(), setWindowRect: true, strictFileInteractability: false, timeouts: {implicit: 0, pageLoad: 300000, script: 30000}, unhandledPromptBehavior: dismiss and notify, userAgent: Mozilla/5.0 (X11; Linux x86...}
Element: [[FirefoxDriver: firefox on linux (cd4ae9d9-97e9-4ee0-978b-5b1960c5a678)] -&gt; xpath: //button[normalize-space()=&apos;CONFIRM&apos;]]
Session ID: cd4ae9d9-97e9-4ee0-978b-5b1960c5a678
	at com.qa.util.DriverActions.click(DriverActions.java:105)
	at com.qa.pages.ProjectUserManagementPage.addUser(ProjectUserManagementPage.java:77)
	at com.qa.testcases.ProjectUsageDashboardPageTest.commentFilterAndListing(ProjectUsageDashboardPageTest.java:204)
	at java.base/java.util.concurrent.ThreadPoolExecutor.runWorker(ThreadPoolExecutor.java:1128)
	at java.base/java.util.concurrent.ThreadPoolExecutor$Worker.run(ThreadPoolExecutor.java:628)
	at java.base/java.lang.Thread.run(Thread.java:829)
... Removed 12 stack frames</div></td></tr></table><p class="totop"><a href="#summary">back to summary</a></p>
<h3 id="m19">com.qa.testcases.ProjectUsageDashboardPageTest#taskFilterAndListing</h3><table class="result"><tr><th>Exception</th></tr><tr><td><div class="stacktrace">java.lang.Exception: Element [[FirefoxDriver: firefox on linux (c0d9f1ee-d60d-450a-87d4-01d1cc5bedad)] -&gt; xpath: //button[normalize-space()=&apos;CONFIRM&apos;]] is not clickable because: org.openqa.selenium.InvalidElementStateException: Element is not enabled
Build info: version: &apos;4.25.0&apos;, revision: &apos;8a8aea2337&apos;
System info: os.name: &apos;Linux&apos;, os.arch: &apos;amd64&apos;, os.version: &apos;6.11.0-1018-azure&apos;, java.version: &apos;11.0.27&apos;
Driver info: org.openqa.selenium.firefox.FirefoxDriver
Command: [c0d9f1ee-d60d-450a-87d4-01d1cc5bedad, clickElement {id=75172c2d-ce24-4caa-9e36-199ab9fbf76a}]
Capabilities {acceptInsecureCerts: true, browserName: firefox, browserVersion: 141.0, moz:accessibilityChecks: false, moz:buildID: 20250717180000, moz:geckodriverVersion: 0.36.0, moz:headless: true, moz:platformVersion: 6.11.0-1018-azure, moz:processID: 24302, moz:profile: /tmp/rust_mozprofileP31O9S, moz:shutdownTimeout: 60000, moz:webdriverClick: false, moz:windowless: false, pageLoadStrategy: normal, platformName: linux, proxy: Proxy(), setWindowRect: true, strictFileInteractability: false, timeouts: {implicit: 0, pageLoad: 300000, script: 30000}, unhandledPromptBehavior: dismiss and notify, userAgent: Mozilla/5.0 (X11; Linux x86...}
Element: [[FirefoxDriver: firefox on linux (c0d9f1ee-d60d-450a-87d4-01d1cc5bedad)] -&gt; xpath: //button[normalize-space()=&apos;CONFIRM&apos;]]
Session ID: c0d9f1ee-d60d-450a-87d4-01d1cc5bedad
	at com.qa.util.DriverActions.click(DriverActions.java:105)
	at com.qa.pages.ProjectUserManagementPage.addUser(ProjectUserManagementPage.java:77)
	at com.qa.testcases.ProjectUsageDashboardPageTest.taskFilterAndListing(ProjectUsageDashboardPageTest.java:171)
	at java.base/java.util.concurrent.ThreadPoolExecutor.runWorker(ThreadPoolExecutor.java:1128)
	at java.base/java.util.concurrent.ThreadPoolExecutor$Worker.run(ThreadPoolExecutor.java:628)
	at java.base/java.lang.Thread.run(Thread.java:829)
... Removed 12 stack frames</div></td></tr></table><p class="totop"><a href="#summary">back to summary</a></p>
<h3 id="m20">com.qa.testcases.ProjectUsageDashboardPageTest#verifyUsersWidgetListing</h3><table class="result"><tr><th>Exception</th></tr><tr><td><div class="stacktrace">java.lang.Exception: Element [[FirefoxDriver: firefox on linux (ec02edd0-75bf-484a-a6a8-c468723d4237)] -&gt; xpath: //button[normalize-space()=&apos;CONFIRM&apos;]] is not clickable because: org.openqa.selenium.InvalidElementStateException: Element is not enabled
Build info: version: &apos;4.25.0&apos;, revision: &apos;8a8aea2337&apos;
System info: os.name: &apos;Linux&apos;, os.arch: &apos;amd64&apos;, os.version: &apos;6.11.0-1018-azure&apos;, java.version: &apos;11.0.27&apos;
Driver info: org.openqa.selenium.firefox.FirefoxDriver
Command: [ec02edd0-75bf-484a-a6a8-c468723d4237, clickElement {id=7047054f-972a-4437-89ea-d4aa06d98dec}]
Capabilities {acceptInsecureCerts: true, browserName: firefox, browserVersion: 141.0, moz:accessibilityChecks: false, moz:buildID: 20250717180000, moz:geckodriverVersion: 0.36.0, moz:headless: true, moz:platformVersion: 6.11.0-1018-azure, moz:processID: 22376, moz:profile: /tmp/rust_mozprofileiLNwgI, moz:shutdownTimeout: 60000, moz:webdriverClick: false, moz:windowless: false, pageLoadStrategy: normal, platformName: linux, proxy: Proxy(), setWindowRect: true, strictFileInteractability: false, timeouts: {implicit: 0, pageLoad: 300000, script: 30000}, unhandledPromptBehavior: dismiss and notify, userAgent: Mozilla/5.0 (X11; Linux x86...}
Element: [[FirefoxDriver: firefox on linux (ec02edd0-75bf-484a-a6a8-c468723d4237)] -&gt; xpath: //button[normalize-space()=&apos;CONFIRM&apos;]]
Session ID: ec02edd0-75bf-484a-a6a8-c468723d4237
	at com.qa.util.DriverActions.click(DriverActions.java:105)
	at com.qa.pages.ProjectUserManagementPage.addUser(ProjectUserManagementPage.java:77)
	at com.qa.testcases.ProjectUsageDashboardPageTest.verifyUsersWidgetListing(ProjectUsageDashboardPageTest.java:115)
	at java.base/java.util.concurrent.ThreadPoolExecutor.runWorker(ThreadPoolExecutor.java:1128)
	at java.base/java.util.concurrent.ThreadPoolExecutor$Worker.run(ThreadPoolExecutor.java:628)
	at java.base/java.lang.Thread.run(Thread.java:829)
... Removed 12 stack frames</div></td></tr></table><p class="totop"><a href="#summary">back to summary</a></p>
<h3 id="m21">com.qa.testcases.AdministrationPageTest#assignModuleToUser</h3><table class="result"><tr><th>Exception</th></tr><tr><td><div class="stacktrace">java.lang.Exception: Element Proxy element for: DefaultElementLocator &apos;By.xpath: //button[@id=&apos;profileDropdownMenu&apos;]&apos; is not clickable because: java.lang.Exception: Not able to find element &apos; Proxy element for: DefaultElementLocator &apos;By.xpath: //button[@id=&apos;profileDropdownMenu&apos;]&apos; &apos;. Reason: org.openqa.selenium.NoSuchElementException: Unable to locate element: //button[@id=&apos;profileDropdownMenu&apos;]
For documentation on this error, please visit: https://www.selenium.dev/documentation/webdriver/troubleshooting/errors#no-such-element-exception
Build info: version: &apos;4.25.0&apos;, revision: &apos;8a8aea2337&apos;
System info: os.name: &apos;Linux&apos;, os.arch: &apos;amd64&apos;, os.version: &apos;6.11.0-1018-azure&apos;, java.version: &apos;11.0.27&apos;
Driver info: org.openqa.selenium.firefox.FirefoxDriver
Command: [7b3b1598-6012-45ef-9368-319ad0c19323, findElement {using=xpath, value=//button[@id=&apos;profileDropdownMenu&apos;]}]
Capabilities {acceptInsecureCerts: true, browserName: firefox, browserVersion: 141.0, moz:accessibilityChecks: false, moz:buildID: 20250717180000, moz:geckodriverVersion: 0.36.0, moz:headless: true, moz:platformVersion: 6.11.0-1018-azure, moz:processID: 27329, moz:profile: /tmp/rust_mozprofile9PG9bp, moz:shutdownTimeout: 60000, moz:webdriverClick: false, moz:windowless: false, pageLoadStrategy: normal, platformName: linux, proxy: Proxy(), setWindowRect: true, strictFileInteractability: false, timeouts: {implicit: 0, pageLoad: 300000, script: 30000}, unhandledPromptBehavior: dismiss and notify, userAgent: Mozilla/5.0 (X11; Linux x86...}
Session ID: 7b3b1598-6012-45ef-9368-319ad0c19323
	at com.qa.util.DriverActions.click(DriverActions.java:105)
	at com.qa.pages.common.CommonPage.clickOnGoToAdministration(CommonPage.java:118)
	at com.qa.testcases.AdministrationPageTest.navigateToAdminPage(AdministrationPageTest.java:53)
	at java.base/java.util.concurrent.ThreadPoolExecutor.runWorker(ThreadPoolExecutor.java:1128)
	at java.base/java.util.concurrent.ThreadPoolExecutor$Worker.run(ThreadPoolExecutor.java:628)
	at java.base/java.lang.Thread.run(Thread.java:829)
... Removed 16 stack frames</div></td></tr></table><p class="totop"><a href="#summary">back to summary</a></p>
<h3 id="m22">com.qa.testcases.CourseEditorPageTest#updateNodeTitle</h3><table class="result"><tr><th>Exception</th></tr><tr><td><div class="stacktrace">java.lang.Exception: Element Proxy element for: DefaultElementLocator &apos;By.xpath: //button[contains(@ng-click,&apos;createProject&apos;)]&apos; is not clickable because: java.lang.Exception: Not able to find element &apos; Proxy element for: DefaultElementLocator &apos;By.xpath: //button[contains(@ng-click,&apos;createProject&apos;)]&apos; &apos;. Reason: org.openqa.selenium.NoSuchElementException: Unable to locate element: //button[contains(@ng-click,&apos;createProject&apos;)]
For documentation on this error, please visit: https://www.selenium.dev/documentation/webdriver/troubleshooting/errors#no-such-element-exception
Build info: version: &apos;4.25.0&apos;, revision: &apos;8a8aea2337&apos;
System info: os.name: &apos;Linux&apos;, os.arch: &apos;amd64&apos;, os.version: &apos;6.11.0-1018-azure&apos;, java.version: &apos;11.0.27&apos;
Driver info: org.openqa.selenium.firefox.FirefoxDriver
Command: [21e72baa-ccab-4f5e-8d2e-778951503f3f, findElement {using=xpath, value=//button[contains(@ng-click,&apos;createProject&apos;)]}]
Capabilities {acceptInsecureCerts: true, browserName: firefox, browserVersion: 141.0, moz:accessibilityChecks: false, moz:buildID: 20250717180000, moz:geckodriverVersion: 0.36.0, moz:headless: true, moz:platformVersion: 6.11.0-1018-azure, moz:processID: 27640, moz:profile: /tmp/rust_mozprofileExfwyN, moz:shutdownTimeout: 60000, moz:webdriverClick: false, moz:windowless: false, pageLoadStrategy: normal, platformName: linux, proxy: Proxy(), setWindowRect: true, strictFileInteractability: false, timeouts: {implicit: 0, pageLoad: 300000, script: 30000}, unhandledPromptBehavior: dismiss and notify, userAgent: Mozilla/5.0 (X11; Linux x86...}
Session ID: 21e72baa-ccab-4f5e-8d2e-778951503f3f
	at com.qa.util.DriverActions.click(DriverActions.java:105)
	at com.qa.pages.DashboardPage.clickOnCreateNewProject(DashboardPage.java:136)
	at com.qa.testcases.CourseEditorPageTest.navigateToCourseEditorPage(CourseEditorPageTest.java:58)
	at java.base/java.util.concurrent.ThreadPoolExecutor.runWorker(ThreadPoolExecutor.java:1128)
	at java.base/java.util.concurrent.ThreadPoolExecutor$Worker.run(ThreadPoolExecutor.java:628)
	at java.base/java.lang.Thread.run(Thread.java:829)
... Removed 16 stack frames</div></td></tr></table><p class="totop"><a href="#summary">back to summary</a></p>
<h3 id="m23">com.qa.testcases.GlossaryPageTest#createViewDeleteLinkedTerm</h3><table class="result"><tr><th>Exception</th></tr><tr><td><div class="stacktrace">java.lang.Exception: Element Proxy element for: DefaultElementLocator &apos;By.xpath: //div[contains(@class,&apos;theme-block&apos;)]&apos; is not clickable because: java.lang.Exception: Not able to find element &apos; Proxy element for: DefaultElementLocator &apos;By.xpath: //div[contains(@class,&apos;theme-block&apos;)]&apos; &apos;. Reason: org.openqa.selenium.NoSuchElementException: Unable to locate element: //div[contains(@class,&apos;theme-block&apos;)]
For documentation on this error, please visit: https://www.selenium.dev/documentation/webdriver/troubleshooting/errors#no-such-element-exception
Build info: version: &apos;4.25.0&apos;, revision: &apos;8a8aea2337&apos;
System info: os.name: &apos;Linux&apos;, os.arch: &apos;amd64&apos;, os.version: &apos;6.11.0-1018-azure&apos;, java.version: &apos;11.0.27&apos;
Driver info: org.openqa.selenium.firefox.FirefoxDriver
Command: [11a33db5-8916-4f59-ae1a-91e6d753b3b5, findElement {using=xpath, value=//div[contains(@class,&apos;theme-block&apos;)]}]
Capabilities {acceptInsecureCerts: true, browserName: firefox, browserVersion: 141.0, moz:accessibilityChecks: false, moz:buildID: 20250717180000, moz:geckodriverVersion: 0.36.0, moz:headless: true, moz:platformVersion: 6.11.0-1018-azure, moz:processID: 17980, moz:profile: /tmp/rust_mozprofile1dMoIN, moz:shutdownTimeout: 60000, moz:webdriverClick: false, moz:windowless: false, pageLoadStrategy: normal, platformName: linux, proxy: Proxy(), setWindowRect: true, strictFileInteractability: false, timeouts: {implicit: 0, pageLoad: 300000, script: 30000}, unhandledPromptBehavior: dismiss and notify, userAgent: Mozilla/5.0 (X11; Linux x86...}
Session ID: 11a33db5-8916-4f59-ae1a-91e6d753b3b5
	at com.qa.util.DriverActions.click(DriverActions.java:105)
	at com.qa.pages.CreateProjectPage.setThemeCard(CreateProjectPage.java:186)
	at com.qa.pages.CreateProjectPage.createProject(CreateProjectPage.java:128)
	at com.qa.testcases.GlossaryPageTest.navigateToGlossaryPage(GlossaryPageTest.java:39)
	at java.base/java.util.concurrent.ThreadPoolExecutor.runWorker(ThreadPoolExecutor.java:1128)
	at java.base/java.util.concurrent.ThreadPoolExecutor$Worker.run(ThreadPoolExecutor.java:628)
	at java.base/java.lang.Thread.run(Thread.java:829)
... Removed 16 stack frames</div></td></tr></table><p class="totop"><a href="#summary">back to summary</a></p>
<h3 id="m24">com.qa.testcases.AssessmentQuestionDetailsPageTest#verifyUUIDandVTWID</h3><table class="result"><tr><th>Exception</th></tr><tr><td><div class="stacktrace">java.lang.Exception: Element Proxy element for: DefaultElementLocator &apos;By.xpath: //button[normalize-space()=&apos;OK&apos;]&apos; is not clickable because: java.lang.Exception: Not able to find element &apos; Proxy element for: DefaultElementLocator &apos;By.xpath: //button[normalize-space()=&apos;OK&apos;]&apos; &apos;. Reason: org.openqa.selenium.NoSuchElementException: Unable to locate element: //button[normalize-space()=&apos;OK&apos;]
For documentation on this error, please visit: https://www.selenium.dev/documentation/webdriver/troubleshooting/errors#no-such-element-exception
Build info: version: &apos;4.25.0&apos;, revision: &apos;8a8aea2337&apos;
System info: os.name: &apos;Linux&apos;, os.arch: &apos;amd64&apos;, os.version: &apos;6.11.0-1018-azure&apos;, java.version: &apos;11.0.27&apos;
Driver info: org.openqa.selenium.firefox.FirefoxDriver
Command: [6b06f69b-c846-4a7e-92f6-2b6d2d771ed1, findElement {using=xpath, value=//button[normalize-space()=&apos;OK&apos;]}]
Capabilities {acceptInsecureCerts: true, browserName: firefox, browserVersion: 141.0, moz:accessibilityChecks: false, moz:buildID: 20250717180000, moz:geckodriverVersion: 0.36.0, moz:headless: true, moz:platformVersion: 6.11.0-1018-azure, moz:processID: 19901, moz:profile: /tmp/rust_mozprofilePjTfI7, moz:shutdownTimeout: 60000, moz:webdriverClick: false, moz:windowless: false, pageLoadStrategy: normal, platformName: linux, proxy: Proxy(), setWindowRect: true, strictFileInteractability: false, timeouts: {implicit: 0, pageLoad: 300000, script: 30000}, unhandledPromptBehavior: dismiss and notify, userAgent: Mozilla/5.0 (X11; Linux x86...}
Session ID: 6b06f69b-c846-4a7e-92f6-2b6d2d771ed1
	at com.qa.util.DriverActions.click(DriverActions.java:105)
	at com.qa.pages.AssessmentQuestionsDetailsPage.clickOk(AssessmentQuestionsDetailsPage.java:552)
	at com.qa.testcases.AssessmentQuestionDetailsPageTest.verifyUUIDandVTWID(AssessmentQuestionDetailsPageTest.java:116)
	at java.base/java.util.concurrent.ThreadPoolExecutor.runWorker(ThreadPoolExecutor.java:1128)
	at java.base/java.util.concurrent.ThreadPoolExecutor$Worker.run(ThreadPoolExecutor.java:628)
	at java.base/java.lang.Thread.run(Thread.java:829)
... Removed 12 stack frames</div></td></tr></table><p class="totop"><a href="#summary">back to summary</a></p>
<h3 id="m25">com.qa.testcases.BuildingBlocksPageTest#createGlobalEDUPUBpattern</h3><table class="result"><tr><th>Exception</th></tr><tr><td><div class="stacktrace">java.lang.Exception: java.lang.Exception: Not able to find element &apos; Proxy element for: DefaultElementLocator &apos;By.name: search_text&apos; &apos;. Reason: org.openqa.selenium.NoSuchElementException: Unable to locate element: *[name=&apos;search_text&apos;]
For documentation on this error, please visit: https://www.selenium.dev/documentation/webdriver/troubleshooting/errors#no-such-element-exception
Build info: version: &apos;4.25.0&apos;, revision: &apos;8a8aea2337&apos;
System info: os.name: &apos;Linux&apos;, os.arch: &apos;amd64&apos;, os.version: &apos;6.11.0-1018-azure&apos;, java.version: &apos;11.0.27&apos;
Driver info: org.openqa.selenium.firefox.FirefoxDriver
Command: [560f4fe7-bf22-455c-a2c6-1ff065455e73, findElement {using=name, value=search_text}]
Capabilities {acceptInsecureCerts: true, browserName: firefox, browserVersion: 141.0, moz:accessibilityChecks: false, moz:buildID: 20250717180000, moz:geckodriverVersion: 0.36.0, moz:headless: true, moz:platformVersion: 6.11.0-1018-azure, moz:processID: 10907, moz:profile: /tmp/rust_mozprofileO7MDT3, moz:shutdownTimeout: 60000, moz:webdriverClick: false, moz:windowless: false, pageLoadStrategy: normal, platformName: linux, proxy: Proxy(), setWindowRect: true, strictFileInteractability: false, timeouts: {implicit: 0, pageLoad: 300000, script: 30000}, unhandledPromptBehavior: dismiss and notify, userAgent: Mozilla/5.0 (X11; Linux x86...}
Session ID: 560f4fe7-bf22-455c-a2c6-1ff065455e73
	at com.qa.util.DriverActions.clear(DriverActions.java:118)
	at com.qa.pages.BuildingBlocksPage.searchPattern(BuildingBlocksPage.java:146)
	at com.qa.pages.BuildingBlocksPage.deletePattern(BuildingBlocksPage.java:169)
	at com.qa.testcases.BuildingBlocksPageTest.createGlobalEDUPUBpattern(BuildingBlocksPageTest.java:62)
	at java.base/java.util.concurrent.ThreadPoolExecutor.runWorker(ThreadPoolExecutor.java:1128)
	at java.base/java.util.concurrent.ThreadPoolExecutor$Worker.run(ThreadPoolExecutor.java:628)
	at java.base/java.lang.Thread.run(Thread.java:829)
Caused by: java.lang.Exception: Not able to find element &apos; Proxy element for: DefaultElementLocator &apos;By.name: search_text&apos; &apos;. Reason: org.openqa.selenium.NoSuchElementException: Unable to locate element: *[name=&apos;search_text&apos;]
For documentation on this error, please visit: https://www.selenium.dev/documentation/webdriver/troubleshooting/errors#no-such-element-exception
Build info: version: &apos;4.25.0&apos;, revision: &apos;8a8aea2337&apos;
System info: os.name: &apos;Linux&apos;, os.arch: &apos;amd64&apos;, os.version: &apos;6.11.0-1018-azure&apos;, java.version: &apos;11.0.27&apos;
Driver info: org.openqa.selenium.firefox.FirefoxDriver
Command: [560f4fe7-bf22-455c-a2c6-1ff065455e73, findElement {using=name, value=search_text}]
Capabilities {acceptInsecureCerts: true, browserName: firefox, browserVersion: 141.0, moz:accessibilityChecks: false, moz:buildID: 20250717180000, moz:geckodriverVersion: 0.36.0, moz:headless: true, moz:platformVersion: 6.11.0-1018-azure, moz:processID: 10907, moz:profile: /tmp/rust_mozprofileO7MDT3, moz:shutdownTimeout: 60000, moz:webdriverClick: false, moz:windowless: false, pageLoadStrategy: normal, platformName: linux, proxy: Proxy(), setWindowRect: true, strictFileInteractability: false, timeouts: {implicit: 0, pageLoad: 300000, script: 30000}, unhandledPromptBehavior: dismiss and notify, userAgent: Mozilla/5.0 (X11; Linux x86...}
Session ID: 560f4fe7-bf22-455c-a2c6-1ff065455e73
	at com.qa.util.DriverActions.explicitlyWait(DriverActions.java:92)
	at com.qa.util.DriverActions.clear(DriverActions.java:113)
	... 18 more
... Removed 12 stack frames</div></td></tr></table><p class="totop"><a href="#summary">back to summary</a></p>
<h3 id="m26">com.qa.testcases.BuildingBlocksPageTest#createGlobalTemplate</h3><table class="result"><tr><th>Exception</th></tr><tr><td><div class="stacktrace">org.openqa.selenium.NoSuchElementException: Pattern with name &apos;X5R33GT3FG2MLAHS9&apos; not found in any page.
For documentation on this error, please visit: https://www.selenium.dev/documentation/webdriver/troubleshooting/errors#no-such-element-exception
Build info: version: &apos;4.25.0&apos;, revision: &apos;8a8aea2337&apos;
System info: os.name: &apos;Linux&apos;, os.arch: &apos;amd64&apos;, os.version: &apos;6.11.0-1018-azure&apos;, java.version: &apos;11.0.27&apos;
Driver info: driver.version: unknown
	at com.qa.pages.CourseEditorPage.AddPatternToEditor(CourseEditorPage.java:624)
	at com.qa.testcases.BuildingBlocksPageTest.createGlobalTemplate(BuildingBlocksPageTest.java:110)
	at java.base/java.util.concurrent.ThreadPoolExecutor.runWorker(ThreadPoolExecutor.java:1128)
	at java.base/java.util.concurrent.ThreadPoolExecutor$Worker.run(ThreadPoolExecutor.java:628)
	at java.base/java.lang.Thread.run(Thread.java:829)
... Removed 12 stack frames</div></td></tr></table><p class="totop"><a href="#summary">back to summary</a></p>
<h3 id="m27">com.qa.testcases.CourseEditorPageTest#addEditDeleteExpositoryImage</h3><table class="result"><tr><th>Exception</th></tr><tr><td><div class="stacktrace">org.openqa.selenium.TimeoutException: Expected condition failed: waiting for text (&apos;1 Record&apos;) to be present in element [[FirefoxDriver: firefox on linux (9256cb17-a2b9-45c0-9d14-e6e90cde59ee)] -&gt; xpath: //div[contains(@class,&apos;selectmedia-text&apos;)]/descendant::h2] (tried for 60 second(s) with 500 milliseconds interval)
Build info: version: &apos;4.25.0&apos;, revision: &apos;8a8aea2337&apos;
System info: os.name: &apos;Linux&apos;, os.arch: &apos;amd64&apos;, os.version: &apos;6.11.0-1018-azure&apos;, java.version: &apos;11.0.27&apos;
Driver info: org.openqa.selenium.firefox.FirefoxDriver
Capabilities {acceptInsecureCerts: true, browserName: firefox, browserVersion: 141.0, moz:accessibilityChecks: false, moz:buildID: 20250717180000, moz:geckodriverVersion: 0.36.0, moz:headless: true, moz:platformVersion: 6.11.0-1018-azure, moz:processID: 27956, moz:profile: /tmp/rust_mozprofileVqDWUy, moz:shutdownTimeout: 60000, moz:webdriverClick: false, moz:windowless: false, pageLoadStrategy: normal, platformName: linux, proxy: Proxy(), setWindowRect: true, strictFileInteractability: false, timeouts: {implicit: 0, pageLoad: 300000, script: 30000}, unhandledPromptBehavior: dismiss and notify, userAgent: Mozilla/5.0 (X11; Linux x86...}
Session ID: 9256cb17-a2b9-45c0-9d14-e6e90cde59ee
	at org.openqa.selenium.support.ui.WebDriverWait.timeoutException(WebDriverWait.java:84)
	at org.openqa.selenium.support.ui.FluentWait.until(FluentWait.java:228)
	at com.qa.pages.CourseEditorPage.selectExpositoryImages(CourseEditorPage.java:1083)
	at com.qa.pages.CourseEditorPage.select1stExpositoryImage(CourseEditorPage.java:1093)
	at com.qa.testcases.CourseEditorPageTest.addEditDeleteExpositoryImage(CourseEditorPageTest.java:193)
	at java.base/java.util.concurrent.ThreadPoolExecutor.runWorker(ThreadPoolExecutor.java:1128)
	at java.base/java.util.concurrent.ThreadPoolExecutor$Worker.run(ThreadPoolExecutor.java:628)
	at java.base/java.lang.Thread.run(Thread.java:829)
... Removed 12 stack frames</div></td></tr></table><p class="totop"><a href="#summary">back to summary</a></p>
<h3 id="m28">com.qa.testcases.CourseEditorPageTest#addEditPreviewHotSpot</h3><table class="result"><tr><th>Exception</th></tr><tr><td><div class="stacktrace">java.lang.Exception: Element Proxy element for: DefaultElementLocator &apos;By.xpath: //div[contains(@class,&apos;toolBoxLarge to-set&apos;)]&apos; is not clickable because: java.lang.Exception: Not able to find element &apos; Proxy element for: DefaultElementLocator &apos;By.xpath: //div[contains(@class,&apos;toolBoxLarge to-set&apos;)]&apos; &apos;. Reason: org.openqa.selenium.NoSuchElementException: Unable to locate element: //div[contains(@class,&apos;toolBoxLarge to-set&apos;)]
For documentation on this error, please visit: https://www.selenium.dev/documentation/webdriver/troubleshooting/errors#no-such-element-exception
Build info: version: &apos;4.25.0&apos;, revision: &apos;8a8aea2337&apos;
System info: os.name: &apos;Linux&apos;, os.arch: &apos;amd64&apos;, os.version: &apos;6.11.0-1018-azure&apos;, java.version: &apos;11.0.27&apos;
Driver info: org.openqa.selenium.firefox.FirefoxDriver
Command: [d9118d72-7e47-4c13-ba33-7b7c839b801b, findElement {using=xpath, value=//div[contains(@class,&apos;toolBoxLarge to-set&apos;)]}]
Capabilities {acceptInsecureCerts: true, browserName: firefox, browserVersion: 141.0, moz:accessibilityChecks: false, moz:buildID: 20250717180000, moz:geckodriverVersion: 0.36.0, moz:headless: true, moz:platformVersion: 6.11.0-1018-azure, moz:processID: 28644, moz:profile: /tmp/rust_mozprofileQWK2ZB, moz:shutdownTimeout: 60000, moz:webdriverClick: false, moz:windowless: false, pageLoadStrategy: normal, platformName: linux, proxy: Proxy(), setWindowRect: true, strictFileInteractability: false, timeouts: {implicit: 0, pageLoad: 300000, script: 30000}, unhandledPromptBehavior: dismiss and notify, userAgent: Mozilla/5.0 (X11; Linux x86...}
Session ID: d9118d72-7e47-4c13-ba33-7b7c839b801b
	at com.qa.util.DriverActions.click(DriverActions.java:105)
	at com.qa.pages.CourseEditorPage.clickOnEditWidget(CourseEditorPage.java:1231)
	at com.qa.testcases.CourseEditorPageTest.addEditPreviewHotSpot(CourseEditorPageTest.java:281)
	at java.base/java.util.concurrent.ThreadPoolExecutor.runWorker(ThreadPoolExecutor.java:1128)
	at java.base/java.util.concurrent.ThreadPoolExecutor$Worker.run(ThreadPoolExecutor.java:628)
	at java.base/java.lang.Thread.run(Thread.java:829)
... Removed 12 stack frames</div></td></tr></table><p class="totop"><a href="#summary">back to summary</a></p>
<h3 id="m29">com.qa.testcases.CourseEditorPageTest#verifyContentScreenVersioning</h3><table class="result"><tr><th>Exception</th></tr><tr><td><div class="stacktrace">java.lang.AssertionError: The following asserts failed:
	Version 4 Note does not match!! expected [Raphael] but found [],
	Version 5 notes list mismatch!!: Lists differ at element [0]: expeditaChloecrocodile !=  expected [expeditaChloecrocodile] but found []
	at com.qa.testcases.CourseEditorPageTest.verifyContentScreenVersioning(CourseEditorPageTest.java:376)
	at java.base/java.util.concurrent.ThreadPoolExecutor.runWorker(ThreadPoolExecutor.java:1128)
	at java.base/java.util.concurrent.ThreadPoolExecutor$Worker.run(ThreadPoolExecutor.java:628)
	at java.base/java.lang.Thread.run(Thread.java:829)
... Removed 14 stack frames</div></td></tr></table><p class="totop"><a href="#summary">back to summary</a></p>
<h3 id="m30">com.qa.testcases.EditTOCPageTest#createAndUpdateNodes</h3><table class="result"><tr><th>Exception</th></tr><tr><td><div class="stacktrace">java.lang.Exception: java.lang.Exception: Not able to find element &apos; Proxy element for: DefaultElementLocator &apos;By.name: search_text&apos; &apos;. Reason: org.openqa.selenium.NoSuchElementException: Unable to locate element: *[name=&apos;search_text&apos;]
For documentation on this error, please visit: https://www.selenium.dev/documentation/webdriver/troubleshooting/errors#no-such-element-exception
Build info: version: &apos;4.25.0&apos;, revision: &apos;8a8aea2337&apos;
System info: os.name: &apos;Linux&apos;, os.arch: &apos;amd64&apos;, os.version: &apos;6.11.0-1018-azure&apos;, java.version: &apos;11.0.27&apos;
Driver info: org.openqa.selenium.firefox.FirefoxDriver
Command: [b2408dd5-32f4-465e-92d9-498d217695a2, findElement {using=name, value=search_text}]
Capabilities {acceptInsecureCerts: true, browserName: firefox, browserVersion: 141.0, moz:accessibilityChecks: false, moz:buildID: 20250717180000, moz:geckodriverVersion: 0.36.0, moz:headless: true, moz:platformVersion: 6.11.0-1018-azure, moz:processID: 4229, moz:profile: /tmp/rust_mozprofilefaakmj, moz:shutdownTimeout: 60000, moz:webdriverClick: false, moz:windowless: false, pageLoadStrategy: normal, platformName: linux, proxy: Proxy(), setWindowRect: true, strictFileInteractability: false, timeouts: {implicit: 0, pageLoad: 300000, script: 30000}, unhandledPromptBehavior: dismiss and notify, userAgent: Mozilla/5.0 (X11; Linux x86...}
Session ID: b2408dd5-32f4-465e-92d9-498d217695a2
	at com.qa.util.DriverActions.sendKeys(DriverActions.java:150)
	at com.qa.pages.AssessmentPage.searchAssessment(AssessmentPage.java:112)
	at com.qa.pages.AssessmentPage.openAssessment(AssessmentPage.java:105)
	at com.qa.testcases.EditTOCPageTest.createAndUpdateNodes(EditTOCPageTest.java:118)
	at java.base/java.util.concurrent.ThreadPoolExecutor.runWorker(ThreadPoolExecutor.java:1128)
	at java.base/java.util.concurrent.ThreadPoolExecutor$Worker.run(ThreadPoolExecutor.java:628)
	at java.base/java.lang.Thread.run(Thread.java:829)
Caused by: java.lang.Exception: Not able to find element &apos; Proxy element for: DefaultElementLocator &apos;By.name: search_text&apos; &apos;. Reason: org.openqa.selenium.NoSuchElementException: Unable to locate element: *[name=&apos;search_text&apos;]
For documentation on this error, please visit: https://www.selenium.dev/documentation/webdriver/troubleshooting/errors#no-such-element-exception
Build info: version: &apos;4.25.0&apos;, revision: &apos;8a8aea2337&apos;
System info: os.name: &apos;Linux&apos;, os.arch: &apos;amd64&apos;, os.version: &apos;6.11.0-1018-azure&apos;, java.version: &apos;11.0.27&apos;
Driver info: org.openqa.selenium.firefox.FirefoxDriver
Command: [b2408dd5-32f4-465e-92d9-498d217695a2, findElement {using=name, value=search_text}]
Capabilities {acceptInsecureCerts: true, browserName: firefox, browserVersion: 141.0, moz:accessibilityChecks: false, moz:buildID: 20250717180000, moz:geckodriverVersion: 0.36.0, moz:headless: true, moz:platformVersion: 6.11.0-1018-azure, moz:processID: 4229, moz:profile: /tmp/rust_mozprofilefaakmj, moz:shutdownTimeout: 60000, moz:webdriverClick: false, moz:windowless: false, pageLoadStrategy: normal, platformName: linux, proxy: Proxy(), setWindowRect: true, strictFileInteractability: false, timeouts: {implicit: 0, pageLoad: 300000, script: 30000}, unhandledPromptBehavior: dismiss and notify, userAgent: Mozilla/5.0 (X11; Linux x86...}
Session ID: b2408dd5-32f4-465e-92d9-498d217695a2
	at com.qa.util.DriverActions.explicitlyWait(DriverActions.java:92)
	at com.qa.util.DriverActions.sendKeys(DriverActions.java:139)
	... 18 more
... Removed 12 stack frames</div></td></tr></table><p class="totop"><a href="#summary">back to summary</a></p>
<h3 id="m31">com.qa.testcases.EditTOCPageTest#uploadAssetandCreateResourceNode</h3><table class="result"><tr><th>Exception</th></tr><tr><td><div class="stacktrace">java.lang.Exception: Element Proxy element for: DefaultElementLocator &apos;By.xpath: //div[@class=&apos;box-theme&apos;]/child::div[@class=&apos;images-select lor-design&apos;]&apos; is not clickable because: java.lang.Exception: Not able to find element &apos; Proxy element for: DefaultElementLocator &apos;By.xpath: //div[@class=&apos;box-theme&apos;]/child::div[@class=&apos;images-select lor-design&apos;]&apos; &apos;. Reason: org.openqa.selenium.NoSuchElementException: Unable to locate element: //div[@class=&apos;box-theme&apos;]/child::div[@class=&apos;images-select lor-design&apos;]
For documentation on this error, please visit: https://www.selenium.dev/documentation/webdriver/troubleshooting/errors#no-such-element-exception
Build info: version: &apos;4.25.0&apos;, revision: &apos;8a8aea2337&apos;
System info: os.name: &apos;Linux&apos;, os.arch: &apos;amd64&apos;, os.version: &apos;6.11.0-1018-azure&apos;, java.version: &apos;11.0.27&apos;
Driver info: org.openqa.selenium.firefox.FirefoxDriver
Command: [36196192-ea68-49ad-bb3c-c39607059f54, findElement {using=xpath, value=//div[@class=&apos;box-theme&apos;]/child::div[@class=&apos;images-select lor-design&apos;]}]
Capabilities {acceptInsecureCerts: true, browserName: firefox, browserVersion: 141.0, moz:accessibilityChecks: false, moz:buildID: 20250717180000, moz:geckodriverVersion: 0.36.0, moz:headless: true, moz:platformVersion: 6.11.0-1018-azure, moz:processID: 5086, moz:profile: /tmp/rust_mozprofiletdKoFJ, moz:shutdownTimeout: 60000, moz:webdriverClick: false, moz:windowless: false, pageLoadStrategy: normal, platformName: linux, proxy: Proxy(), setWindowRect: true, strictFileInteractability: false, timeouts: {implicit: 0, pageLoad: 300000, script: 30000}, unhandledPromptBehavior: dismiss and notify, userAgent: Mozilla/5.0 (X11; Linux x86...}
Session ID: 36196192-ea68-49ad-bb3c-c39607059f54
	at com.qa.util.DriverActions.click(DriverActions.java:105)
	at com.qa.pages.EbookManagementPage.createNewEbook(EbookManagementPage.java:90)
	at com.qa.testcases.EditTOCPageTest.uploadAssetandCreateResourceNode(EditTOCPageTest.java:272)
	at java.base/java.util.concurrent.ThreadPoolExecutor.runWorker(ThreadPoolExecutor.java:1128)
	at java.base/java.util.concurrent.ThreadPoolExecutor$Worker.run(ThreadPoolExecutor.java:628)
	at java.base/java.lang.Thread.run(Thread.java:829)
... Removed 12 stack frames</div></td></tr></table><p class="totop"><a href="#summary">back to summary</a></p>
<h3 id="m32">com.qa.testcases.EditTOCPageTest#verifyAlertsForAssessments</h3><table class="result"><tr><th>Exception</th></tr><tr><td><div class="stacktrace">java.lang.Exception: Element Proxy element for: DefaultElementLocator &apos;By.id: collapse&apos; is not clickable because: java.lang.Exception: Not able to find element &apos; Proxy element for: DefaultElementLocator &apos;By.id: collapse&apos; &apos;. Reason: org.openqa.selenium.NoSuchElementException: Unable to locate element: #collapse
For documentation on this error, please visit: https://www.selenium.dev/documentation/webdriver/troubleshooting/errors#no-such-element-exception
Build info: version: &apos;4.25.0&apos;, revision: &apos;8a8aea2337&apos;
System info: os.name: &apos;Linux&apos;, os.arch: &apos;amd64&apos;, os.version: &apos;6.11.0-1018-azure&apos;, java.version: &apos;11.0.27&apos;
Driver info: org.openqa.selenium.firefox.FirefoxDriver
Command: [aa879d2a-9785-43f5-8b09-203b20cb145d, findElement {using=id, value=collapse}]
Capabilities {acceptInsecureCerts: true, browserName: firefox, browserVersion: 141.0, moz:accessibilityChecks: false, moz:buildID: 20250717180000, moz:geckodriverVersion: 0.36.0, moz:headless: true, moz:platformVersion: 6.11.0-1018-azure, moz:processID: 8342, moz:profile: /tmp/rust_mozprofileQjQL3x, moz:shutdownTimeout: 60000, moz:webdriverClick: false, moz:windowless: false, pageLoadStrategy: normal, platformName: linux, proxy: Proxy(), setWindowRect: true, strictFileInteractability: false, timeouts: {implicit: 0, pageLoad: 300000, script: 30000}, unhandledPromptBehavior: dismiss and notify, userAgent: Mozilla/5.0 (X11; Linux x86...}
Session ID: aa879d2a-9785-43f5-8b09-203b20cb145d
	at com.qa.util.DriverActions.click(DriverActions.java:105)
	at com.qa.pages.EditTOCPage.expandTOCnodes(EditTOCPage.java:331)
	at com.qa.testcases.EditTOCPageTest.verifyAlertsForAssessments(EditTOCPageTest.java:417)
	at java.base/java.util.concurrent.ThreadPoolExecutor.runWorker(ThreadPoolExecutor.java:1128)
	at java.base/java.util.concurrent.ThreadPoolExecutor$Worker.run(ThreadPoolExecutor.java:628)
	at java.base/java.lang.Thread.run(Thread.java:829)
... Removed 12 stack frames</div></td></tr></table><p class="totop"><a href="#summary">back to summary</a></p>
<h3 id="m33">com.qa.testcases.EditTOCPageTest#verifyAlertsForContentScreens</h3><table class="result"><tr><th>Exception</th></tr><tr><td><div class="stacktrace">org.openqa.selenium.TimeoutException: Expected condition failed: waiting for visibility of Proxy element for: DefaultElementLocator &apos;By.className: tooltip-inner&apos; (tried for 60 second(s) with 500 milliseconds interval)
	at org.openqa.selenium.support.ui.WebDriverWait.timeoutException(WebDriverWait.java:84)
	at org.openqa.selenium.support.ui.FluentWait.until(FluentWait.java:228)
	at com.qa.pages.EditTOCPage.getAlertStatus(EditTOCPage.java:649)
	at com.qa.testcases.EditTOCPageTest.verifyAlertsForContentScreens(EditTOCPageTest.java:371)
	at java.base/java.util.concurrent.ThreadPoolExecutor.runWorker(ThreadPoolExecutor.java:1128)
	at java.base/java.util.concurrent.ThreadPoolExecutor$Worker.run(ThreadPoolExecutor.java:628)
	at java.base/java.lang.Thread.run(Thread.java:829)
Caused by: org.openqa.selenium.NoSuchElementException: Unable to locate element: .tooltip\-inner
For documentation on this error, please visit: https://www.selenium.dev/documentation/webdriver/troubleshooting/errors#no-such-element-exception
Build info: version: &apos;4.25.0&apos;, revision: &apos;8a8aea2337&apos;
System info: os.name: &apos;Linux&apos;, os.arch: &apos;amd64&apos;, os.version: &apos;6.11.0-1018-azure&apos;, java.version: &apos;11.0.27&apos;
Driver info: org.openqa.selenium.firefox.FirefoxDriver
Command: [ff35d0c1-f814-4cab-bc14-4019eb54c9e0, findElement {using=class name, value=tooltip-inner}]
Capabilities {acceptInsecureCerts: true, browserName: firefox, browserVersion: 141.0, moz:accessibilityChecks: false, moz:buildID: 20250717180000, moz:geckodriverVersion: 0.36.0, moz:headless: true, moz:platformVersion: 6.11.0-1018-azure, moz:processID: 7456, moz:profile: /tmp/rust_mozprofileyrh9Ye, moz:shutdownTimeout: 60000, moz:webdriverClick: false, moz:windowless: false, pageLoadStrategy: normal, platformName: linux, proxy: Proxy(), setWindowRect: true, strictFileInteractability: false, timeouts: {implicit: 0, pageLoad: 300000, script: 30000}, unhandledPromptBehavior: dismiss and notify, userAgent: Mozilla/5.0 (X11; Linux x86...}
Session ID: ff35d0c1-f814-4cab-bc14-4019eb54c9e0
	at org.openqa.selenium.remote.ErrorCodec.decode(ErrorCodec.java:167)
	at org.openqa.selenium.remote.codec.w3c.W3CHttpResponseCodec.decode(W3CHttpResponseCodec.java:138)
	at org.openqa.selenium.remote.codec.w3c.W3CHttpResponseCodec.decode(W3CHttpResponseCodec.java:50)
	at org.openqa.selenium.remote.HttpCommandExecutor.execute(HttpCommandExecutor.java:190)
	at org.openqa.selenium.remote.service.DriverCommandExecutor.invokeExecute(DriverCommandExecutor.java:216)
	at org.openqa.selenium.remote.service.DriverCommandExecutor.execute(DriverCommandExecutor.java:174)
	at org.openqa.selenium.remote.RemoteWebDriver.execute(RemoteWebDriver.java:545)
	at org.openqa.selenium.remote.ElementLocation$ElementFinder$2.findElement(ElementLocation.java:165)
	at org.openqa.selenium.remote.ElementLocation.findElement(ElementLocation.java:59)
	at org.openqa.selenium.remote.RemoteWebDriver.findElement(RemoteWebDriver.java:368)
	at org.openqa.selenium.remote.RemoteWebDriver.findElement(RemoteWebDriver.java:362)
	at org.openqa.selenium.support.pagefactory.DefaultElementLocator.findElement(DefaultElementLocator.java:68)
	at org.openqa.selenium.support.pagefactory.internal.LocatingElementHandler.invoke(LocatingElementHandler.java:38)
	at com.sun.proxy.$Proxy22.isDisplayed(Unknown Source)
	at org.openqa.selenium.support.ui.ExpectedConditions.elementIfVisible(ExpectedConditions.java:304)
	at org.openqa.selenium.support.ui.ExpectedConditions$10.apply(ExpectedConditions.java:290)
	at org.openqa.selenium.support.ui.ExpectedConditions$10.apply(ExpectedConditions.java:287)
	at org.openqa.selenium.support.ui.FluentWait.until(FluentWait.java:203)
	... 17 more
... Removed 15 stack frames</div></td></tr></table><p class="totop"><a href="#summary">back to summary</a></p>
<h3 id="m34">com.qa.testcases.ExportPageTest#verifyExportListing</h3><table class="result"><tr><th>Exception</th></tr><tr><td><div class="stacktrace">org.openqa.selenium.TimeoutException: Expected condition failed: waiting for element to be clickable: Proxy element for: DefaultElementLocator &apos;By.xpath: //button[normalize-space()=&apos;Select All&apos;]&apos; (tried for 60 second(s) with 500 milliseconds interval)
	at org.openqa.selenium.support.ui.WebDriverWait.timeoutException(WebDriverWait.java:84)
	at org.openqa.selenium.support.ui.FluentWait.until(FluentWait.java:228)
	at com.qa.pages.EditTOCPage.exportCourse(EditTOCPage.java:594)
	at com.qa.testcases.ExportPageTest.verifyExportListing(ExportPageTest.java:88)
	at java.base/java.util.concurrent.ThreadPoolExecutor.runWorker(ThreadPoolExecutor.java:1128)
	at java.base/java.util.concurrent.ThreadPoolExecutor$Worker.run(ThreadPoolExecutor.java:628)
	at java.base/java.lang.Thread.run(Thread.java:829)
Caused by: org.openqa.selenium.NoSuchElementException: Unable to locate element: //button[normalize-space()=&apos;Select All&apos;]
For documentation on this error, please visit: https://www.selenium.dev/documentation/webdriver/troubleshooting/errors#no-such-element-exception
Build info: version: &apos;4.25.0&apos;, revision: &apos;8a8aea2337&apos;
System info: os.name: &apos;Linux&apos;, os.arch: &apos;amd64&apos;, os.version: &apos;6.11.0-1018-azure&apos;, java.version: &apos;11.0.27&apos;
Driver info: org.openqa.selenium.firefox.FirefoxDriver
Command: [4e5ab7f8-100b-4e7f-acf0-e4ce13fbd6ef, findElement {using=xpath, value=//button[normalize-space()=&apos;Select All&apos;]}]
Capabilities {acceptInsecureCerts: true, browserName: firefox, browserVersion: 141.0, moz:accessibilityChecks: false, moz:buildID: 20250717180000, moz:geckodriverVersion: 0.36.0, moz:headless: true, moz:platformVersion: 6.11.0-1018-azure, moz:processID: 25703, moz:profile: /tmp/rust_mozprofileD2cKad, moz:shutdownTimeout: 60000, moz:webdriverClick: false, moz:windowless: false, pageLoadStrategy: normal, platformName: linux, proxy: Proxy(), setWindowRect: true, strictFileInteractability: false, timeouts: {implicit: 0, pageLoad: 300000, script: 30000}, unhandledPromptBehavior: dismiss and notify, userAgent: Mozilla/5.0 (X11; Linux x86...}
Session ID: 4e5ab7f8-100b-4e7f-acf0-e4ce13fbd6ef
	at org.openqa.selenium.remote.ErrorCodec.decode(ErrorCodec.java:167)
	at org.openqa.selenium.remote.codec.w3c.W3CHttpResponseCodec.decode(W3CHttpResponseCodec.java:138)
	at org.openqa.selenium.remote.codec.w3c.W3CHttpResponseCodec.decode(W3CHttpResponseCodec.java:50)
	at org.openqa.selenium.remote.HttpCommandExecutor.execute(HttpCommandExecutor.java:190)
	at org.openqa.selenium.remote.service.DriverCommandExecutor.invokeExecute(DriverCommandExecutor.java:216)
	at org.openqa.selenium.remote.service.DriverCommandExecutor.execute(DriverCommandExecutor.java:174)
	at org.openqa.selenium.remote.RemoteWebDriver.execute(RemoteWebDriver.java:545)
	at org.openqa.selenium.remote.ElementLocation$ElementFinder$2.findElement(ElementLocation.java:165)
	at org.openqa.selenium.remote.ElementLocation.findElement(ElementLocation.java:59)
	at org.openqa.selenium.remote.RemoteWebDriver.findElement(RemoteWebDriver.java:368)
	at org.openqa.selenium.remote.RemoteWebDriver.findElement(RemoteWebDriver.java:362)
	at org.openqa.selenium.support.pagefactory.DefaultElementLocator.findElement(DefaultElementLocator.java:68)
	at org.openqa.selenium.support.pagefactory.internal.LocatingElementHandler.invoke(LocatingElementHandler.java:38)
	at com.sun.proxy.$Proxy22.isDisplayed(Unknown Source)
	at org.openqa.selenium.support.ui.ExpectedConditions.elementIfVisible(ExpectedConditions.java:304)
	at org.openqa.selenium.support.ui.ExpectedConditions$10.apply(ExpectedConditions.java:290)
	at org.openqa.selenium.support.ui.ExpectedConditions$10.apply(ExpectedConditions.java:287)
	at org.openqa.selenium.support.ui.ExpectedConditions$23.apply(ExpectedConditions.java:656)
	at org.openqa.selenium.support.ui.ExpectedConditions$23.apply(ExpectedConditions.java:652)
	at org.openqa.selenium.support.ui.FluentWait.until(FluentWait.java:203)
	... 17 more
... Removed 15 stack frames</div></td></tr></table><p class="totop"><a href="#summary">back to summary</a></p>
<h3 id="m35">com.qa.testcases.GlossaryPageTest#glossaryManagement</h3><table class="result"><tr><th>Exception</th></tr><tr><td><div class="stacktrace">java.lang.IllegalStateException: Error occurred while deleting the project: java.lang.Exception: Not able to find element &apos; Proxy element for: DefaultElementLocator &apos;By.xpath: //input[@aria-label=&apos;Search Box&apos;]&apos; &apos;. Reason: org.openqa.selenium.NoSuchElementException: Unable to locate element: //input[@aria-label=&apos;Search Box&apos;]
For documentation on this error, please visit: https://www.selenium.dev/documentation/webdriver/troubleshooting/errors#no-such-element-exception
Build info: version: &apos;4.25.0&apos;, revision: &apos;8a8aea2337&apos;
System info: os.name: &apos;Linux&apos;, os.arch: &apos;amd64&apos;, os.version: &apos;6.11.0-1018-azure&apos;, java.version: &apos;11.0.27&apos;
Driver info: org.openqa.selenium.firefox.FirefoxDriver
Command: [5de9e52a-dbe1-4833-84a9-45ad3ef2684b, findElement {using=xpath, value=//input[@aria-label=&apos;Search Box&apos;]}]
Capabilities {acceptInsecureCerts: true, browserName: firefox, browserVersion: 141.0, moz:accessibilityChecks: false, moz:buildID: 20250717180000, moz:geckodriverVersion: 0.36.0, moz:headless: true, moz:platformVersion: 6.11.0-1018-azure, moz:processID: 16975, moz:profile: /tmp/rust_mozprofile3sbqpu, moz:shutdownTimeout: 60000, moz:webdriverClick: false, moz:windowless: false, pageLoadStrategy: normal, platformName: linux, proxy: Proxy(), setWindowRect: true, strictFileInteractability: false, timeouts: {implicit: 0, pageLoad: 300000, script: 30000}, unhandledPromptBehavior: dismiss and notify, userAgent: Mozilla/5.0 (X11; Linux x86...}
Session ID: 5de9e52a-dbe1-4833-84a9-45ad3ef2684b
	at com.qa.pages.DashboardPage.deleteProject(DashboardPage.java:180)
	at com.qa.testcases.GlossaryPageTest.glossaryManagement(GlossaryPageTest.java:74)
	at java.base/java.util.concurrent.ThreadPoolExecutor.runWorker(ThreadPoolExecutor.java:1128)
	at java.base/java.util.concurrent.ThreadPoolExecutor$Worker.run(ThreadPoolExecutor.java:628)
	at java.base/java.lang.Thread.run(Thread.java:829)
Caused by: java.lang.Exception: java.lang.Exception: Not able to find element &apos; Proxy element for: DefaultElementLocator &apos;By.xpath: //input[@aria-label=&apos;Search Box&apos;]&apos; &apos;. Reason: org.openqa.selenium.NoSuchElementException: Unable to locate element: //input[@aria-label=&apos;Search Box&apos;]
For documentation on this error, please visit: https://www.selenium.dev/documentation/webdriver/troubleshooting/errors#no-such-element-exception
Build info: version: &apos;4.25.0&apos;, revision: &apos;8a8aea2337&apos;
System info: os.name: &apos;Linux&apos;, os.arch: &apos;amd64&apos;, os.version: &apos;6.11.0-1018-azure&apos;, java.version: &apos;11.0.27&apos;
Driver info: org.openqa.selenium.firefox.FirefoxDriver
Command: [5de9e52a-dbe1-4833-84a9-45ad3ef2684b, findElement {using=xpath, value=//input[@aria-label=&apos;Search Box&apos;]}]
Capabilities {acceptInsecureCerts: true, browserName: firefox, browserVersion: 141.0, moz:accessibilityChecks: false, moz:buildID: 20250717180000, moz:geckodriverVersion: 0.36.0, moz:headless: true, moz:platformVersion: 6.11.0-1018-azure, moz:processID: 16975, moz:profile: /tmp/rust_mozprofile3sbqpu, moz:shutdownTimeout: 60000, moz:webdriverClick: false, moz:windowless: false, pageLoadStrategy: normal, platformName: linux, proxy: Proxy(), setWindowRect: true, strictFileInteractability: false, timeouts: {implicit: 0, pageLoad: 300000, script: 30000}, unhandledPromptBehavior: dismiss and notify, userAgent: Mozilla/5.0 (X11; Linux x86...}
Session ID: 5de9e52a-dbe1-4833-84a9-45ad3ef2684b
	at com.qa.util.DriverActions.sendKeys(DriverActions.java:150)
	at com.qa.pages.DashboardPage.searchProject(DashboardPage.java:152)
	at com.qa.pages.DashboardPage.deleteProject(DashboardPage.java:166)
	... 16 more
Caused by: java.lang.Exception: Not able to find element &apos; Proxy element for: DefaultElementLocator &apos;By.xpath: //input[@aria-label=&apos;Search Box&apos;]&apos; &apos;. Reason: org.openqa.selenium.NoSuchElementException: Unable to locate element: //input[@aria-label=&apos;Search Box&apos;]
For documentation on this error, please visit: https://www.selenium.dev/documentation/webdriver/troubleshooting/errors#no-such-element-exception
Build info: version: &apos;4.25.0&apos;, revision: &apos;8a8aea2337&apos;
System info: os.name: &apos;Linux&apos;, os.arch: &apos;amd64&apos;, os.version: &apos;6.11.0-1018-azure&apos;, java.version: &apos;11.0.27&apos;
Driver info: org.openqa.selenium.firefox.FirefoxDriver
Command: [5de9e52a-dbe1-4833-84a9-45ad3ef2684b, findElement {using=xpath, value=//input[@aria-label=&apos;Search Box&apos;]}]
Capabilities {acceptInsecureCerts: true, browserName: firefox, browserVersion: 141.0, moz:accessibilityChecks: false, moz:buildID: 20250717180000, moz:geckodriverVersion: 0.36.0, moz:headless: true, moz:platformVersion: 6.11.0-1018-azure, moz:processID: 16975, moz:profile: /tmp/rust_mozprofile3sbqpu, moz:shutdownTimeout: 60000, moz:webdriverClick: false, moz:windowless: false, pageLoadStrategy: normal, platformName: linux, proxy: Proxy(), setWindowRect: true, strictFileInteractability: false, timeouts: {implicit: 0, pageLoad: 300000, script: 30000}, unhandledPromptBehavior: dismiss and notify, userAgent: Mozilla/5.0 (X11; Linux x86...}
Session ID: 5de9e52a-dbe1-4833-84a9-45ad3ef2684b
	at com.qa.util.DriverActions.explicitlyWait(DriverActions.java:92)
	at com.qa.util.DriverActions.sendKeys(DriverActions.java:139)
	... 18 more
... Removed 12 stack frames</div></td></tr></table><p class="totop"><a href="#summary">back to summary</a></p>
<h3 id="m36">com.qa.testcases.MetaDataPageTest#createLinkDeleteKeyValuePair</h3><table class="result"><tr><th>Exception</th></tr><tr><td><div class="stacktrace">org.openqa.selenium.StaleElementReferenceException: The element with the reference 0d505ade-e35d-49ba-b6e5-10fd8fb5df0b is stale; either its node document is not the active document, or it is no longer connected to the DOM
For documentation on this error, please visit: https://www.selenium.dev/documentation/webdriver/troubleshooting/errors#stale-element-reference-exception
Build info: version: &apos;4.25.0&apos;, revision: &apos;8a8aea2337&apos;
System info: os.name: &apos;Linux&apos;, os.arch: &apos;amd64&apos;, os.version: &apos;6.11.0-1018-azure&apos;, java.version: &apos;11.0.27&apos;
Driver info: org.openqa.selenium.firefox.FirefoxDriver
Command: [3b58b622-811e-45e9-851a-0086789e97eb, getElementText {id=0d505ade-e35d-49ba-b6e5-10fd8fb5df0b}]
Capabilities {acceptInsecureCerts: true, browserName: firefox, browserVersion: 141.0, moz:accessibilityChecks: false, moz:buildID: 20250717180000, moz:geckodriverVersion: 0.36.0, moz:headless: true, moz:platformVersion: 6.11.0-1018-azure, moz:processID: 13533, moz:profile: /tmp/rust_mozprofile3hDNrM, moz:shutdownTimeout: 60000, moz:webdriverClick: false, moz:windowless: false, pageLoadStrategy: normal, platformName: linux, proxy: Proxy(), setWindowRect: true, strictFileInteractability: false, timeouts: {implicit: 0, pageLoad: 300000, script: 30000}, unhandledPromptBehavior: dismiss and notify, userAgent: Mozilla/5.0 (X11; Linux x86...}
Element: [[[[FirefoxDriver: firefox on linux (3b58b622-811e-45e9-851a-0086789e97eb)] -&gt; xpath: //tr[@pagination-id=&apos;KeyValueListId&apos;][1]]] -&gt; tag name: td]
Session ID: 3b58b622-811e-45e9-851a-0086789e97eb
	at org.openqa.selenium.remote.ErrorCodec.decode(ErrorCodec.java:167)
	at org.openqa.selenium.remote.codec.w3c.W3CHttpResponseCodec.decode(W3CHttpResponseCodec.java:138)
	at org.openqa.selenium.remote.codec.w3c.W3CHttpResponseCodec.decode(W3CHttpResponseCodec.java:50)
	at org.openqa.selenium.remote.HttpCommandExecutor.execute(HttpCommandExecutor.java:190)
	at org.openqa.selenium.remote.service.DriverCommandExecutor.invokeExecute(DriverCommandExecutor.java:216)
	at org.openqa.selenium.remote.service.DriverCommandExecutor.execute(DriverCommandExecutor.java:174)
	at org.openqa.selenium.remote.RemoteWebDriver.execute(RemoteWebDriver.java:545)
	at org.openqa.selenium.remote.RemoteWebElement.execute(RemoteWebElement.java:223)
	at org.openqa.selenium.remote.RemoteWebElement.getText(RemoteWebElement.java:191)
	at com.qa.util.DriverActions.getTableDataAsList(DriverActions.java:596)
	at com.qa.pages.MetaDataPage.getListedKeyValue(MetaDataPage.java:367)
	at com.qa.testcases.MetaDataPageTest.createLinkDeleteKeyValuePair(MetaDataPageTest.java:132)
	at java.base/java.util.concurrent.ThreadPoolExecutor.runWorker(ThreadPoolExecutor.java:1128)
	at java.base/java.util.concurrent.ThreadPoolExecutor$Worker.run(ThreadPoolExecutor.java:628)
	at java.base/java.lang.Thread.run(Thread.java:829)
... Removed 16 stack frames</div></td></tr></table><p class="totop"><a href="#summary">back to summary</a></p>
<h3 id="m37">com.qa.testcases.MetaDataPageTest#createLinkDeleteTag</h3><table class="result"><tr><th>Exception</th></tr><tr><td><div class="stacktrace">java.lang.Exception: Element Proxy element for: DefaultElementLocator &apos;By.xpath: //button[contains(@ng-click,&apos;createProject&apos;)]&apos; is not clickable because: java.lang.Exception: Not able to find element &apos; Proxy element for: DefaultElementLocator &apos;By.xpath: //button[contains(@ng-click,&apos;createProject&apos;)]&apos; &apos;. Reason: org.openqa.selenium.NoSuchElementException: Unable to locate element: //button[contains(@ng-click,&apos;createProject&apos;)]
For documentation on this error, please visit: https://www.selenium.dev/documentation/webdriver/troubleshooting/errors#no-such-element-exception
Build info: version: &apos;4.25.0&apos;, revision: &apos;8a8aea2337&apos;
System info: os.name: &apos;Linux&apos;, os.arch: &apos;amd64&apos;, os.version: &apos;6.11.0-1018-azure&apos;, java.version: &apos;11.0.27&apos;
Driver info: org.openqa.selenium.firefox.FirefoxDriver
Command: [78651e71-7ab8-47a8-9552-16724e1d94cc, findElement {using=xpath, value=//button[contains(@ng-click,&apos;createProject&apos;)]}]
Capabilities {acceptInsecureCerts: true, browserName: firefox, browserVersion: 141.0, moz:accessibilityChecks: false, moz:buildID: 20250717180000, moz:geckodriverVersion: 0.36.0, moz:headless: true, moz:platformVersion: 6.11.0-1018-azure, moz:processID: 12852, moz:profile: /tmp/rust_mozprofileuOBU4K, moz:shutdownTimeout: 60000, moz:webdriverClick: false, moz:windowless: false, pageLoadStrategy: normal, platformName: linux, proxy: Proxy(), setWindowRect: true, strictFileInteractability: false, timeouts: {implicit: 0, pageLoad: 300000, script: 30000}, unhandledPromptBehavior: dismiss and notify, userAgent: Mozilla/5.0 (X11; Linux x86...}
Session ID: 78651e71-7ab8-47a8-9552-16724e1d94cc
	at com.qa.util.DriverActions.click(DriverActions.java:105)
	at com.qa.pages.DashboardPage.clickOnCreateNewProject(DashboardPage.java:136)
	at com.qa.testcases.MetaDataPageTest.createLinkDeleteTag(MetaDataPageTest.java:102)
	at java.base/java.util.concurrent.ThreadPoolExecutor.runWorker(ThreadPoolExecutor.java:1128)
	at java.base/java.util.concurrent.ThreadPoolExecutor$Worker.run(ThreadPoolExecutor.java:628)
	at java.base/java.lang.Thread.run(Thread.java:829)
... Removed 12 stack frames</div></td></tr></table><p class="totop"><a href="#summary">back to summary</a></p>
<h3 id="m38">com.qa.testcases.MetaDataPageTest#createLinkDeleteTaxonomy</h3><table class="result"><tr><th>Exception</th></tr><tr><td><div class="stacktrace">org.openqa.selenium.NoSuchElementException: Unable to locate element: //div[contains(@class,&apos;taxonomyMngt&apos;)]
For documentation on this error, please visit: https://www.selenium.dev/documentation/webdriver/troubleshooting/errors#no-such-element-exception
Build info: version: &apos;4.25.0&apos;, revision: &apos;8a8aea2337&apos;
System info: os.name: &apos;Linux&apos;, os.arch: &apos;amd64&apos;, os.version: &apos;6.11.0-1018-azure&apos;, java.version: &apos;11.0.27&apos;
Driver info: org.openqa.selenium.firefox.FirefoxDriver
Command: [f3fd090d-4d56-44f9-955b-2bc5719e88d4, findElement {using=xpath, value=//div[contains(@class,&apos;taxonomyMngt&apos;)]}]
Capabilities {acceptInsecureCerts: true, browserName: firefox, browserVersion: 141.0, moz:accessibilityChecks: false, moz:buildID: 20250717180000, moz:geckodriverVersion: 0.36.0, moz:headless: true, moz:platformVersion: 6.11.0-1018-azure, moz:processID: 12223, moz:profile: /tmp/rust_mozprofile9mllBd, moz:shutdownTimeout: 60000, moz:webdriverClick: false, moz:windowless: false, pageLoadStrategy: normal, platformName: linux, proxy: Proxy(), setWindowRect: true, strictFileInteractability: false, timeouts: {implicit: 0, pageLoad: 300000, script: 30000}, unhandledPromptBehavior: dismiss and notify, userAgent: Mozilla/5.0 (X11; Linux x86...}
Session ID: f3fd090d-4d56-44f9-955b-2bc5719e88d4
	at org.openqa.selenium.remote.ErrorCodec.decode(ErrorCodec.java:167)
	at org.openqa.selenium.remote.codec.w3c.W3CHttpResponseCodec.decode(W3CHttpResponseCodec.java:138)
	at org.openqa.selenium.remote.codec.w3c.W3CHttpResponseCodec.decode(W3CHttpResponseCodec.java:50)
	at org.openqa.selenium.remote.HttpCommandExecutor.execute(HttpCommandExecutor.java:190)
	at org.openqa.selenium.remote.service.DriverCommandExecutor.invokeExecute(DriverCommandExecutor.java:216)
	at org.openqa.selenium.remote.service.DriverCommandExecutor.execute(DriverCommandExecutor.java:174)
	at org.openqa.selenium.remote.RemoteWebDriver.execute(RemoteWebDriver.java:545)
	at org.openqa.selenium.remote.ElementLocation$ElementFinder$2.findElement(ElementLocation.java:165)
	at org.openqa.selenium.remote.ElementLocation.findElement(ElementLocation.java:59)
	at org.openqa.selenium.remote.RemoteWebDriver.findElement(RemoteWebDriver.java:368)
	at org.openqa.selenium.remote.RemoteWebDriver.findElement(RemoteWebDriver.java:362)
	at org.openqa.selenium.support.pagefactory.DefaultElementLocator.findElement(DefaultElementLocator.java:68)
	at org.openqa.selenium.support.pagefactory.internal.LocatingElementHandler.invoke(LocatingElementHandler.java:38)
	at com.sun.proxy.$Proxy22.findElement(Unknown Source)
	at com.qa.pages.MetaDataPage.openTaxonomyDropDown(MetaDataPage.java:247)
	at com.qa.testcases.MetaDataPageTest.createLinkDeleteTaxonomy(MetaDataPageTest.java:84)
	at java.base/java.util.concurrent.ThreadPoolExecutor.runWorker(ThreadPoolExecutor.java:1128)
	at java.base/java.util.concurrent.ThreadPoolExecutor$Worker.run(ThreadPoolExecutor.java:628)
	at java.base/java.lang.Thread.run(Thread.java:829)
... Removed 15 stack frames</div></td></tr></table><p class="totop"><a href="#summary">back to summary</a></p>
<h3 id="m39">com.qa.testcases.ProjectUsageDashboardPageTest#commentFilterAndListing</h3><table class="result"><tr><th>Exception</th></tr><tr><td><div class="stacktrace">java.lang.Exception: Element [[FirefoxDriver: firefox on linux (9c147826-852f-4957-87d8-7c6d9ef7f77c)] -&gt; xpath: //button[normalize-space()=&apos;CONFIRM&apos;]] is not clickable because: org.openqa.selenium.InvalidElementStateException: Element is not enabled
Build info: version: &apos;4.25.0&apos;, revision: &apos;8a8aea2337&apos;
System info: os.name: &apos;Linux&apos;, os.arch: &apos;amd64&apos;, os.version: &apos;6.11.0-1018-azure&apos;, java.version: &apos;11.0.27&apos;
Driver info: org.openqa.selenium.firefox.FirefoxDriver
Command: [9c147826-852f-4957-87d8-7c6d9ef7f77c, clickElement {id=f5032c4d-9586-4dbe-bb64-e8adbdf845ab}]
Capabilities {acceptInsecureCerts: true, browserName: firefox, browserVersion: 141.0, moz:accessibilityChecks: false, moz:buildID: 20250717180000, moz:geckodriverVersion: 0.36.0, moz:headless: true, moz:platformVersion: 6.11.0-1018-azure, moz:processID: 24757, moz:profile: /tmp/rust_mozprofilewv3U3S, moz:shutdownTimeout: 60000, moz:webdriverClick: false, moz:windowless: false, pageLoadStrategy: normal, platformName: linux, proxy: Proxy(), setWindowRect: true, strictFileInteractability: false, timeouts: {implicit: 0, pageLoad: 300000, script: 30000}, unhandledPromptBehavior: dismiss and notify, userAgent: Mozilla/5.0 (X11; Linux x86...}
Element: [[FirefoxDriver: firefox on linux (9c147826-852f-4957-87d8-7c6d9ef7f77c)] -&gt; xpath: //button[normalize-space()=&apos;CONFIRM&apos;]]
Session ID: 9c147826-852f-4957-87d8-7c6d9ef7f77c
	at com.qa.util.DriverActions.click(DriverActions.java:105)
	at com.qa.pages.ProjectUserManagementPage.addUser(ProjectUserManagementPage.java:77)
	at com.qa.testcases.ProjectUsageDashboardPageTest.commentFilterAndListing(ProjectUsageDashboardPageTest.java:204)
	at java.base/java.util.concurrent.ThreadPoolExecutor.runWorker(ThreadPoolExecutor.java:1128)
	at java.base/java.util.concurrent.ThreadPoolExecutor$Worker.run(ThreadPoolExecutor.java:628)
	at java.base/java.lang.Thread.run(Thread.java:829)
... Removed 12 stack frames</div></td></tr></table><p class="totop"><a href="#summary">back to summary</a></p>
<h3 id="m40">com.qa.testcases.ProjectUsageDashboardPageTest#taskFilterAndListing</h3><table class="result"><tr><th>Exception</th></tr><tr><td><div class="stacktrace">java.lang.Exception: Element [[FirefoxDriver: firefox on linux (9e939555-7739-4e56-89a6-604dd20dac7f)] -&gt; xpath: //button[normalize-space()=&apos;CONFIRM&apos;]] is not clickable because: org.openqa.selenium.InvalidElementStateException: Element is not enabled
Build info: version: &apos;4.25.0&apos;, revision: &apos;8a8aea2337&apos;
System info: os.name: &apos;Linux&apos;, os.arch: &apos;amd64&apos;, os.version: &apos;6.11.0-1018-azure&apos;, java.version: &apos;11.0.27&apos;
Driver info: org.openqa.selenium.firefox.FirefoxDriver
Command: [9e939555-7739-4e56-89a6-604dd20dac7f, clickElement {id=281bc505-e85d-4313-a236-774b92e21e70}]
Capabilities {acceptInsecureCerts: true, browserName: firefox, browserVersion: 141.0, moz:accessibilityChecks: false, moz:buildID: 20250717180000, moz:geckodriverVersion: 0.36.0, moz:headless: true, moz:platformVersion: 6.11.0-1018-azure, moz:processID: 23873, moz:profile: /tmp/rust_mozprofileN2J5b2, moz:shutdownTimeout: 60000, moz:webdriverClick: false, moz:windowless: false, pageLoadStrategy: normal, platformName: linux, proxy: Proxy(), setWindowRect: true, strictFileInteractability: false, timeouts: {implicit: 0, pageLoad: 300000, script: 30000}, unhandledPromptBehavior: dismiss and notify, userAgent: Mozilla/5.0 (X11; Linux x86...}
Element: [[FirefoxDriver: firefox on linux (9e939555-7739-4e56-89a6-604dd20dac7f)] -&gt; xpath: //button[normalize-space()=&apos;CONFIRM&apos;]]
Session ID: 9e939555-7739-4e56-89a6-604dd20dac7f
	at com.qa.util.DriverActions.click(DriverActions.java:105)
	at com.qa.pages.ProjectUserManagementPage.addUser(ProjectUserManagementPage.java:77)
	at com.qa.testcases.ProjectUsageDashboardPageTest.taskFilterAndListing(ProjectUsageDashboardPageTest.java:171)
	at java.base/java.util.concurrent.ThreadPoolExecutor.runWorker(ThreadPoolExecutor.java:1128)
	at java.base/java.util.concurrent.ThreadPoolExecutor$Worker.run(ThreadPoolExecutor.java:628)
	at java.base/java.lang.Thread.run(Thread.java:829)
... Removed 12 stack frames</div></td></tr></table><p class="totop"><a href="#summary">back to summary</a></p>
<h3 id="m41">com.qa.testcases.ProjectUsageDashboardPageTest#verifyAssessmentWidgetListingAndMappedAssessmentCount</h3><table class="result"><tr><th>Exception</th></tr><tr><td><div class="stacktrace">java.lang.Exception: Element Proxy element for: DefaultElementLocator &apos;By.xpath: //button[normalize-space()=&apos;Create New Assessment&apos;]&apos; is not clickable because: java.lang.Exception: Not able to find element &apos; Proxy element for: DefaultElementLocator &apos;By.xpath: //button[normalize-space()=&apos;Create New Assessment&apos;]&apos; &apos;. Reason: org.openqa.selenium.NoSuchElementException: Unable to locate element: //button[normalize-space()=&apos;Create New Assessment&apos;]
For documentation on this error, please visit: https://www.selenium.dev/documentation/webdriver/troubleshooting/errors#no-such-element-exception
Build info: version: &apos;4.25.0&apos;, revision: &apos;8a8aea2337&apos;
System info: os.name: &apos;Linux&apos;, os.arch: &apos;amd64&apos;, os.version: &apos;6.11.0-1018-azure&apos;, java.version: &apos;11.0.27&apos;
Driver info: org.openqa.selenium.firefox.FirefoxDriver
Command: [b965ba0a-ec26-41e7-b346-0dbe712dfcf4, findElement {using=xpath, value=//button[normalize-space()=&apos;Create New Assessment&apos;]}]
Capabilities {acceptInsecureCerts: true, browserName: firefox, browserVersion: 141.0, moz:accessibilityChecks: false, moz:buildID: 20250717180000, moz:geckodriverVersion: 0.36.0, moz:headless: true, moz:platformVersion: 6.11.0-1018-azure, moz:processID: 20612, moz:profile: /tmp/rust_mozprofileh0uZYq, moz:shutdownTimeout: 60000, moz:webdriverClick: false, moz:windowless: false, pageLoadStrategy: normal, platformName: linux, proxy: Proxy(), setWindowRect: true, strictFileInteractability: false, timeouts: {implicit: 0, pageLoad: 300000, script: 30000}, unhandledPromptBehavior: dismiss and notify, userAgent: Mozilla/5.0 (X11; Linux x86...}
Session ID: b965ba0a-ec26-41e7-b346-0dbe712dfcf4
	at com.qa.util.DriverActions.click(DriverActions.java:105)
	at com.qa.pages.AssessmentPage.clickCreateNewAssessment(AssessmentPage.java:87)
	at com.qa.testcases.ProjectUsageDashboardPageTest.verifyAssessmentWidgetListingAndMappedAssessmentCount(ProjectUsageDashboardPageTest.java:65)
	at java.base/java.util.concurrent.ThreadPoolExecutor.runWorker(ThreadPoolExecutor.java:1128)
	at java.base/java.util.concurrent.ThreadPoolExecutor$Worker.run(ThreadPoolExecutor.java:628)
	at java.base/java.lang.Thread.run(Thread.java:829)
... Removed 12 stack frames</div></td></tr></table><p class="totop"><a href="#summary">back to summary</a></p>
<h3 id="m42">com.qa.testcases.ProjectUsageDashboardPageTest#verifyAssetsListing</h3><table class="result"><tr><th>Exception</th></tr><tr><td><div class="stacktrace">org.openqa.selenium.NoSuchElementException: Unable to locate element: //div[@class=&apos;tocmenu-name&apos; and text()=&apos;Project Usage Dashboard&apos;]/parent::div/parent::a/div
For documentation on this error, please visit: https://www.selenium.dev/documentation/webdriver/troubleshooting/errors#no-such-element-exception
Build info: version: &apos;4.25.0&apos;, revision: &apos;8a8aea2337&apos;
System info: os.name: &apos;Linux&apos;, os.arch: &apos;amd64&apos;, os.version: &apos;6.11.0-1018-azure&apos;, java.version: &apos;11.0.27&apos;
Driver info: org.openqa.selenium.firefox.FirefoxDriver
Command: [941f06ce-f1c1-4a19-b3a3-7ef01602b22a, findElement {using=xpath, value=//div[@class=&apos;tocmenu-name&apos; and text()=&apos;Project Usage Dashboard&apos;]/parent::div/parent::a/div}]
Capabilities {acceptInsecureCerts: true, browserName: firefox, browserVersion: 141.0, moz:accessibilityChecks: false, moz:buildID: 20250717180000, moz:geckodriverVersion: 0.36.0, moz:headless: true, moz:platformVersion: 6.11.0-1018-azure, moz:processID: 22806, moz:profile: /tmp/rust_mozprofiled8RhP0, moz:shutdownTimeout: 60000, moz:webdriverClick: false, moz:windowless: false, pageLoadStrategy: normal, platformName: linux, proxy: Proxy(), setWindowRect: true, strictFileInteractability: false, timeouts: {implicit: 0, pageLoad: 300000, script: 30000}, unhandledPromptBehavior: dismiss and notify, userAgent: Mozilla/5.0 (X11; Linux x86...}
Session ID: 941f06ce-f1c1-4a19-b3a3-7ef01602b22a
	at org.openqa.selenium.remote.ErrorCodec.decode(ErrorCodec.java:167)
	at org.openqa.selenium.remote.codec.w3c.W3CHttpResponseCodec.decode(W3CHttpResponseCodec.java:138)
	at org.openqa.selenium.remote.codec.w3c.W3CHttpResponseCodec.decode(W3CHttpResponseCodec.java:50)
	at org.openqa.selenium.remote.HttpCommandExecutor.execute(HttpCommandExecutor.java:190)
	at org.openqa.selenium.remote.service.DriverCommandExecutor.invokeExecute(DriverCommandExecutor.java:216)
	at org.openqa.selenium.remote.service.DriverCommandExecutor.execute(DriverCommandExecutor.java:174)
	at org.openqa.selenium.remote.RemoteWebDriver.execute(RemoteWebDriver.java:545)
	at org.openqa.selenium.remote.ElementLocation$ElementFinder$2.findElement(ElementLocation.java:165)
	at org.openqa.selenium.remote.ElementLocation.findElement(ElementLocation.java:59)
	at org.openqa.selenium.remote.RemoteWebDriver.findElement(RemoteWebDriver.java:368)
	at org.openqa.selenium.remote.RemoteWebDriver.findElement(RemoteWebDriver.java:362)
	at org.openqa.selenium.support.pagefactory.DefaultElementLocator.findElement(DefaultElementLocator.java:68)
	at org.openqa.selenium.support.pagefactory.internal.LocatingElementHandler.invoke(LocatingElementHandler.java:38)
	at com.sun.proxy.$Proxy22.getWrappedElement(Unknown Source)
	at org.openqa.selenium.remote.WebElementToJsonConverter.apply(WebElementToJsonConverter.java:48)
	at java.base/java.util.stream.ReferencePipeline$3$1.accept(ReferencePipeline.java:195)
	at java.base/java.util.Spliterators$ArraySpliterator.forEachRemaining(Spliterators.java:948)
	at java.base/java.util.stream.AbstractPipeline.copyInto(AbstractPipeline.java:484)
	at java.base/java.util.stream.AbstractPipeline.wrapAndCopyInto(AbstractPipeline.java:474)
	at java.base/java.util.stream.ReduceOps$ReduceOp.evaluateSequential(ReduceOps.java:913)
	at java.base/java.util.stream.AbstractPipeline.evaluate(AbstractPipeline.java:234)
	at java.base/java.util.stream.ReferencePipeline.collect(ReferencePipeline.java:578)
	at org.openqa.selenium.remote.RemoteWebDriver.executeScript(RemoteWebDriver.java:474)
	at com.qa.util.DriverActions.scrollToElement(DriverActions.java:495)
	at com.qa.pages.EditTOCPage.clickOnProjectUsageDashboard(EditTOCPage.java:435)
	at com.qa.testcases.ProjectUsageDashboardPageTest.verifyAssetsListing(ProjectUsageDashboardPageTest.java:134)
	at java.base/java.util.concurrent.ThreadPoolExecutor.runWorker(ThreadPoolExecutor.java:1128)
	at java.base/java.util.concurrent.ThreadPoolExecutor$Worker.run(ThreadPoolExecutor.java:628)
	at java.base/java.lang.Thread.run(Thread.java:829)
... Removed 15 stack frames</div></td></tr></table><p class="totop"><a href="#summary">back to summary</a></p>
<h3 id="m43">com.qa.testcases.ProjectUsageDashboardPageTest#verifyTocNodeCounts</h3><table class="result"><tr><th>Exception</th></tr><tr><td><div class="stacktrace">java.lang.AssertionError: The following asserts failed:
	Module Count mismatch in Dashboard! expected [1] but found [2],
	Lessons Count mismatch in Dashboard! expected [null] but found [3],
	Topics Count mismatch in Dashboard! expected [null] but found [3],
	Content Screen Count mismatch in Dashboard! expected [3] but found [5]
	at com.qa.testcases.ProjectUsageDashboardPageTest.verifyTocNodeCounts(ProjectUsageDashboardPageTest.java:97)
	at java.base/java.util.concurrent.ThreadPoolExecutor.runWorker(ThreadPoolExecutor.java:1128)
	at java.base/java.util.concurrent.ThreadPoolExecutor$Worker.run(ThreadPoolExecutor.java:628)
	at java.base/java.lang.Thread.run(Thread.java:829)
... Removed 14 stack frames</div></td></tr></table><p class="totop"><a href="#summary">back to summary</a></p>
<h3 id="m44">com.qa.testcases.ProjectUsageDashboardPageTest#verifyUsersWidgetListing</h3><table class="result"><tr><th>Exception</th></tr><tr><td><div class="stacktrace">java.lang.Exception: Element [[FirefoxDriver: firefox on linux (3823fbff-ee45-4215-9c62-884eaaf21f81)] -&gt; xpath: //button[normalize-space()=&apos;CONFIRM&apos;]] is not clickable because: org.openqa.selenium.InvalidElementStateException: Element is not enabled
Build info: version: &apos;4.25.0&apos;, revision: &apos;8a8aea2337&apos;
System info: os.name: &apos;Linux&apos;, os.arch: &apos;amd64&apos;, os.version: &apos;6.11.0-1018-azure&apos;, java.version: &apos;11.0.27&apos;
Driver info: org.openqa.selenium.firefox.FirefoxDriver
Command: [3823fbff-ee45-4215-9c62-884eaaf21f81, clickElement {id=82500475-4564-4413-8aa6-e2031240b9f2}]
Capabilities {acceptInsecureCerts: true, browserName: firefox, browserVersion: 141.0, moz:accessibilityChecks: false, moz:buildID: 20250717180000, moz:geckodriverVersion: 0.36.0, moz:headless: true, moz:platformVersion: 6.11.0-1018-azure, moz:processID: 21957, moz:profile: /tmp/rust_mozprofileCemlOG, moz:shutdownTimeout: 60000, moz:webdriverClick: false, moz:windowless: false, pageLoadStrategy: normal, platformName: linux, proxy: Proxy(), setWindowRect: true, strictFileInteractability: false, timeouts: {implicit: 0, pageLoad: 300000, script: 30000}, unhandledPromptBehavior: dismiss and notify, userAgent: Mozilla/5.0 (X11; Linux x86...}
Element: [[FirefoxDriver: firefox on linux (3823fbff-ee45-4215-9c62-884eaaf21f81)] -&gt; xpath: //button[normalize-space()=&apos;CONFIRM&apos;]]
Session ID: 3823fbff-ee45-4215-9c62-884eaaf21f81
	at com.qa.util.DriverActions.click(DriverActions.java:105)
	at com.qa.pages.ProjectUserManagementPage.addUser(ProjectUserManagementPage.java:77)
	at com.qa.testcases.ProjectUsageDashboardPageTest.verifyUsersWidgetListing(ProjectUsageDashboardPageTest.java:115)
	at java.base/java.util.concurrent.ThreadPoolExecutor.runWorker(ThreadPoolExecutor.java:1128)
	at java.base/java.util.concurrent.ThreadPoolExecutor$Worker.run(ThreadPoolExecutor.java:628)
	at java.base/java.lang.Thread.run(Thread.java:829)
... Removed 12 stack frames</div></td></tr></table><p class="totop"><a href="#summary">back to summary</a></p>
<h3 id="m45">com.qa.testcases.AdministrationPageTest#organizationManagementTest</h3><table class="result"><tr><th class="invisible"/></tr></table><p class="totop"><a href="#summary">back to summary</a></p>
<h3 id="m46">com.qa.testcases.AdministrationPageTest#userCreationEmailNotificationTest</h3><table class="result"><tr><th class="invisible"/></tr></table><p class="totop"><a href="#summary">back to summary</a></p>
<h3 id="m47">com.qa.testcases.AdministrationPageTest#userManagementTest</h3><table class="result"><tr><th class="invisible"/></tr></table><p class="totop"><a href="#summary">back to summary</a></p>
<h3 id="m48">com.qa.testcases.AssessmentQuestionDetailsPageTest#verifyAssessmentQuestionDetailsPageTasksAndComments</h3><table class="result"><tr><th class="invisible"/></tr></table><p class="totop"><a href="#summary">back to summary</a></p>
<h3 id="m49">com.qa.testcases.BuildingBlocksPageTest#createGlobalOnlineCoursePattern</h3><table class="result"><tr><th class="invisible"/></tr></table><p class="totop"><a href="#summary">back to summary</a></p>
<h3 id="m50">com.qa.testcases.BuildingBlocksPageTest#searchWidget</h3><table class="result"><tr><th class="invisible"/></tr></table><p class="totop"><a href="#summary">back to summary</a></p>
<h3 id="m51">com.qa.testcases.CreateProjectPageTest#createAdaptiveLearningProject</h3><table class="result"><tr><th class="invisible"/></tr></table><p class="totop"><a href="#summary">back to summary</a></p>
<h3 id="m52">com.qa.testcases.CreateProjectPageTest#createBookOrganizedProject</h3><table class="result"><tr><th class="invisible"/></tr></table><p class="totop"><a href="#summary">back to summary</a></p>
<h3 id="m53">com.qa.testcases.CreateProjectPageTest#createEDUPUBProject</h3><table class="result"><tr><th class="invisible"/></tr></table><p class="totop"><a href="#summary">back to summary</a></p>
<h3 id="m54">com.qa.testcases.CreateProjectPageTest#createEvolveResourcesProject</h3><table class="result"><tr><th class="invisible"/></tr></table><p class="totop"><a href="#summary">back to summary</a></p>
<h3 id="m55">com.qa.testcases.CreateProjectPageTest#createObjectiveOrganizedProject</h3><table class="result"><tr><th class="invisible"/></tr></table><p class="totop"><a href="#summary">back to summary</a></p>
<h3 id="m56">com.qa.testcases.CreateProjectPageTest#editProject</h3><table class="result"><tr><th class="invisible"/></tr></table><p class="totop"><a href="#summary">back to summary</a></p>
<h3 id="m57">com.qa.testcases.DashboardPageTest#AdminSettingsRedirection</h3><table class="result"><tr><th class="invisible"/></tr></table><p class="totop"><a href="#summary">back to summary</a></p>
<h3 id="m58">com.qa.testcases.DashboardPageTest#AdministrationRedirection</h3><table class="result"><tr><th class="invisible"/></tr></table><p class="totop"><a href="#summary">back to summary</a></p>
<h3 id="m59">com.qa.testcases.DashboardPageTest#BuildingBlocksRedirection</h3><table class="result"><tr><th class="invisible"/></tr></table><p class="totop"><a href="#summary">back to summary</a></p>
<h3 id="m60">com.qa.testcases.DashboardPageTest#LORRedirection</h3><table class="result"><tr><th class="invisible"/></tr></table><p class="totop"><a href="#summary">back to summary</a></p>
<h3 id="m61">com.qa.testcases.DashboardPageTest#createNewProjectRedirectionTest</h3><table class="result"><tr><th class="invisible"/></tr></table><p class="totop"><a href="#summary">back to summary</a></p>
<h3 id="m62">com.qa.testcases.DashboardPageTest#projectTypeFilterListing</h3><table class="result"><tr class="param"><th>Parameter #1</th></tr><tr class="param stripe"><td>Adaptive Learning</td></tr></table><p class="totop"><a href="#summary">back to summary</a></p>
<h3 id="m63">com.qa.testcases.DashboardPageTest#projectTypeFilterListing</h3><table class="result"><tr class="param"><th>Parameter #1</th></tr><tr class="param stripe"><td>Book Organized</td></tr></table><p class="totop"><a href="#summary">back to summary</a></p>
<h3 id="m64">com.qa.testcases.DashboardPageTest#projectTypeFilterListing</h3><table class="result"><tr class="param"><th>Parameter #1</th></tr><tr class="param stripe"><td>Objective Organized</td></tr></table><p class="totop"><a href="#summary">back to summary</a></p>
<h3 id="m65">com.qa.testcases.DashboardPageTest#projectTypeFilterListing</h3><table class="result"><tr class="param"><th>Parameter #1</th></tr><tr class="param stripe"><td>EDUPUB</td></tr></table><p class="totop"><a href="#summary">back to summary</a></p>
<h3 id="m66">com.qa.testcases.EditTOCPageTest#LORPublish</h3><table class="result"><tr><th class="invisible"/></tr></table><p class="totop"><a href="#summary">back to summary</a></p>
<h3 id="m67">com.qa.testcases.EditTOCPageTest#contentScreenTestView</h3><table class="result"><tr><th class="invisible"/></tr></table><p class="totop"><a href="#summary">back to summary</a></p>
<h3 id="m68">com.qa.testcases.EditTOCPageTest#importTocPackage</h3><table class="result"><tr><th class="invisible"/></tr></table><p class="totop"><a href="#summary">back to summary</a></p>
<h3 id="m69">com.qa.testcases.EditTOCPageTest#projectExportTOCSummary</h3><table class="result"><tr><th class="invisible"/></tr></table><p class="totop"><a href="#summary">back to summary</a></p>
<h3 id="m70">com.qa.testcases.EditTOCPageTest#projectPreview</h3><table class="result"><tr><th class="invisible"/></tr></table><p class="totop"><a href="#summary">back to summary</a></p>
<h3 id="m71">com.qa.testcases.GlossaryPageTest#linkTextWithGlossaryTerm</h3><table class="result"><tr><th class="invisible"/></tr></table><p class="totop"><a href="#summary">back to summary</a></p>
<h3 id="m72">com.qa.testcases.LORpageTest#verifyThumbnails</h3><table class="result"><tr><th class="invisible"/></tr></table><p class="totop"><a href="#summary">back to summary</a></p>
<h3 id="m73">com.qa.testcases.LoginPageTest#InvalidLoginErrorTest</h3><table class="result"><tr><th class="invisible"/></tr></table><p class="totop"><a href="#summary">back to summary</a></p>
<h3 id="m74">com.qa.testcases.LoginPageTest#LogOutTest</h3><table class="result"><tr><th class="invisible"/></tr></table><p class="totop"><a href="#summary">back to summary</a></p>
<h3 id="m75">com.qa.testcases.LoginPageTest#LoginWithoutCredentialsErrorTest</h3><table class="result"><tr><th class="invisible"/></tr></table><p class="totop"><a href="#summary">back to summary</a></p>
<h3 id="m76">com.qa.testcases.LoginPageTest#NeedHelpRedirectTest</h3><table class="result"><tr><th class="invisible"/></tr></table><p class="totop"><a href="#summary">back to summary</a></p>
<h3 id="m77">com.qa.testcases.LoginPageTest#ValidLoginTest</h3><table class="result"><tr><th class="invisible"/></tr></table><p class="totop"><a href="#summary">back to summary</a></p>
<h3 id="m78">com.qa.testcases.ProjectUsageDashboardPageTest#verifyAssessmentWidgetListingAndMappedAssessmentCount</h3><table class="result"><tr><th class="invisible"/></tr></table><p class="totop"><a href="#summary">back to summary</a></p>
<h3 id="m79">com.qa.testcases.ProjectUsageDashboardPageTest#verifyAssetsListing</h3><table class="result"><tr><th class="invisible"/></tr></table><p class="totop"><a href="#summary">back to summary</a></p>
<h3 id="m80">com.qa.testcases.ProjectUsageDashboardPageTest#verifyTocNodeCounts</h3><table class="result"><tr><th class="invisible"/></tr></table><p class="totop"><a href="#summary">back to summary</a></p>
<h3 id="m81">com.qa.testcases.ProjectUsageDashboardPageTest#verifyWidgetListing</h3><table class="result"><tr><th class="invisible"/></tr></table><p class="totop"><a href="#summary">back to summary</a></p>
</body>
</html>
