<?xml version="1.0" encoding="UTF-8"?>
<testng-results retried="3" ignored="68" total="76" passed="5" failed="0" skipped="0">
  <reporter-output>
  </reporter-output>
  <suite started-at="2025-07-17T17:52:51 UTC" name="FROST UI Automation Suite" finished-at="2025-07-17T17:53:55 UTC" duration-ms="63757">
    <groups>
      <group name="regression">
        <method signature="LoginPageTest.InvalidLoginErrorTest()[pri:1, instance:com.qa.testcases.LoginPageTest@4566d049]" name="InvalidLoginErrorTest" class="com.qa.testcases.LoginPageTest"/>
        <method signature="LoginPageTest.LoginWithoutCredentialsErrorTest()[pri:2, instance:com.qa.testcases.LoginPageTest@4566d049]" name="LoginWithoutCredentialsErrorTest" class="com.qa.testcases.LoginPageTest"/>
        <method signature="LoginPageTest.NeedHelpRedirectTest()[pri:3, instance:com.qa.testcases.LoginPageTest@4566d049]" name="NeedHelpRedirectTest" class="com.qa.testcases.LoginPageTest"/>
      </group> <!-- regression -->
      <group name="sanity">
        <method signature="LoginPageTest.LogOutTest()[pri:5, instance:com.qa.testcases.LoginPageTest@4566d049]" name="LogOutTest" class="com.qa.testcases.LoginPageTest"/>
        <method signature="LoginPageTest.ValidLoginTest()[pri:4, instance:com.qa.testcases.LoginPageTest@4566d049]" name="ValidLoginTest" class="com.qa.testcases.LoginPageTest"/>
      </group> <!-- sanity -->
      <group name="Login">
        <method signature="LoginPageTest.InvalidLoginErrorTest()[pri:1, instance:com.qa.testcases.LoginPageTest@4566d049]" name="InvalidLoginErrorTest" class="com.qa.testcases.LoginPageTest"/>
        <method signature="LoginPageTest.LogOutTest()[pri:5, instance:com.qa.testcases.LoginPageTest@4566d049]" name="LogOutTest" class="com.qa.testcases.LoginPageTest"/>
        <method signature="LoginPageTest.LoginWithoutCredentialsErrorTest()[pri:2, instance:com.qa.testcases.LoginPageTest@4566d049]" name="LoginWithoutCredentialsErrorTest" class="com.qa.testcases.LoginPageTest"/>
        <method signature="LoginPageTest.NeedHelpRedirectTest()[pri:3, instance:com.qa.testcases.LoginPageTest@4566d049]" name="NeedHelpRedirectTest" class="com.qa.testcases.LoginPageTest"/>
        <method signature="LoginPageTest.ValidLoginTest()[pri:4, instance:com.qa.testcases.LoginPageTest@4566d049]" name="ValidLoginTest" class="com.qa.testcases.LoginPageTest"/>
      </group> <!-- Login -->
    </groups>
    <test started-at="2025-07-17T17:52:51 UTC" name="UI Test Cases" finished-at="2025-07-17T17:53:55 UTC" duration-ms="63757">
      <class name="com.qa.testcases.LoginPageTest">
        <test-method is-config="true" signature="prepareSuite(java.lang.String)[pri:0, instance:com.qa.testcases.LoginPageTest@4566d049]" started-at="2025-07-17T17:52:51 UTC" name="prepareSuite" finished-at="2025-07-17T17:52:51 UTC" duration-ms="570" status="PASS">
          <params>
            <param index="0">
              <value>
                <![CDATA[FireFox]]>
              </value>
            </param>
          </params>
          <reporter-output>
          </reporter-output>
        </test-method> <!-- prepareSuite -->
        <test-method is-config="true" signature="setUpBase(java.lang.reflect.Method,org.testng.ITestResult,java.lang.String)[pri:0, instance:com.qa.testcases.LoginPageTest@4566d049]" started-at="2025-07-17T17:52:52 UTC" name="setUpBase" finished-at="2025-07-17T17:53:14 UTC" duration-ms="22596" status="PASS">
          <params>
            <param index="0">
              <value>
                <![CDATA[public void com.qa.testcases.LoginPageTest.NeedHelpRedirectTest() throws java.lang.Exception]]>
              </value>
            </param>
            <param index="1">
              <value>
                <![CDATA[[TestResult name={null} status=CREATED method=LoginPageTest.NeedHelpRedirectTest()[pri:3, instance:com.qa.testcases.LoginPageTest@4566d049] output={null}]]]>
              </value>
            </param>
            <param index="2">
              <value>
                <![CDATA[FireFox]]>
              </value>
            </param>
          </params>
          <reporter-output>
          </reporter-output>
        </test-method> <!-- setUpBase -->
        <test-method is-config="true" signature="setUpBase(java.lang.reflect.Method,org.testng.ITestResult,java.lang.String)[pri:0, instance:com.qa.testcases.LoginPageTest@4566d049]" started-at="2025-07-17T17:52:52 UTC" name="setUpBase" finished-at="2025-07-17T17:53:14 UTC" duration-ms="22591" status="PASS">
          <params>
            <param index="0">
              <value>
                <![CDATA[public void com.qa.testcases.LoginPageTest.InvalidLoginErrorTest() throws java.lang.Exception]]>
              </value>
            </param>
            <param index="1">
              <value>
                <![CDATA[[TestResult name={null} status=CREATED method=LoginPageTest.InvalidLoginErrorTest()[pri:1, instance:com.qa.testcases.LoginPageTest@4566d049] output={null}]]]>
              </value>
            </param>
            <param index="2">
              <value>
                <![CDATA[FireFox]]>
              </value>
            </param>
          </params>
          <reporter-output>
          </reporter-output>
        </test-method> <!-- setUpBase -->
        <test-method is-config="true" signature="setUpBase(java.lang.reflect.Method,org.testng.ITestResult,java.lang.String)[pri:0, instance:com.qa.testcases.LoginPageTest@4566d049]" started-at="2025-07-17T17:52:52 UTC" name="setUpBase" finished-at="2025-07-17T17:53:14 UTC" duration-ms="22610" status="PASS">
          <params>
            <param index="0">
              <value>
                <![CDATA[public void com.qa.testcases.LoginPageTest.LoginWithoutCredentialsErrorTest() throws java.lang.Exception]]>
              </value>
            </param>
            <param index="1">
              <value>
                <![CDATA[[TestResult name={null} status=CREATED method=LoginPageTest.LoginWithoutCredentialsErrorTest()[pri:2, instance:com.qa.testcases.LoginPageTest@4566d049] output={null}]]]>
              </value>
            </param>
            <param index="2">
              <value>
                <![CDATA[FireFox]]>
              </value>
            </param>
          </params>
          <reporter-output>
          </reporter-output>
        </test-method> <!-- setUpBase -->
        <test-method is-config="true" signature="navigateToLoginPage(java.lang.reflect.Method)[pri:0, instance:com.qa.testcases.LoginPageTest@4566d049]" started-at="2025-07-17T17:53:14 UTC" name="navigateToLoginPage" finished-at="2025-07-17T17:53:14 UTC" duration-ms="47" status="PASS">
          <params>
            <param index="0">
              <value>
                <![CDATA[public void com.qa.testcases.LoginPageTest.InvalidLoginErrorTest() throws java.lang.Exception]]>
              </value>
            </param>
          </params>
          <reporter-output>
          </reporter-output>
        </test-method> <!-- navigateToLoginPage -->
        <test-method is-config="true" signature="navigateToLoginPage(java.lang.reflect.Method)[pri:0, instance:com.qa.testcases.LoginPageTest@4566d049]" started-at="2025-07-17T17:53:14 UTC" name="navigateToLoginPage" finished-at="2025-07-17T17:53:14 UTC" duration-ms="38" status="PASS">
          <params>
            <param index="0">
              <value>
                <![CDATA[public void com.qa.testcases.LoginPageTest.NeedHelpRedirectTest() throws java.lang.Exception]]>
              </value>
            </param>
          </params>
          <reporter-output>
          </reporter-output>
        </test-method> <!-- navigateToLoginPage -->
        <test-method is-config="true" signature="navigateToLoginPage(java.lang.reflect.Method)[pri:0, instance:com.qa.testcases.LoginPageTest@4566d049]" started-at="2025-07-17T17:53:14 UTC" name="navigateToLoginPage" finished-at="2025-07-17T17:53:14 UTC" duration-ms="22" status="PASS">
          <params>
            <param index="0">
              <value>
                <![CDATA[public void com.qa.testcases.LoginPageTest.LoginWithoutCredentialsErrorTest() throws java.lang.Exception]]>
              </value>
            </param>
          </params>
          <reporter-output>
          </reporter-output>
        </test-method> <!-- navigateToLoginPage -->
        <test-method retried="true" signature="LoginWithoutCredentialsErrorTest()[pri:2, instance:com.qa.testcases.LoginPageTest@4566d049]" started-at="2025-07-17T17:53:14 UTC" name="LoginWithoutCredentialsErrorTest" finished-at="2025-07-17T17:53:35 UTC" duration-ms="20918" status="SKIP">
          <exception class="java.lang.AssertionError">
            <message>
              <![CDATA[expected [All fields are required.] but found []]]>
            </message>
            <full-stacktrace>
              <![CDATA[java.lang.AssertionError: expected [All fields are required.] but found []
at org.testng.Assert.fail(Assert.java:99)
at org.testng.Assert.failNotEquals(Assert.java:1037)
at org.testng.Assert.assertEqualsImpl(Assert.java:140)
at org.testng.Assert.assertEquals(Assert.java:122)
at org.testng.Assert.assertEquals(Assert.java:629)
at org.testng.Assert.assertEquals(Assert.java:639)
at org.testng.asserts.Assertion$11.doAssert(Assertion.java:186)
at org.testng.asserts.Assertion.executeAssert(Assertion.java:25)
at org.testng.asserts.Assertion.doAssert(Assertion.java:12)
at org.testng.asserts.Assertion.assertEquals(Assertion.java:182)
at com.qa.testcases.LoginPageTest.LoginWithoutCredentialsErrorTest(LoginPageTest.java:50)
at java.base/jdk.internal.reflect.NativeMethodAccessorImpl.invoke0(Native Method)
at java.base/jdk.internal.reflect.NativeMethodAccessorImpl.invoke(NativeMethodAccessorImpl.java:62)
at java.base/jdk.internal.reflect.DelegatingMethodAccessorImpl.invoke(DelegatingMethodAccessorImpl.java:43)
at java.base/java.lang.reflect.Method.invoke(Method.java:566)
at org.testng.internal.MethodInvocationHelper.invokeMethod(MethodInvocationHelper.java:133)
at org.testng.internal.TestInvoker.invokeMethod(TestInvoker.java:598)
at org.testng.internal.TestInvoker.invokeTestMethod(TestInvoker.java:173)
at org.testng.internal.MethodRunner.runInSequence(MethodRunner.java:46)
at org.testng.internal.TestInvoker$MethodInvocationAgent.invoke(TestInvoker.java:824)
at org.testng.internal.TestInvoker.invokeTestMethods(TestInvoker.java:146)
at org.testng.internal.TestMethodWorker.invokeTestMethods(TestMethodWorker.java:146)
at org.testng.internal.TestMethodWorker.run(TestMethodWorker.java:128)
at java.base/java.util.concurrent.ThreadPoolExecutor.runWorker(ThreadPoolExecutor.java:1128)
at java.base/java.util.concurrent.ThreadPoolExecutor$Worker.run(ThreadPoolExecutor.java:628)
at java.base/java.lang.Thread.run(Thread.java:829)
]]>
            </full-stacktrace>
          </exception> <!-- java.lang.AssertionError -->
          <reporter-output>
          </reporter-output>
        </test-method> <!-- LoginWithoutCredentialsErrorTest -->
        <test-method retried="true" signature="NeedHelpRedirectTest()[pri:3, instance:com.qa.testcases.LoginPageTest@4566d049]" started-at="2025-07-17T17:53:14 UTC" name="NeedHelpRedirectTest" finished-at="2025-07-17T17:53:35 UTC" duration-ms="20857" status="SKIP">
          <exception class="java.lang.AssertionError">
            <message>
              <![CDATA[expected [Forgot Password] but found []]]>
            </message>
            <full-stacktrace>
              <![CDATA[java.lang.AssertionError: expected [Forgot Password] but found []
at org.testng.Assert.fail(Assert.java:99)
at org.testng.Assert.failNotEquals(Assert.java:1037)
at org.testng.Assert.assertEqualsImpl(Assert.java:140)
at org.testng.Assert.assertEquals(Assert.java:122)
at org.testng.Assert.assertEquals(Assert.java:629)
at org.testng.Assert.assertEquals(Assert.java:639)
at org.testng.asserts.Assertion$11.doAssert(Assertion.java:186)
at org.testng.asserts.Assertion.executeAssert(Assertion.java:25)
at org.testng.asserts.Assertion.doAssert(Assertion.java:12)
at org.testng.asserts.Assertion.assertEquals(Assertion.java:182)
at com.qa.testcases.LoginPageTest.NeedHelpRedirectTest(LoginPageTest.java:58)
at java.base/jdk.internal.reflect.NativeMethodAccessorImpl.invoke0(Native Method)
at java.base/jdk.internal.reflect.NativeMethodAccessorImpl.invoke(NativeMethodAccessorImpl.java:62)
at java.base/jdk.internal.reflect.DelegatingMethodAccessorImpl.invoke(DelegatingMethodAccessorImpl.java:43)
at java.base/java.lang.reflect.Method.invoke(Method.java:566)
at org.testng.internal.MethodInvocationHelper.invokeMethod(MethodInvocationHelper.java:133)
at org.testng.internal.TestInvoker.invokeMethod(TestInvoker.java:598)
at org.testng.internal.TestInvoker.invokeTestMethod(TestInvoker.java:173)
at org.testng.internal.MethodRunner.runInSequence(MethodRunner.java:46)
at org.testng.internal.TestInvoker$MethodInvocationAgent.invoke(TestInvoker.java:824)
at org.testng.internal.TestInvoker.invokeTestMethods(TestInvoker.java:146)
at org.testng.internal.TestMethodWorker.invokeTestMethods(TestMethodWorker.java:146)
at org.testng.internal.TestMethodWorker.run(TestMethodWorker.java:128)
at java.base/java.util.concurrent.ThreadPoolExecutor.runWorker(ThreadPoolExecutor.java:1128)
at java.base/java.util.concurrent.ThreadPoolExecutor$Worker.run(ThreadPoolExecutor.java:628)
at java.base/java.lang.Thread.run(Thread.java:829)
]]>
            </full-stacktrace>
          </exception> <!-- java.lang.AssertionError -->
          <reporter-output>
          </reporter-output>
        </test-method> <!-- NeedHelpRedirectTest -->
        <test-method retried="true" signature="InvalidLoginErrorTest()[pri:1, instance:com.qa.testcases.LoginPageTest@4566d049]" started-at="2025-07-17T17:53:14 UTC" name="InvalidLoginErrorTest" finished-at="2025-07-17T17:53:35 UTC" duration-ms="20917" status="SKIP">
          <exception class="java.lang.Exception">
            <message>
              <![CDATA[Element Proxy element for: DefaultElementLocator 'By.xpath: //button[normalize-space()='Login']' is not clickable because: java.lang.Exception: Not able to find element ' Proxy element for: DefaultElementLocator 'By.xpath: //button[normalize-space()='Login']' '. Reason: org.openqa.selenium.NoSuchElementException: Unable to locate element: //button[normalize-space()='Login']
For documentation on this error, please visit: https://www.selenium.dev/documentation/webdriver/troubleshooting/errors#no-such-element-exception
Build info: version: '4.25.0', revision: '8a8aea2337'
System info: os.name: 'Linux', os.arch: 'amd64', os.version: '6.11.0-1018-azure', java.version: '11.0.27'
Driver info: org.openqa.selenium.firefox.FirefoxDriver
Command: [99f03df0-b3d6-40d3-a999-b4b9a512fc3c, findElement {value=//button[normalize-space()='Login'], using=xpath}]
Capabilities {acceptInsecureCerts: true, browserName: firefox, browserVersion: 140.0.4, moz:accessibilityChecks: false, moz:buildID: 20250707120347, moz:debuggerAddress: 127.0.0.1:1025, moz:geckodriverVersion: 0.36.0, moz:headless: true, moz:platformVersion: 6.11.0-1018-azure, moz:processID: 2731, moz:profile: /tmp/rust_mozprofileQexGXI, moz:shutdownTimeout: 60000, moz:webdriverClick: false, moz:windowless: false, pageLoadStrategy: normal, platformName: linux, proxy: Proxy(), se:cdp: ws://127.0.0.1:1025/devtool..., se:cdpVersion: 85.0, setWindowRect: true, strictFileInteractability: false, timeouts: {implicit: 0, pageLoad: 300000, script: 30000}, unhandledPromptBehavior: dismiss and notify, userAgent: Mozilla/5.0 (X11; Linux x86...}
Session ID: 99f03df0-b3d6-40d3-a999-b4b9a512fc3c]]>
            </message>
            <full-stacktrace>
              <![CDATA[java.lang.Exception: Element Proxy element for: DefaultElementLocator 'By.xpath: //button[normalize-space()='Login']' is not clickable because: java.lang.Exception: Not able to find element ' Proxy element for: DefaultElementLocator 'By.xpath: //button[normalize-space()='Login']' '. Reason: org.openqa.selenium.NoSuchElementException: Unable to locate element: //button[normalize-space()='Login']
For documentation on this error, please visit: https://www.selenium.dev/documentation/webdriver/troubleshooting/errors#no-such-element-exception
Build info: version: '4.25.0', revision: '8a8aea2337'
System info: os.name: 'Linux', os.arch: 'amd64', os.version: '6.11.0-1018-azure', java.version: '11.0.27'
Driver info: org.openqa.selenium.firefox.FirefoxDriver
Command: [99f03df0-b3d6-40d3-a999-b4b9a512fc3c, findElement {value=//button[normalize-space()='Login'], using=xpath}]
Capabilities {acceptInsecureCerts: true, browserName: firefox, browserVersion: 140.0.4, moz:accessibilityChecks: false, moz:buildID: 20250707120347, moz:debuggerAddress: 127.0.0.1:1025, moz:geckodriverVersion: 0.36.0, moz:headless: true, moz:platformVersion: 6.11.0-1018-azure, moz:processID: 2731, moz:profile: /tmp/rust_mozprofileQexGXI, moz:shutdownTimeout: 60000, moz:webdriverClick: false, moz:windowless: false, pageLoadStrategy: normal, platformName: linux, proxy: Proxy(), se:cdp: ws://127.0.0.1:1025/devtool..., se:cdpVersion: 85.0, setWindowRect: true, strictFileInteractability: false, timeouts: {implicit: 0, pageLoad: 300000, script: 30000}, unhandledPromptBehavior: dismiss and notify, userAgent: Mozilla/5.0 (X11; Linux x86...}
Session ID: 99f03df0-b3d6-40d3-a999-b4b9a512fc3c
at com.qa.util.DriverActions.click(DriverActions.java:105)
at com.qa.pages.LoginPage.clickLogin(LoginPage.java:56)
at com.qa.pages.LoginPage.InvalidLogin(LoginPage.java:46)
at com.qa.testcases.LoginPageTest.InvalidLoginErrorTest(LoginPageTest.java:38)
at java.base/jdk.internal.reflect.NativeMethodAccessorImpl.invoke0(Native Method)
at java.base/jdk.internal.reflect.NativeMethodAccessorImpl.invoke(NativeMethodAccessorImpl.java:62)
at java.base/jdk.internal.reflect.DelegatingMethodAccessorImpl.invoke(DelegatingMethodAccessorImpl.java:43)
at java.base/java.lang.reflect.Method.invoke(Method.java:566)
at org.testng.internal.MethodInvocationHelper.invokeMethod(MethodInvocationHelper.java:133)
at org.testng.internal.TestInvoker.invokeMethod(TestInvoker.java:598)
at org.testng.internal.TestInvoker.invokeTestMethod(TestInvoker.java:173)
at org.testng.internal.MethodRunner.runInSequence(MethodRunner.java:46)
at org.testng.internal.TestInvoker$MethodInvocationAgent.invoke(TestInvoker.java:824)
at org.testng.internal.TestInvoker.invokeTestMethods(TestInvoker.java:146)
at org.testng.internal.TestMethodWorker.invokeTestMethods(TestMethodWorker.java:146)
at org.testng.internal.TestMethodWorker.run(TestMethodWorker.java:128)
at java.base/java.util.concurrent.ThreadPoolExecutor.runWorker(ThreadPoolExecutor.java:1128)
at java.base/java.util.concurrent.ThreadPoolExecutor$Worker.run(ThreadPoolExecutor.java:628)
at java.base/java.lang.Thread.run(Thread.java:829)
]]>
            </full-stacktrace>
          </exception> <!-- java.lang.Exception -->
          <reporter-output>
          </reporter-output>
        </test-method> <!-- InvalidLoginErrorTest -->
        <test-method is-config="true" signature="tearDown()[pri:0, instance:com.qa.testcases.LoginPageTest@4566d049]" started-at="2025-07-17T17:53:35 UTC" name="tearDown" finished-at="2025-07-17T17:53:36 UTC" duration-ms="1185" status="PASS">
          <reporter-output>
          </reporter-output>
        </test-method> <!-- tearDown -->
        <test-method is-config="true" signature="tearDown()[pri:0, instance:com.qa.testcases.LoginPageTest@4566d049]" started-at="2025-07-17T17:53:35 UTC" name="tearDown" finished-at="2025-07-17T17:53:36 UTC" duration-ms="1086" status="PASS">
          <reporter-output>
          </reporter-output>
        </test-method> <!-- tearDown -->
        <test-method is-config="true" signature="tearDown()[pri:0, instance:com.qa.testcases.LoginPageTest@4566d049]" started-at="2025-07-17T17:53:35 UTC" name="tearDown" finished-at="2025-07-17T17:53:36 UTC" duration-ms="1045" status="PASS">
          <reporter-output>
          </reporter-output>
        </test-method> <!-- tearDown -->
        <test-method is-config="true" signature="setUpBase(java.lang.reflect.Method,org.testng.ITestResult,java.lang.String)[pri:0, instance:com.qa.testcases.LoginPageTest@4566d049]" started-at="2025-07-17T17:53:36 UTC" name="setUpBase" finished-at="2025-07-17T17:53:42 UTC" duration-ms="5535" status="PASS">
          <params>
            <param index="0">
              <value>
                <![CDATA[public void com.qa.testcases.LoginPageTest.InvalidLoginErrorTest() throws java.lang.Exception]]>
              </value>
            </param>
            <param index="1">
              <value>
                <![CDATA[[TestResult name={null} status=CREATED method=LoginPageTest.InvalidLoginErrorTest()[pri:1, instance:com.qa.testcases.LoginPageTest@4566d049] output={null}]]]>
              </value>
            </param>
            <param index="2">
              <value>
                <![CDATA[FireFox]]>
              </value>
            </param>
          </params>
          <reporter-output>
          </reporter-output>
        </test-method> <!-- setUpBase -->
        <test-method is-config="true" signature="setUpBase(java.lang.reflect.Method,org.testng.ITestResult,java.lang.String)[pri:0, instance:com.qa.testcases.LoginPageTest@4566d049]" started-at="2025-07-17T17:53:36 UTC" name="setUpBase" finished-at="2025-07-17T17:53:43 UTC" duration-ms="6301" status="PASS">
          <params>
            <param index="0">
              <value>
                <![CDATA[public void com.qa.testcases.LoginPageTest.LoginWithoutCredentialsErrorTest() throws java.lang.Exception]]>
              </value>
            </param>
            <param index="1">
              <value>
                <![CDATA[[TestResult name={null} status=CREATED method=LoginPageTest.LoginWithoutCredentialsErrorTest()[pri:2, instance:com.qa.testcases.LoginPageTest@4566d049] output={null}]]]>
              </value>
            </param>
            <param index="2">
              <value>
                <![CDATA[FireFox]]>
              </value>
            </param>
          </params>
          <reporter-output>
          </reporter-output>
        </test-method> <!-- setUpBase -->
        <test-method is-config="true" signature="setUpBase(java.lang.reflect.Method,org.testng.ITestResult,java.lang.String)[pri:0, instance:com.qa.testcases.LoginPageTest@4566d049]" started-at="2025-07-17T17:53:36 UTC" name="setUpBase" finished-at="2025-07-17T17:53:43 UTC" duration-ms="7084" status="PASS">
          <params>
            <param index="0">
              <value>
                <![CDATA[public void com.qa.testcases.LoginPageTest.NeedHelpRedirectTest() throws java.lang.Exception]]>
              </value>
            </param>
            <param index="1">
              <value>
                <![CDATA[[TestResult name={null} status=CREATED method=LoginPageTest.NeedHelpRedirectTest()[pri:3, instance:com.qa.testcases.LoginPageTest@4566d049] output={null}]]]>
              </value>
            </param>
            <param index="2">
              <value>
                <![CDATA[FireFox]]>
              </value>
            </param>
          </params>
          <reporter-output>
          </reporter-output>
        </test-method> <!-- setUpBase -->
        <test-method is-config="true" signature="navigateToLoginPage(java.lang.reflect.Method)[pri:0, instance:com.qa.testcases.LoginPageTest@4566d049]" started-at="2025-07-17T17:53:42 UTC" name="navigateToLoginPage" finished-at="2025-07-17T17:53:42 UTC" duration-ms="4" status="PASS">
          <params>
            <param index="0">
              <value>
                <![CDATA[public void com.qa.testcases.LoginPageTest.InvalidLoginErrorTest() throws java.lang.Exception]]>
              </value>
            </param>
          </params>
          <reporter-output>
          </reporter-output>
        </test-method> <!-- navigateToLoginPage -->
        <test-method signature="InvalidLoginErrorTest()[pri:1, instance:com.qa.testcases.LoginPageTest@4566d049]" started-at="2025-07-17T17:53:42 UTC" name="InvalidLoginErrorTest" finished-at="2025-07-17T17:53:44 UTC" duration-ms="2194" status="PASS">
          <reporter-output>
          </reporter-output>
        </test-method> <!-- InvalidLoginErrorTest -->
        <test-method is-config="true" signature="navigateToLoginPage(java.lang.reflect.Method)[pri:0, instance:com.qa.testcases.LoginPageTest@4566d049]" started-at="2025-07-17T17:53:43 UTC" name="navigateToLoginPage" finished-at="2025-07-17T17:53:43 UTC" duration-ms="4" status="PASS">
          <params>
            <param index="0">
              <value>
                <![CDATA[public void com.qa.testcases.LoginPageTest.LoginWithoutCredentialsErrorTest() throws java.lang.Exception]]>
              </value>
            </param>
          </params>
          <reporter-output>
          </reporter-output>
        </test-method> <!-- navigateToLoginPage -->
        <test-method signature="LoginWithoutCredentialsErrorTest()[pri:2, instance:com.qa.testcases.LoginPageTest@4566d049]" started-at="2025-07-17T17:53:43 UTC" name="LoginWithoutCredentialsErrorTest" finished-at="2025-07-17T17:53:43 UTC" duration-ms="628" status="PASS">
          <reporter-output>
          </reporter-output>
        </test-method> <!-- LoginWithoutCredentialsErrorTest -->
        <test-method is-config="true" signature="tearDown()[pri:0, instance:com.qa.testcases.LoginPageTest@4566d049]" started-at="2025-07-17T17:53:43 UTC" name="tearDown" finished-at="2025-07-17T17:53:44 UTC" duration-ms="948" status="PASS">
          <reporter-output>
          </reporter-output>
        </test-method> <!-- tearDown -->
        <test-method is-config="true" signature="navigateToLoginPage(java.lang.reflect.Method)[pri:0, instance:com.qa.testcases.LoginPageTest@4566d049]" started-at="2025-07-17T17:53:43 UTC" name="navigateToLoginPage" finished-at="2025-07-17T17:53:43 UTC" duration-ms="1" status="PASS">
          <params>
            <param index="0">
              <value>
                <![CDATA[public void com.qa.testcases.LoginPageTest.NeedHelpRedirectTest() throws java.lang.Exception]]>
              </value>
            </param>
          </params>
          <reporter-output>
          </reporter-output>
        </test-method> <!-- navigateToLoginPage -->
        <test-method signature="NeedHelpRedirectTest()[pri:3, instance:com.qa.testcases.LoginPageTest@4566d049]" started-at="2025-07-17T17:53:43 UTC" name="NeedHelpRedirectTest" finished-at="2025-07-17T17:53:44 UTC" duration-ms="398" status="PASS">
          <reporter-output>
          </reporter-output>
        </test-method> <!-- NeedHelpRedirectTest -->
        <test-method is-config="true" signature="tearDown()[pri:0, instance:com.qa.testcases.LoginPageTest@4566d049]" started-at="2025-07-17T17:53:44 UTC" name="tearDown" finished-at="2025-07-17T17:53:45 UTC" duration-ms="990" status="PASS">
          <reporter-output>
          </reporter-output>
        </test-method> <!-- tearDown -->
        <test-method is-config="true" signature="tearDown()[pri:0, instance:com.qa.testcases.LoginPageTest@4566d049]" started-at="2025-07-17T17:53:44 UTC" name="tearDown" finished-at="2025-07-17T17:53:45 UTC" duration-ms="965" status="PASS">
          <reporter-output>
          </reporter-output>
        </test-method> <!-- tearDown -->
        <test-method is-config="true" signature="setUpBase(java.lang.reflect.Method,org.testng.ITestResult,java.lang.String)[pri:0, instance:com.qa.testcases.LoginPageTest@4566d049]" started-at="2025-07-17T17:53:44 UTC" name="setUpBase" finished-at="2025-07-17T17:53:48 UTC" duration-ms="3816" status="PASS">
          <params>
            <param index="0">
              <value>
                <![CDATA[public void com.qa.testcases.LoginPageTest.ValidLoginTest() throws java.lang.Exception]]>
              </value>
            </param>
            <param index="1">
              <value>
                <![CDATA[[TestResult name={null} status=CREATED method=LoginPageTest.ValidLoginTest()[pri:4, instance:com.qa.testcases.LoginPageTest@4566d049] output={null}]]]>
              </value>
            </param>
            <param index="2">
              <value>
                <![CDATA[FireFox]]>
              </value>
            </param>
          </params>
          <reporter-output>
          </reporter-output>
        </test-method> <!-- setUpBase -->
        <test-method is-config="true" signature="setUpBase(java.lang.reflect.Method,org.testng.ITestResult,java.lang.String)[pri:0, instance:com.qa.testcases.LoginPageTest@4566d049]" started-at="2025-07-17T17:53:45 UTC" name="setUpBase" finished-at="2025-07-17T17:53:49 UTC" duration-ms="4179" status="PASS">
          <params>
            <param index="0">
              <value>
                <![CDATA[public void com.qa.testcases.LoginPageTest.LogOutTest() throws java.lang.Exception]]>
              </value>
            </param>
            <param index="1">
              <value>
                <![CDATA[[TestResult name={null} status=CREATED method=LoginPageTest.LogOutTest()[pri:5, instance:com.qa.testcases.LoginPageTest@4566d049] output={null}]]]>
              </value>
            </param>
            <param index="2">
              <value>
                <![CDATA[FireFox]]>
              </value>
            </param>
          </params>
          <reporter-output>
          </reporter-output>
        </test-method> <!-- setUpBase -->
        <test-method is-config="true" signature="navigateToLoginPage(java.lang.reflect.Method)[pri:0, instance:com.qa.testcases.LoginPageTest@4566d049]" started-at="2025-07-17T17:53:48 UTC" name="navigateToLoginPage" finished-at="2025-07-17T17:53:48 UTC" duration-ms="1" status="PASS">
          <params>
            <param index="0">
              <value>
                <![CDATA[public void com.qa.testcases.LoginPageTest.ValidLoginTest() throws java.lang.Exception]]>
              </value>
            </param>
          </params>
          <reporter-output>
          </reporter-output>
        </test-method> <!-- navigateToLoginPage -->
        <test-method signature="ValidLoginTest()[pri:4, instance:com.qa.testcases.LoginPageTest@4566d049]" started-at="2025-07-17T17:53:48 UTC" name="ValidLoginTest" finished-at="2025-07-17T17:53:52 UTC" duration-ms="4315" status="PASS">
          <reporter-output>
          </reporter-output>
        </test-method> <!-- ValidLoginTest -->
        <test-method is-config="true" signature="navigateToLoginPage(java.lang.reflect.Method)[pri:0, instance:com.qa.testcases.LoginPageTest@4566d049]" started-at="2025-07-17T17:53:49 UTC" name="navigateToLoginPage" finished-at="2025-07-17T17:53:49 UTC" duration-ms="1" status="PASS">
          <params>
            <param index="0">
              <value>
                <![CDATA[public void com.qa.testcases.LoginPageTest.LogOutTest() throws java.lang.Exception]]>
              </value>
            </param>
          </params>
          <reporter-output>
          </reporter-output>
        </test-method> <!-- navigateToLoginPage -->
        <test-method signature="LogOutTest()[pri:5, instance:com.qa.testcases.LoginPageTest@4566d049]" started-at="2025-07-17T17:53:49 UTC" name="LogOutTest" finished-at="2025-07-17T17:53:55 UTC" duration-ms="5509" status="PASS">
          <reporter-output>
          </reporter-output>
        </test-method> <!-- LogOutTest -->
        <test-method is-config="true" signature="tearDown()[pri:0, instance:com.qa.testcases.LoginPageTest@4566d049]" started-at="2025-07-17T17:53:52 UTC" name="tearDown" finished-at="2025-07-17T17:53:53 UTC" duration-ms="700" status="PASS">
          <reporter-output>
          </reporter-output>
        </test-method> <!-- tearDown -->
        <test-method is-config="true" signature="tearDown()[pri:0, instance:com.qa.testcases.LoginPageTest@4566d049]" started-at="2025-07-17T17:53:55 UTC" name="tearDown" finished-at="2025-07-17T17:53:55 UTC" duration-ms="680" status="PASS">
          <reporter-output>
          </reporter-output>
        </test-method> <!-- tearDown -->
      </class> <!-- com.qa.testcases.LoginPageTest -->
    </test> <!-- UI Test Cases -->
  </suite> <!-- FROST UI Automation Suite -->
</testng-results>
